[0.013s] Invoking command in '/home/robert_kaiyuan/week2practice/build/subp3d_pubtf': CMAKE_PREFIX_PATH=${CMAKE_PREFIX_PATH}:/opt/ros/humble /usr/bin/cmake --build /home/robert_kaiyuan/week2practice/build/subp3d_pubtf -- -j16 -l16
[0.070s] [ 50%] [32mBuilding CXX object CMakeFiles/tf_publisher.dir/src/tf_publisher.cpp.o[0m
[7.253s] [100%] [32m[1mLinking CXX executable tf_publisher[0m
[7.890s] [100%] Built target tf_publisher
[7.914s] Invoked command in '/home/robert_kaiyuan/week2practice/build/subp3d_pubtf' returned '0': CMAKE_PREFIX_PATH=${CMAKE_PREFIX_PATH}:/opt/ros/humble /usr/bin/cmake --build /home/robert_kaiyuan/week2practice/build/subp3d_pubtf -- -j16 -l16
[7.917s] Invoking command in '/home/robert_kaiyuan/week2practice/build/subp3d_pubtf': CMAKE_PREFIX_PATH=${CMAKE_PREFIX_PATH}:/opt/ros/humble /usr/bin/cmake --install /home/robert_kaiyuan/week2practice/build/subp3d_pubtf
[7.922s] -- Install configuration: ""
[7.922s] -- Installing: /home/robert_kaiyuan/week2practice/install/subp3d_pubtf/lib/subp3d_pubtf/tf_publisher
[7.926s] -- Set runtime path of "/home/robert_kaiyuan/week2practice/install/subp3d_pubtf/lib/subp3d_pubtf/tf_publisher" to ""
[7.926s] -- Up-to-date: /home/robert_kaiyuan/week2practice/install/subp3d_pubtf/share/ament_index/resource_index/package_run_dependencies/subp3d_pubtf
[7.927s] -- Up-to-date: /home/robert_kaiyuan/week2practice/install/subp3d_pubtf/share/ament_index/resource_index/parent_prefix_path/subp3d_pubtf
[7.927s] -- Up-to-date: /home/robert_kaiyuan/week2practice/install/subp3d_pubtf/share/subp3d_pubtf/environment/ament_prefix_path.sh
[7.927s] -- Up-to-date: /home/robert_kaiyuan/week2practice/install/subp3d_pubtf/share/subp3d_pubtf/environment/ament_prefix_path.dsv
[7.927s] -- Up-to-date: /home/robert_kaiyuan/week2practice/install/subp3d_pubtf/share/subp3d_pubtf/environment/path.sh
[7.927s] -- Up-to-date: /home/robert_kaiyuan/week2practice/install/subp3d_pubtf/share/subp3d_pubtf/environment/path.dsv
[7.927s] -- Up-to-date: /home/robert_kaiyuan/week2practice/install/subp3d_pubtf/share/subp3d_pubtf/local_setup.bash
[7.927s] -- Up-to-date: /home/robert_kaiyuan/week2practice/install/subp3d_pubtf/share/subp3d_pubtf/local_setup.sh
[7.928s] -- Up-to-date: /home/robert_kaiyuan/week2practice/install/subp3d_pubtf/share/subp3d_pubtf/local_setup.zsh
[7.928s] -- Up-to-date: /home/robert_kaiyuan/week2practice/install/subp3d_pubtf/share/subp3d_pubtf/local_setup.dsv
[7.928s] -- Installing: /home/robert_kaiyuan/week2practice/install/subp3d_pubtf/share/subp3d_pubtf/package.dsv
[7.929s] -- Up-to-date: /home/robert_kaiyuan/week2practice/install/subp3d_pubtf/share/ament_index/resource_index/packages/subp3d_pubtf
[7.929s] -- Up-to-date: /home/robert_kaiyuan/week2practice/install/subp3d_pubtf/share/subp3d_pubtf/cmake/subp3d_pubtfConfig.cmake
[7.929s] -- Up-to-date: /home/robert_kaiyuan/week2practice/install/subp3d_pubtf/share/subp3d_pubtf/cmake/subp3d_pubtfConfig-version.cmake
[7.929s] -- Up-to-date: /home/robert_kaiyuan/week2practice/install/subp3d_pubtf/share/subp3d_pubtf/package.xml
[7.931s] Invoked command in '/home/robert_kaiyuan/week2practice/build/subp3d_pubtf' returned '0': CMAKE_PREFIX_PATH=${CMAKE_PREFIX_PATH}:/opt/ros/humble /usr/bin/cmake --install /home/robert_kaiyuan/week2practice/build/subp3d_pubtf
