[35m[1mConsolidate compiler generated dependencies of target local_costmap[0m
[ 50%] [32mBuilding CXX object CMakeFiles/local_costmap.dir/src/local_costmap.cpp.o[0m
[01m[K/home/robert_kaiyuan/week2practice/src/local_costmap/src/local_costmap.cpp:[m[K In member function ‘[01m[Kvoid LocalCostmap::topic_callback_laser(sensor_msgs::msg::LaserScan_<std::allocator<void> >::SharedPtr)[m[K’:
[01m[K/home/robert_kaiyuan/week2practice/src/local_costmap/src/local_costmap.cpp:216:71:[m[K [01;35m[Kwarning: [m[Kcomparison of integer expressions of different signedness: ‘[01m[Kint[m[K’ and ‘[01m[Knav_msgs::msg::MapMetaData_<std::allocator<void> >::_width_type[m[K’ {aka ‘[01m[Kunsigned int[m[K’} [[01;35m[K]8;;https://gcc.gnu.org/onlinedocs/gcc/Warning-Options.html#index-Wsign-compare-Wsign-compare]8;;[m[K]
  216 |                     if(global_index<map_width*map_height&&[01;35m[Klocal_index < costmap.info.width * costmap.info.height[m[K)
      |                                                           [01;35m[K~~~~~~~~~~~~^~~~~~~~~~~~~~~~~~~~~~~~~~~~~~~~~~~~~~~~~~[m[K
[100%] [32m[1mLinking CXX executable local_costmap[0m
[100%] Built target local_costmap
-- Install configuration: ""
-- Installing: /home/robert_kaiyuan/week2practice/install/local_costmap/lib/local_costmap/local_costmap
-- Set runtime path of "/home/robert_kaiyuan/week2practice/install/local_costmap/lib/local_costmap/local_costmap" to ""
-- Up-to-date: /home/robert_kaiyuan/week2practice/install/local_costmap/share/local_costmap
-- Up-to-date: /home/robert_kaiyuan/week2practice/install/local_costmap/share/ament_index/resource_index/package_run_dependencies/local_costmap
-- Up-to-date: /home/robert_kaiyuan/week2practice/install/local_costmap/share/ament_index/resource_index/parent_prefix_path/local_costmap
-- Up-to-date: /home/robert_kaiyuan/week2practice/install/local_costmap/share/local_costmap/environment/ament_prefix_path.sh
-- Up-to-date: /home/robert_kaiyuan/week2practice/install/local_costmap/share/local_costmap/environment/ament_prefix_path.dsv
-- Up-to-date: /home/robert_kaiyuan/week2practice/install/local_costmap/share/local_costmap/environment/path.sh
-- Up-to-date: /home/robert_kaiyuan/week2practice/install/local_costmap/share/local_costmap/environment/path.dsv
-- Up-to-date: /home/robert_kaiyuan/week2practice/install/local_costmap/share/local_costmap/local_setup.bash
-- Up-to-date: /home/robert_kaiyuan/week2practice/install/local_costmap/share/local_costmap/local_setup.sh
-- Up-to-date: /home/robert_kaiyuan/week2practice/install/local_costmap/share/local_costmap/local_setup.zsh
-- Up-to-date: /home/robert_kaiyuan/week2practice/install/local_costmap/share/local_costmap/local_setup.dsv
-- Installing: /home/robert_kaiyuan/week2practice/install/local_costmap/share/local_costmap/package.dsv
-- Up-to-date: /home/robert_kaiyuan/week2practice/install/local_costmap/share/ament_index/resource_index/packages/local_costmap
-- Up-to-date: /home/robert_kaiyuan/week2practice/install/local_costmap/share/local_costmap/cmake/local_costmapConfig.cmake
-- Up-to-date: /home/robert_kaiyuan/week2practice/install/local_costmap/share/local_costmap/cmake/local_costmapConfig-version.cmake
-- Up-to-date: /home/robert_kaiyuan/week2practice/install/local_costmap/share/local_costmap/package.xml
