[0.308s] DEBUG:colcon:Command line arguments: ['/usr/bin/colcon', 'build']
[0.308s] DEBUG:colcon:Parsed command line arguments: Namespace(log_base=None, log_level=None, verb_name='build', build_base='build', install_base='install', merge_install=False, symlink_install=False, test_result_base=None, continue_on_error=False, executor='parallel', parallel_workers=16, event_handlers=None, ignore_user_meta=False, metas=['./colcon.meta'], base_paths=['.'], packages_ignore=None, packages_ignore_regex=None, paths=None, packages_up_to=None, packages_up_to_regex=None, packages_above=None, packages_above_and_dependencies=None, packages_above_depth=None, packages_select_by_dep=None, packages_skip_by_dep=None, packages_skip_up_to=None, packages_select_build_failed=False, packages_skip_build_finished=False, packages_select_test_failures=False, packages_skip_test_passed=False, packages_select=None, packages_skip=None, packages_select_regex=None, packages_skip_regex=None, packages_start=None, packages_end=None, allow_overriding=[], cmake_args=None, cmake_target=None, cmake_target_skip_unavailable=False, cmake_clean_cache=False, cmake_clean_first=False, cmake_force_configure=False, ament_cmake_args=None, catkin_cmake_args=None, catkin_skip_building_tests=False, mixin_files=None, mixin=None, verb_parser=<colcon_mixin.mixin.mixin_argument.MixinArgumentDecorator object at 0x7f47118c1210>, verb_extension=<colcon_core.verb.build.BuildVerb object at 0x7f4711a56110>, main=<bound method BuildVerb.main of <colcon_core.verb.build.BuildVerb object at 0x7f4711a56110>>, mixin_verb=('build',))
[0.480s] Level 1:colcon.colcon_core.package_discovery:discover_packages(colcon_meta) check parameters
[0.480s] Level 1:colcon.colcon_core.package_discovery:discover_packages(recursive) check parameters
[0.480s] Level 1:colcon.colcon_core.package_discovery:discover_packages(ignore) check parameters
[0.480s] Level 1:colcon.colcon_core.package_discovery:discover_packages(path) check parameters
[0.480s] Level 1:colcon.colcon_core.package_discovery:discover_packages(colcon_meta) discover
[0.480s] Level 1:colcon.colcon_core.package_discovery:discover_packages(recursive) discover
[0.480s] INFO:colcon.colcon_core.package_discovery:Crawling recursively for packages in '/home/robert_kaiyuan/week2practice'
[0.481s] Level 1:colcon.colcon_core.package_identification:_identify(.) by extensions ['ignore', 'ignore_ament_install']
[0.481s] Level 1:colcon.colcon_core.package_identification:_identify(.) by extension 'ignore'
[0.481s] Level 1:colcon.colcon_core.package_identification:_identify(.) by extension 'ignore_ament_install'
[0.481s] Level 1:colcon.colcon_core.package_identification:_identify(.) by extensions ['colcon_pkg']
[0.481s] Level 1:colcon.colcon_core.package_identification:_identify(.) by extension 'colcon_pkg'
[0.481s] Level 1:colcon.colcon_core.package_identification:_identify(.) by extensions ['colcon_meta']
[0.481s] Level 1:colcon.colcon_core.package_identification:_identify(.) by extension 'colcon_meta'
[0.481s] Level 1:colcon.colcon_core.package_identification:_identify(.) by extensions ['ros']
[0.481s] Level 1:colcon.colcon_core.package_identification:_identify(.) by extension 'ros'
[0.489s] Level 1:colcon.colcon_core.package_identification:_identify(.) by extensions ['cmake', 'python']
[0.490s] Level 1:colcon.colcon_core.package_identification:_identify(.) by extension 'cmake'
[0.490s] Level 1:colcon.colcon_core.package_identification:_identify(.) by extension 'python'
[0.490s] Level 1:colcon.colcon_core.package_identification:_identify(.) by extensions ['python_setup_py']
[0.490s] Level 1:colcon.colcon_core.package_identification:_identify(.) by extension 'python_setup_py'
[0.490s] Level 1:colcon.colcon_core.package_identification:_identify(build) by extensions ['ignore', 'ignore_ament_install']
[0.490s] Level 1:colcon.colcon_core.package_identification:_identify(build) by extension 'ignore'
[0.490s] Level 1:colcon.colcon_core.package_identification:_identify(build) ignored
[0.490s] Level 1:colcon.colcon_core.package_identification:_identify(install) by extensions ['ignore', 'ignore_ament_install']
[0.490s] Level 1:colcon.colcon_core.package_identification:_identify(install) by extension 'ignore'
[0.490s] Level 1:colcon.colcon_core.package_identification:_identify(install) ignored
[0.490s] Level 1:colcon.colcon_core.package_identification:_identify(log) by extensions ['ignore', 'ignore_ament_install']
[0.490s] Level 1:colcon.colcon_core.package_identification:_identify(log) by extension 'ignore'
[0.490s] Level 1:colcon.colcon_core.package_identification:_identify(log) ignored
[0.490s] Level 1:colcon.colcon_core.package_identification:_identify(src) by extensions ['ignore', 'ignore_ament_install']
[0.490s] Level 1:colcon.colcon_core.package_identification:_identify(src) by extension 'ignore'
[0.490s] Level 1:colcon.colcon_core.package_identification:_identify(src) by extension 'ignore_ament_install'
[0.490s] Level 1:colcon.colcon_core.package_identification:_identify(src) by extensions ['colcon_pkg']
[0.490s] Level 1:colcon.colcon_core.package_identification:_identify(src) by extension 'colcon_pkg'
[0.491s] Level 1:colcon.colcon_core.package_identification:_identify(src) by extensions ['colcon_meta']
[0.491s] Level 1:colcon.colcon_core.package_identification:_identify(src) by extension 'colcon_meta'
[0.491s] Level 1:colcon.colcon_core.package_identification:_identify(src) by extensions ['ros']
[0.491s] Level 1:colcon.colcon_core.package_identification:_identify(src) by extension 'ros'
[0.491s] Level 1:colcon.colcon_core.package_identification:_identify(src) by extensions ['cmake', 'python']
[0.491s] Level 1:colcon.colcon_core.package_identification:_identify(src) by extension 'cmake'
[0.491s] Level 1:colcon.colcon_core.package_identification:_identify(src) by extension 'python'
[0.491s] Level 1:colcon.colcon_core.package_identification:_identify(src) by extensions ['python_setup_py']
[0.491s] Level 1:colcon.colcon_core.package_identification:_identify(src) by extension 'python_setup_py'
[0.491s] Level 1:colcon.colcon_core.package_identification:_identify(src/bringup) by extensions ['ignore', 'ignore_ament_install']
[0.491s] Level 1:colcon.colcon_core.package_identification:_identify(src/bringup) by extension 'ignore'
[0.491s] Level 1:colcon.colcon_core.package_identification:_identify(src/bringup) by extension 'ignore_ament_install'
[0.491s] Level 1:colcon.colcon_core.package_identification:_identify(src/bringup) by extensions ['colcon_pkg']
[0.491s] Level 1:colcon.colcon_core.package_identification:_identify(src/bringup) by extension 'colcon_pkg'
[0.491s] Level 1:colcon.colcon_core.package_identification:_identify(src/bringup) by extensions ['colcon_meta']
[0.491s] Level 1:colcon.colcon_core.package_identification:_identify(src/bringup) by extension 'colcon_meta'
[0.491s] Level 1:colcon.colcon_core.package_identification:_identify(src/bringup) by extensions ['ros']
[0.491s] Level 1:colcon.colcon_core.package_identification:_identify(src/bringup) by extension 'ros'
[0.493s] DEBUG:colcon.colcon_core.package_identification:Package 'src/bringup' with type 'ros.ament_cmake' and name 'bringup'
[0.493s] Level 1:colcon.colcon_core.package_identification:_identify(src/subp3d_pubtf) by extensions ['ignore', 'ignore_ament_install']
[0.493s] Level 1:colcon.colcon_core.package_identification:_identify(src/subp3d_pubtf) by extension 'ignore'
[0.493s] Level 1:colcon.colcon_core.package_identification:_identify(src/subp3d_pubtf) by extension 'ignore_ament_install'
[0.493s] Level 1:colcon.colcon_core.package_identification:_identify(src/subp3d_pubtf) by extensions ['colcon_pkg']
[0.493s] Level 1:colcon.colcon_core.package_identification:_identify(src/subp3d_pubtf) by extension 'colcon_pkg'
[0.493s] Level 1:colcon.colcon_core.package_identification:_identify(src/subp3d_pubtf) by extensions ['colcon_meta']
[0.493s] Level 1:colcon.colcon_core.package_identification:_identify(src/subp3d_pubtf) by extension 'colcon_meta'
[0.493s] Level 1:colcon.colcon_core.package_identification:_identify(src/subp3d_pubtf) by extensions ['ros']
[0.493s] Level 1:colcon.colcon_core.package_identification:_identify(src/subp3d_pubtf) by extension 'ros'
[0.493s] DEBUG:colcon.colcon_core.package_identification:Package 'src/subp3d_pubtf' with type 'ros.ament_cmake' and name 'subp3d_pubtf'
[0.493s] Level 1:colcon.colcon_core.package_identification:_identify(src/subtf_print) by extensions ['ignore', 'ignore_ament_install']
[0.493s] Level 1:colcon.colcon_core.package_identification:_identify(src/subtf_print) by extension 'ignore'
[0.494s] Level 1:colcon.colcon_core.package_identification:_identify(src/subtf_print) by extension 'ignore_ament_install'
[0.494s] Level 1:colcon.colcon_core.package_identification:_identify(src/subtf_print) by extensions ['colcon_pkg']
[0.494s] Level 1:colcon.colcon_core.package_identification:_identify(src/subtf_print) by extension 'colcon_pkg'
[0.494s] Level 1:colcon.colcon_core.package_identification:_identify(src/subtf_print) by extensions ['colcon_meta']
[0.494s] Level 1:colcon.colcon_core.package_identification:_identify(src/subtf_print) by extension 'colcon_meta'
[0.494s] Level 1:colcon.colcon_core.package_identification:_identify(src/subtf_print) by extensions ['ros']
[0.494s] Level 1:colcon.colcon_core.package_identification:_identify(src/subtf_print) by extension 'ros'
[0.494s] DEBUG:colcon.colcon_core.package_identification:Package 'src/subtf_print' with type 'ros.ament_cmake' and name 'subtf_print'
[0.494s] Level 1:colcon.colcon_core.package_discovery:discover_packages(recursive) using defaults
[0.494s] Level 1:colcon.colcon_core.package_discovery:discover_packages(ignore) discover
[0.494s] Level 1:colcon.colcon_core.package_discovery:discover_packages(ignore) using defaults
[0.494s] Level 1:colcon.colcon_core.package_discovery:discover_packages(path) discover
[0.494s] Level 1:colcon.colcon_core.package_discovery:discover_packages(path) using defaults
[0.516s] Level 1:colcon.colcon_core.package_discovery:discover_packages(prefix_path) check parameters
[0.516s] Level 1:colcon.colcon_core.package_discovery:discover_packages(prefix_path) discover
[0.521s] DEBUG:colcon.colcon_installed_package_information.package_discovery:Found 387 installed packages in /opt/ros/humble
[0.522s] Level 1:colcon.colcon_core.package_discovery:discover_packages(prefix_path) using defaults
[0.552s] Level 5:colcon.colcon_core.verb:set package 'bringup' build argument 'cmake_args' from command line to 'None'
[0.552s] Level 5:colcon.colcon_core.verb:set package 'bringup' build argument 'cmake_target' from command line to 'None'
[0.552s] Level 5:colcon.colcon_core.verb:set package 'bringup' build argument 'cmake_target_skip_unavailable' from command line to 'False'
[0.552s] Level 5:colcon.colcon_core.verb:set package 'bringup' build argument 'cmake_clean_cache' from command line to 'False'
[0.552s] Level 5:colcon.colcon_core.verb:set package 'bringup' build argument 'cmake_clean_first' from command line to 'False'
[0.553s] Level 5:colcon.colcon_core.verb:set package 'bringup' build argument 'cmake_force_configure' from command line to 'False'
[0.553s] Level 5:colcon.colcon_core.verb:set package 'bringup' build argument 'ament_cmake_args' from command line to 'None'
[0.553s] Level 5:colcon.colcon_core.verb:set package 'bringup' build argument 'catkin_cmake_args' from command line to 'None'
[0.553s] Level 5:colcon.colcon_core.verb:set package 'bringup' build argument 'catkin_skip_building_tests' from command line to 'False'
[0.553s] DEBUG:colcon.colcon_core.verb:Building package 'bringup' with the following arguments: {'ament_cmake_args': None, 'build_base': '/home/robert_kaiyuan/week2practice/build/bringup', 'catkin_cmake_args': None, 'catkin_skip_building_tests': False, 'cmake_args': None, 'cmake_clean_cache': False, 'cmake_clean_first': False, 'cmake_force_configure': False, 'cmake_target': None, 'cmake_target_skip_unavailable': False, 'install_base': '/home/robert_kaiyuan/week2practice/install/bringup', 'merge_install': False, 'path': '/home/robert_kaiyuan/week2practice/src/bringup', 'symlink_install': False, 'test_result_base': None}
[0.553s] Level 5:colcon.colcon_core.verb:set package 'subp3d_pubtf' build argument 'cmake_args' from command line to 'None'
[0.553s] Level 5:colcon.colcon_core.verb:set package 'subp3d_pubtf' build argument 'cmake_target' from command line to 'None'
[0.553s] Level 5:colcon.colcon_core.verb:set package 'subp3d_pubtf' build argument 'cmake_target_skip_unavailable' from command line to 'False'
[0.553s] Level 5:colcon.colcon_core.verb:set package 'subp3d_pubtf' build argument 'cmake_clean_cache' from command line to 'False'
[0.553s] Level 5:colcon.colcon_core.verb:set package 'subp3d_pubtf' build argument 'cmake_clean_first' from command line to 'False'
[0.553s] Level 5:colcon.colcon_core.verb:set package 'subp3d_pubtf' build argument 'cmake_force_configure' from command line to 'False'
[0.553s] Level 5:colcon.colcon_core.verb:set package 'subp3d_pubtf' build argument 'ament_cmake_args' from command line to 'None'
[0.553s] Level 5:colcon.colcon_core.verb:set package 'subp3d_pubtf' build argument 'catkin_cmake_args' from command line to 'None'
[0.553s] Level 5:colcon.colcon_core.verb:set package 'subp3d_pubtf' build argument 'catkin_skip_building_tests' from command line to 'False'
[0.553s] DEBUG:colcon.colcon_core.verb:Building package 'subp3d_pubtf' with the following arguments: {'ament_cmake_args': None, 'build_base': '/home/robert_kaiyuan/week2practice/build/subp3d_pubtf', 'catkin_cmake_args': None, 'catkin_skip_building_tests': False, 'cmake_args': None, 'cmake_clean_cache': False, 'cmake_clean_first': False, 'cmake_force_configure': False, 'cmake_target': None, 'cmake_target_skip_unavailable': False, 'install_base': '/home/robert_kaiyuan/week2practice/install/subp3d_pubtf', 'merge_install': False, 'path': '/home/robert_kaiyuan/week2practice/src/subp3d_pubtf', 'symlink_install': False, 'test_result_base': None}
[0.553s] Level 5:colcon.colcon_core.verb:set package 'subtf_print' build argument 'cmake_args' from command line to 'None'
[0.553s] Level 5:colcon.colcon_core.verb:set package 'subtf_print' build argument 'cmake_target' from command line to 'None'
[0.553s] Level 5:colcon.colcon_core.verb:set package 'subtf_print' build argument 'cmake_target_skip_unavailable' from command line to 'False'
[0.553s] Level 5:colcon.colcon_core.verb:set package 'subtf_print' build argument 'cmake_clean_cache' from command line to 'False'
[0.553s] Level 5:colcon.colcon_core.verb:set package 'subtf_print' build argument 'cmake_clean_first' from command line to 'False'
[0.553s] Level 5:colcon.colcon_core.verb:set package 'subtf_print' build argument 'cmake_force_configure' from command line to 'False'
[0.553s] Level 5:colcon.colcon_core.verb:set package 'subtf_print' build argument 'ament_cmake_args' from command line to 'None'
[0.553s] Level 5:colcon.colcon_core.verb:set package 'subtf_print' build argument 'catkin_cmake_args' from command line to 'None'
[0.553s] Level 5:colcon.colcon_core.verb:set package 'subtf_print' build argument 'catkin_skip_building_tests' from command line to 'False'
[0.553s] DEBUG:colcon.colcon_core.verb:Building package 'subtf_print' with the following arguments: {'ament_cmake_args': None, 'build_base': '/home/robert_kaiyuan/week2practice/build/subtf_print', 'catkin_cmake_args': None, 'catkin_skip_building_tests': False, 'cmake_args': None, 'cmake_clean_cache': False, 'cmake_clean_first': False, 'cmake_force_configure': False, 'cmake_target': None, 'cmake_target_skip_unavailable': False, 'install_base': '/home/robert_kaiyuan/week2practice/install/subtf_print', 'merge_install': False, 'path': '/home/robert_kaiyuan/week2practice/src/subtf_print', 'symlink_install': False, 'test_result_base': None}
[0.553s] INFO:colcon.colcon_core.executor:Executing jobs using 'parallel' executor
[0.554s] DEBUG:colcon.colcon_parallel_executor.executor.parallel:run_until_complete
[0.555s] INFO:colcon.colcon_ros.task.ament_cmake.build:Building ROS package in '/home/robert_kaiyuan/week2practice/src/bringup' with build type 'ament_cmake'
[0.555s] INFO:colcon.colcon_cmake.task.cmake.build:Building CMake package in '/home/robert_kaiyuan/week2practice/src/bringup'
[0.558s] INFO:colcon.colcon_core.plugin_system:Skipping extension 'colcon_core.shell.bat': Not used on non-Windows systems
[0.558s] INFO:colcon.colcon_core.shell:Skip shell extension 'powershell' for command environment: Not usable outside of PowerShell
[0.558s] DEBUG:colcon.colcon_core.shell:Skip shell extension 'dsv' for command environment
[0.562s] INFO:colcon.colcon_ros.task.ament_cmake.build:Building ROS package in '/home/robert_kaiyuan/week2practice/src/subp3d_pubtf' with build type 'ament_cmake'
[0.563s] INFO:colcon.colcon_cmake.task.cmake.build:Building CMake package in '/home/robert_kaiyuan/week2practice/src/subp3d_pubtf'
[0.563s] INFO:colcon.colcon_core.shell:Skip shell extension 'powershell' for command environment: Not usable outside of PowerShell
[0.563s] DEBUG:colcon.colcon_core.shell:Skip shell extension 'dsv' for command environment
[0.565s] INFO:colcon.colcon_ros.task.ament_cmake.build:Building ROS package in '/home/robert_kaiyuan/week2practice/src/subtf_print' with build type 'ament_cmake'
[0.566s] INFO:colcon.colcon_cmake.task.cmake.build:Building CMake package in '/home/robert_kaiyuan/week2practice/src/subtf_print'
[0.566s] INFO:colcon.colcon_core.shell:Skip shell extension 'powershell' for command environment: Not usable outside of PowerShell
[0.566s] DEBUG:colcon.colcon_core.shell:Skip shell extension 'dsv' for command environment
[0.577s] DEBUG:colcon.colcon_core.event_handler.log_command:Invoking command in '/home/robert_kaiyuan/week2practice/build/bringup': CMAKE_PREFIX_PATH=/opt/ros/humble /usr/bin/cmake --build /home/robert_kaiyuan/week2practice/build/bringup -- -j16 -l16
[0.582s] DEBUG:colcon.colcon_core.event_handler.log_command:Invoking command in '/home/robert_kaiyuan/week2practice/build/subp3d_pubtf': CMAKE_PREFIX_PATH=/opt/ros/humble /usr/bin/cmake --build /home/robert_kaiyuan/week2practice/build/subp3d_pubtf -- -j16 -l16
[0.587s] DEBUG:colcon.colcon_core.event_handler.log_command:Invoking command in '/home/robert_kaiyuan/week2practice/build/subtf_print': CMAKE_PREFIX_PATH=/opt/ros/humble /usr/bin/cmake --build /home/robert_kaiyuan/week2practice/build/subtf_print -- -j16 -l16
[0.638s] DEBUG:colcon.colcon_core.event_handler.log_command:Invoked command in '/home/robert_kaiyuan/week2practice/build/bringup' returned '0': CMAKE_PREFIX_PATH=/opt/ros/humble /usr/bin/cmake --build /home/robert_kaiyuan/week2practice/build/bringup -- -j16 -l16
[0.650s] DEBUG:colcon.colcon_core.event_handler.log_command:Invoking command in '/home/robert_kaiyuan/week2practice/build/bringup': CMAKE_PREFIX_PATH=/opt/ros/humble /usr/bin/cmake --install /home/robert_kaiyuan/week2practice/build/bringup
[0.660s] Level 1:colcon.colcon_core.environment:create_environment_scripts_only(bringup)
[0.661s] DEBUG:colcon.colcon_core.event_handler.log_command:Invoked command in '/home/robert_kaiyuan/week2practice/build/bringup' returned '0': CMAKE_PREFIX_PATH=/opt/ros/humble /usr/bin/cmake --install /home/robert_kaiyuan/week2practice/build/bringup
[0.666s] Level 1:colcon.colcon_core.environment:checking '/home/robert_kaiyuan/week2practice/install/bringup' for CMake module files
[0.667s] Level 1:colcon.colcon_core.environment:checking '/home/robert_kaiyuan/week2practice/install/bringup' for CMake config files
[0.667s] Level 1:colcon.colcon_core.shell:create_environment_hook('bringup', 'cmake_prefix_path')
[0.667s] INFO:colcon.colcon_core.shell:Creating environment hook '/home/robert_kaiyuan/week2practice/install/bringup/share/bringup/hook/cmake_prefix_path.ps1'
[0.668s] INFO:colcon.colcon_core.shell:Creating environment descriptor '/home/robert_kaiyuan/week2practice/install/bringup/share/bringup/hook/cmake_prefix_path.dsv'
[0.669s] INFO:colcon.colcon_core.shell:Creating environment hook '/home/robert_kaiyuan/week2practice/install/bringup/share/bringup/hook/cmake_prefix_path.sh'
[0.670s] Level 1:colcon.colcon_core.environment:checking '/home/robert_kaiyuan/week2practice/install/bringup/bin'
[0.670s] Level 1:colcon.colcon_core.environment:checking '/home/robert_kaiyuan/week2practice/install/bringup/lib/pkgconfig/bringup.pc'
[0.671s] Level 1:colcon.colcon_core.environment:checking '/home/robert_kaiyuan/week2practice/install/bringup/lib/python3.10/site-packages'
[0.671s] Level 1:colcon.colcon_core.environment:checking '/home/robert_kaiyuan/week2practice/install/bringup/bin'
[0.671s] INFO:colcon.colcon_core.shell:Creating package script '/home/robert_kaiyuan/week2practice/install/bringup/share/bringup/package.ps1'
[0.672s] INFO:colcon.colcon_core.shell:Creating package descriptor '/home/robert_kaiyuan/week2practice/install/bringup/share/bringup/package.dsv'
[0.673s] INFO:colcon.colcon_core.shell:Creating package script '/home/robert_kaiyuan/week2practice/install/bringup/share/bringup/package.sh'
[0.673s] INFO:colcon.colcon_core.shell:Creating package script '/home/robert_kaiyuan/week2practice/install/bringup/share/bringup/package.bash'
[0.674s] INFO:colcon.colcon_core.shell:Creating package script '/home/robert_kaiyuan/week2practice/install/bringup/share/bringup/package.zsh'
[0.675s] Level 1:colcon.colcon_core.environment:create_file_with_runtime_dependencies(/home/robert_kaiyuan/week2practice/install/bringup/share/colcon-core/packages/bringup)
[0.675s] Level 1:colcon.colcon_core.environment:create_environment_scripts_only(bringup)
[0.676s] Level 1:colcon.colcon_core.environment:checking '/home/robert_kaiyuan/week2practice/install/bringup' for CMake module files
[0.676s] Level 1:colcon.colcon_core.environment:checking '/home/robert_kaiyuan/week2practice/install/bringup' for CMake config files
[0.676s] Level 1:colcon.colcon_core.shell:create_environment_hook('bringup', 'cmake_prefix_path')
[0.676s] INFO:colcon.colcon_core.shell:Creating environment hook '/home/robert_kaiyuan/week2practice/install/bringup/share/bringup/hook/cmake_prefix_path.ps1'
[0.676s] INFO:colcon.colcon_core.shell:Creating environment descriptor '/home/robert_kaiyuan/week2practice/install/bringup/share/bringup/hook/cmake_prefix_path.dsv'
[0.677s] INFO:colcon.colcon_core.shell:Creating environment hook '/home/robert_kaiyuan/week2practice/install/bringup/share/bringup/hook/cmake_prefix_path.sh'
[0.677s] Level 1:colcon.colcon_core.environment:checking '/home/robert_kaiyuan/week2practice/install/bringup/bin'
[0.677s] Level 1:colcon.colcon_core.environment:checking '/home/robert_kaiyuan/week2practice/install/bringup/lib/pkgconfig/bringup.pc'
[0.678s] Level 1:colcon.colcon_core.environment:checking '/home/robert_kaiyuan/week2practice/install/bringup/lib/python3.10/site-packages'
[0.678s] Level 1:colcon.colcon_core.environment:checking '/home/robert_kaiyuan/week2practice/install/bringup/bin'
[0.678s] INFO:colcon.colcon_core.shell:Creating package script '/home/robert_kaiyuan/week2practice/install/bringup/share/bringup/package.ps1'
[0.678s] INFO:colcon.colcon_core.shell:Creating package descriptor '/home/robert_kaiyuan/week2practice/install/bringup/share/bringup/package.dsv'
[0.679s] INFO:colcon.colcon_core.shell:Creating package script '/home/robert_kaiyuan/week2practice/install/bringup/share/bringup/package.sh'
[0.680s] INFO:colcon.colcon_core.shell:Creating package script '/home/robert_kaiyuan/week2practice/install/bringup/share/bringup/package.bash'
[0.680s] INFO:colcon.colcon_core.shell:Creating package script '/home/robert_kaiyuan/week2practice/install/bringup/share/bringup/package.zsh'
[0.681s] Level 1:colcon.colcon_core.environment:create_file_with_runtime_dependencies(/home/robert_kaiyuan/week2practice/install/bringup/share/colcon-core/packages/bringup)
[0.730s] DEBUG:colcon.colcon_core.event_handler.log_command:Invoked command in '/home/robert_kaiyuan/week2practice/build/subp3d_pubtf' returned '0': CMAKE_PREFIX_PATH=/opt/ros/humble /usr/bin/cmake --build /home/robert_kaiyuan/week2practice/build/subp3d_pubtf -- -j16 -l16
[0.732s] DEBUG:colcon.colcon_core.event_handler.log_command:Invoking command in '/home/robert_kaiyuan/week2practice/build/subp3d_pubtf': CMAKE_PREFIX_PATH=/opt/ros/humble /usr/bin/cmake --install /home/robert_kaiyuan/week2practice/build/subp3d_pubtf
[0.733s] DEBUG:colcon.colcon_core.event_handler.log_command:Invoked command in '/home/robert_kaiyuan/week2practice/build/subtf_print' returned '0': CMAKE_PREFIX_PATH=/opt/ros/humble /usr/bin/cmake --build /home/robert_kaiyuan/week2practice/build/subtf_print -- -j16 -l16
[0.736s] DEBUG:colcon.colcon_core.event_handler.log_command:Invoking command in '/home/robert_kaiyuan/week2practice/build/subtf_print': CMAKE_PREFIX_PATH=/opt/ros/humble /usr/bin/cmake --install /home/robert_kaiyuan/week2practice/build/subtf_print
[0.745s] Level 1:colcon.colcon_core.environment:create_environment_scripts_only(subp3d_pubtf)
[0.745s] Level 1:colcon.colcon_core.environment:checking '/home/robert_kaiyuan/week2practice/install/subp3d_pubtf' for CMake module files
[0.748s] Level 1:colcon.colcon_core.environment:checking '/home/robert_kaiyuan/week2practice/install/subp3d_pubtf' for CMake config files
[0.749s] DEBUG:colcon.colcon_core.event_handler.log_command:Invoked command in '/home/robert_kaiyuan/week2practice/build/subp3d_pubtf' returned '0': CMAKE_PREFIX_PATH=/opt/ros/humble /usr/bin/cmake --install /home/robert_kaiyuan/week2practice/build/subp3d_pubtf
[0.749s] Level 1:colcon.colcon_core.shell:create_environment_hook('subp3d_pubtf', 'cmake_prefix_path')
[0.749s] INFO:colcon.colcon_core.shell:Creating environment hook '/home/robert_kaiyuan/week2practice/install/subp3d_pubtf/share/subp3d_pubtf/hook/cmake_prefix_path.ps1'
[0.750s] INFO:colcon.colcon_core.shell:Creating environment descriptor '/home/robert_kaiyuan/week2practice/install/subp3d_pubtf/share/subp3d_pubtf/hook/cmake_prefix_path.dsv'
[0.750s] INFO:colcon.colcon_core.shell:Creating environment hook '/home/robert_kaiyuan/week2practice/install/subp3d_pubtf/share/subp3d_pubtf/hook/cmake_prefix_path.sh'
[0.750s] Level 1:colcon.colcon_core.environment:checking '/home/robert_kaiyuan/week2practice/install/subp3d_pubtf/lib'
[0.751s] Level 1:colcon.colcon_core.environment:checking '/home/robert_kaiyuan/week2practice/install/subp3d_pubtf/bin'
[0.751s] Level 1:colcon.colcon_core.environment:checking '/home/robert_kaiyuan/week2practice/install/subp3d_pubtf/lib/pkgconfig/subp3d_pubtf.pc'
[0.751s] Level 1:colcon.colcon_core.environment:checking '/home/robert_kaiyuan/week2practice/install/subp3d_pubtf/lib/python3.10/site-packages'
[0.751s] Level 1:colcon.colcon_core.environment:checking '/home/robert_kaiyuan/week2practice/install/subp3d_pubtf/bin'
[0.751s] INFO:colcon.colcon_core.shell:Creating package script '/home/robert_kaiyuan/week2practice/install/subp3d_pubtf/share/subp3d_pubtf/package.ps1'
[0.752s] INFO:colcon.colcon_core.shell:Creating package descriptor '/home/robert_kaiyuan/week2practice/install/subp3d_pubtf/share/subp3d_pubtf/package.dsv'
[0.752s] INFO:colcon.colcon_core.shell:Creating package script '/home/robert_kaiyuan/week2practice/install/subp3d_pubtf/share/subp3d_pubtf/package.sh'
[0.752s] INFO:colcon.colcon_core.shell:Creating package script '/home/robert_kaiyuan/week2practice/install/subp3d_pubtf/share/subp3d_pubtf/package.bash'
[0.752s] INFO:colcon.colcon_core.shell:Creating package script '/home/robert_kaiyuan/week2practice/install/subp3d_pubtf/share/subp3d_pubtf/package.zsh'
[0.753s] Level 1:colcon.colcon_core.environment:create_file_with_runtime_dependencies(/home/robert_kaiyuan/week2practice/install/subp3d_pubtf/share/colcon-core/packages/subp3d_pubtf)
[0.753s] Level 1:colcon.colcon_core.environment:create_environment_scripts_only(subp3d_pubtf)
[0.753s] Level 1:colcon.colcon_core.environment:checking '/home/robert_kaiyuan/week2practice/install/subp3d_pubtf' for CMake module files
[0.753s] Level 1:colcon.colcon_core.environment:checking '/home/robert_kaiyuan/week2practice/install/subp3d_pubtf' for CMake config files
[0.754s] Level 1:colcon.colcon_core.shell:create_environment_hook('subp3d_pubtf', 'cmake_prefix_path')
[0.754s] INFO:colcon.colcon_core.shell:Creating environment hook '/home/robert_kaiyuan/week2practice/install/subp3d_pubtf/share/subp3d_pubtf/hook/cmake_prefix_path.ps1'
[0.755s] INFO:colcon.colcon_core.shell:Creating environment descriptor '/home/robert_kaiyuan/week2practice/install/subp3d_pubtf/share/subp3d_pubtf/hook/cmake_prefix_path.dsv'
[0.756s] INFO:colcon.colcon_core.shell:Creating environment hook '/home/robert_kaiyuan/week2practice/install/subp3d_pubtf/share/subp3d_pubtf/hook/cmake_prefix_path.sh'
[0.756s] Level 1:colcon.colcon_core.environment:checking '/home/robert_kaiyuan/week2practice/install/subp3d_pubtf/lib'
[0.756s] Level 1:colcon.colcon_core.environment:checking '/home/robert_kaiyuan/week2practice/install/subp3d_pubtf/bin'
[0.756s] Level 1:colcon.colcon_core.environment:checking '/home/robert_kaiyuan/week2practice/install/subp3d_pubtf/lib/pkgconfig/subp3d_pubtf.pc'
[0.756s] Level 1:colcon.colcon_core.environment:checking '/home/robert_kaiyuan/week2practice/install/subp3d_pubtf/lib/python3.10/site-packages'
[0.757s] Level 1:colcon.colcon_core.environment:checking '/home/robert_kaiyuan/week2practice/install/subp3d_pubtf/bin'
[0.757s] INFO:colcon.colcon_core.shell:Creating package script '/home/robert_kaiyuan/week2practice/install/subp3d_pubtf/share/subp3d_pubtf/package.ps1'
[0.757s] INFO:colcon.colcon_core.shell:Creating package descriptor '/home/robert_kaiyuan/week2practice/install/subp3d_pubtf/share/subp3d_pubtf/package.dsv'
[0.758s] INFO:colcon.colcon_core.shell:Creating package script '/home/robert_kaiyuan/week2practice/install/subp3d_pubtf/share/subp3d_pubtf/package.sh'
[0.758s] INFO:colcon.colcon_core.shell:Creating package script '/home/robert_kaiyuan/week2practice/install/subp3d_pubtf/share/subp3d_pubtf/package.bash'
[0.759s] INFO:colcon.colcon_core.shell:Creating package script '/home/robert_kaiyuan/week2practice/install/subp3d_pubtf/share/subp3d_pubtf/package.zsh'
[0.759s] Level 1:colcon.colcon_core.environment:create_file_with_runtime_dependencies(/home/robert_kaiyuan/week2practice/install/subp3d_pubtf/share/colcon-core/packages/subp3d_pubtf)
[0.761s] Level 1:colcon.colcon_core.environment:create_environment_scripts_only(subtf_print)
[0.761s] Level 1:colcon.colcon_core.environment:checking '/home/robert_kaiyuan/week2practice/install/subtf_print' for CMake module files
[0.761s] DEBUG:colcon.colcon_core.event_handler.log_command:Invoked command in '/home/robert_kaiyuan/week2practice/build/subtf_print' returned '0': CMAKE_PREFIX_PATH=/opt/ros/humble /usr/bin/cmake --install /home/robert_kaiyuan/week2practice/build/subtf_print
[0.762s] Level 1:colcon.colcon_core.environment:checking '/home/robert_kaiyuan/week2practice/install/subtf_print' for CMake config files
[0.762s] Level 1:colcon.colcon_core.shell:create_environment_hook('subtf_print', 'cmake_prefix_path')
[0.762s] INFO:colcon.colcon_core.shell:Creating environment hook '/home/robert_kaiyuan/week2practice/install/subtf_print/share/subtf_print/hook/cmake_prefix_path.ps1'
[0.762s] INFO:colcon.colcon_core.shell:Creating environment descriptor '/home/robert_kaiyuan/week2practice/install/subtf_print/share/subtf_print/hook/cmake_prefix_path.dsv'
[0.763s] INFO:colcon.colcon_core.shell:Creating environment hook '/home/robert_kaiyuan/week2practice/install/subtf_print/share/subtf_print/hook/cmake_prefix_path.sh'
[0.763s] Level 1:colcon.colcon_core.environment:checking '/home/robert_kaiyuan/week2practice/install/subtf_print/lib'
[0.763s] Level 1:colcon.colcon_core.environment:checking '/home/robert_kaiyuan/week2practice/install/subtf_print/bin'
[0.763s] Level 1:colcon.colcon_core.environment:checking '/home/robert_kaiyuan/week2practice/install/subtf_print/lib/pkgconfig/subtf_print.pc'
[0.763s] Level 1:colcon.colcon_core.environment:checking '/home/robert_kaiyuan/week2practice/install/subtf_print/lib/python3.10/site-packages'
[0.763s] Level 1:colcon.colcon_core.environment:checking '/home/robert_kaiyuan/week2practice/install/subtf_print/bin'
[0.764s] INFO:colcon.colcon_core.shell:Creating package script '/home/robert_kaiyuan/week2practice/install/subtf_print/share/subtf_print/package.ps1'
[0.764s] INFO:colcon.colcon_core.shell:Creating package descriptor '/home/robert_kaiyuan/week2practice/install/subtf_print/share/subtf_print/package.dsv'
[0.764s] INFO:colcon.colcon_core.shell:Creating package script '/home/robert_kaiyuan/week2practice/install/subtf_print/share/subtf_print/package.sh'
[0.765s] INFO:colcon.colcon_core.shell:Creating package script '/home/robert_kaiyuan/week2practice/install/subtf_print/share/subtf_print/package.bash'
[0.765s] INFO:colcon.colcon_core.shell:Creating package script '/home/robert_kaiyuan/week2practice/install/subtf_print/share/subtf_print/package.zsh'
[0.765s] Level 1:colcon.colcon_core.environment:create_file_with_runtime_dependencies(/home/robert_kaiyuan/week2practice/install/subtf_print/share/colcon-core/packages/subtf_print)
[0.766s] Level 1:colcon.colcon_core.environment:create_environment_scripts_only(subtf_print)
[0.766s] Level 1:colcon.colcon_core.environment:checking '/home/robert_kaiyuan/week2practice/install/subtf_print' for CMake module files
[0.766s] Level 1:colcon.colcon_core.environment:checking '/home/robert_kaiyuan/week2practice/install/subtf_print' for CMake config files
[0.767s] Level 1:colcon.colcon_core.shell:create_environment_hook('subtf_print', 'cmake_prefix_path')
[0.767s] INFO:colcon.colcon_core.shell:Creating environment hook '/home/robert_kaiyuan/week2practice/install/subtf_print/share/subtf_print/hook/cmake_prefix_path.ps1'
[0.768s] INFO:colcon.colcon_core.shell:Creating environment descriptor '/home/robert_kaiyuan/week2practice/install/subtf_print/share/subtf_print/hook/cmake_prefix_path.dsv'
[0.768s] INFO:colcon.colcon_core.shell:Creating environment hook '/home/robert_kaiyuan/week2practice/install/subtf_print/share/subtf_print/hook/cmake_prefix_path.sh'
[0.770s] Level 1:colcon.colcon_core.environment:checking '/home/robert_kaiyuan/week2practice/install/subtf_print/lib'
[0.770s] Level 1:colcon.colcon_core.environment:checking '/home/robert_kaiyuan/week2practice/install/subtf_print/bin'
[0.770s] Level 1:colcon.colcon_core.environment:checking '/home/robert_kaiyuan/week2practice/install/subtf_print/lib/pkgconfig/subtf_print.pc'
[0.770s] Level 1:colcon.colcon_core.environment:checking '/home/robert_kaiyuan/week2practice/install/subtf_print/lib/python3.10/site-packages'
[0.770s] Level 1:colcon.colcon_core.environment:checking '/home/robert_kaiyuan/week2practice/install/subtf_print/bin'
[0.771s] INFO:colcon.colcon_core.shell:Creating package script '/home/robert_kaiyuan/week2practice/install/subtf_print/share/subtf_print/package.ps1'
[0.771s] INFO:colcon.colcon_core.shell:Creating package descriptor '/home/robert_kaiyuan/week2practice/install/subtf_print/share/subtf_print/package.dsv'
[0.771s] INFO:colcon.colcon_core.shell:Creating package script '/home/robert_kaiyuan/week2practice/install/subtf_print/share/subtf_print/package.sh'
[0.772s] INFO:colcon.colcon_core.shell:Creating package script '/home/robert_kaiyuan/week2practice/install/subtf_print/share/subtf_print/package.bash'
[0.772s] INFO:colcon.colcon_core.shell:Creating package script '/home/robert_kaiyuan/week2practice/install/subtf_print/share/subtf_print/package.zsh'
[0.772s] Level 1:colcon.colcon_core.environment:create_file_with_runtime_dependencies(/home/robert_kaiyuan/week2practice/install/subtf_print/share/colcon-core/packages/subtf_print)
[0.773s] DEBUG:colcon.colcon_parallel_executor.executor.parallel:closing loop
[0.773s] DEBUG:colcon.colcon_parallel_executor.executor.parallel:loop closed
[0.773s] DEBUG:colcon.colcon_parallel_executor.executor.parallel:run_until_complete finished with '0'
[0.773s] DEBUG:colcon.colcon_core.event_reactor:joining thread
[0.862s] INFO:colcon.colcon_core.plugin_system:Skipping extension 'colcon_notification.desktop_notification.notify_send': Could not find 'notify-send'
[0.862s] INFO:colcon.colcon_core.plugin_system:Skipping extension 'colcon_notification.desktop_notification.terminal_notifier': Not used on non-Darwin systems
[0.862s] INFO:colcon.colcon_core.plugin_system:Skipping extension 'colcon_notification.desktop_notification.win32': Not used on non-Windows systems
[0.862s] INFO:colcon.colcon_notification.desktop_notification:Sending desktop notification using 'notify2'
[0.863s] DEBUG:colcon.colcon_notification.desktop_notification.notify2:Failed to initialize notify2: org.freedesktop.DBus.Error.ServiceUnknown: The name org.freedesktop.Notifications was not provided by any .service files
[0.864s] DEBUG:colcon.colcon_core.event_reactor:joined thread
[0.864s] INFO:colcon.colcon_core.shell:Creating prefix script '/home/robert_kaiyuan/week2practice/install/local_setup.ps1'
[0.865s] INFO:colcon.colcon_core.shell:Creating prefix util module '/home/robert_kaiyuan/week2practice/install/_local_setup_util_ps1.py'
[0.866s] INFO:colcon.colcon_core.shell:Creating prefix chain script '/home/robert_kaiyuan/week2practice/install/setup.ps1'
[0.867s] INFO:colcon.colcon_core.shell:Creating prefix script '/home/robert_kaiyuan/week2practice/install/local_setup.sh'
[0.868s] INFO:colcon.colcon_core.shell:Creating prefix util module '/home/robert_kaiyuan/week2practice/install/_local_setup_util_sh.py'
[0.868s] INFO:colcon.colcon_core.shell:Creating prefix chain script '/home/robert_kaiyuan/week2practice/install/setup.sh'
[0.869s] INFO:colcon.colcon_core.shell:Creating prefix script '/home/robert_kaiyuan/week2practice/install/local_setup.bash'
[0.869s] INFO:colcon.colcon_core.shell:Creating prefix chain script '/home/robert_kaiyuan/week2practice/install/setup.bash'
[0.870s] INFO:colcon.colcon_core.shell:Creating prefix script '/home/robert_kaiyuan/week2practice/install/local_setup.zsh'
[0.871s] INFO:colcon.colcon_core.shell:Creating prefix chain script '/home/robert_kaiyuan/week2practice/install/setup.zsh'
