[ 50%] [32mBuilding CXX object CMakeFiles/subtf_print.dir/src/subtf_print.cpp.o[0m
[100%] [32m[1mLinking CXX executable subtf_print[0m
[100%] Built target subtf_print
-- Install configuration: ""
-- Installing: /home/robert_kaiyuan/week2practice/install/subtf_print/lib/subtf_print/subtf_print
-- Set runtime path of "/home/robert_kaiyuan/week2practice/install/subtf_print/lib/subtf_print/subtf_print" to ""
-- Installing: /home/robert_kaiyuan/week2practice/install/subtf_print/share/ament_index/resource_index/package_run_dependencies/subtf_print
-- Installing: /home/robert_kaiyuan/week2practice/install/subtf_print/share/ament_index/resource_index/parent_prefix_path/subtf_print
-- Installing: /home/robert_kaiyuan/week2practice/install/subtf_print/share/subtf_print/environment/ament_prefix_path.sh
-- Installing: /home/robert_kaiyuan/week2practice/install/subtf_print/share/subtf_print/environment/ament_prefix_path.dsv
-- Installing: /home/robert_kaiyuan/week2practice/install/subtf_print/share/subtf_print/environment/path.sh
-- Installing: /home/robert_kaiyuan/week2practice/install/subtf_print/share/subtf_print/environment/path.dsv
-- Installing: /home/robert_kaiyuan/week2practice/install/subtf_print/share/subtf_print/local_setup.bash
-- Installing: /home/robert_kaiyuan/week2practice/install/subtf_print/share/subtf_print/local_setup.sh
-- Installing: /home/robert_kaiyuan/week2practice/install/subtf_print/share/subtf_print/local_setup.zsh
-- Installing: /home/robert_kaiyuan/week2practice/install/subtf_print/share/subtf_print/local_setup.dsv
-- Up-to-date: /home/robert_kaiyuan/week2practice/install/subtf_print/share/subtf_print/package.dsv
-- Installing: /home/robert_kaiyuan/week2practice/install/subtf_print/share/ament_index/resource_index/packages/subtf_print
-- Installing: /home/robert_kaiyuan/week2practice/install/subtf_print/share/subtf_print/cmake/subtf_printConfig.cmake
-- Installing: /home/robert_kaiyuan/week2practice/install/subtf_print/share/subtf_print/cmake/subtf_printConfig-version.cmake
-- Installing: /home/robert_kaiyuan/week2practice/install/subtf_print/share/subtf_print/package.xml
