running egg_info
writing ../../build/my_map/my_map.egg-info/PKG-INFO
writing dependency_links to ../../build/my_map/my_map.egg-info/dependency_links.txt
writing entry points to ../../build/my_map/my_map.egg-info/entry_points.txt
writing requirements to ../../build/my_map/my_map.egg-info/requires.txt
writing top-level names to ../../build/my_map/my_map.egg-info/top_level.txt
reading manifest file '../../build/my_map/my_map.egg-info/SOURCES.txt'
writing manifest file '../../build/my_map/my_map.egg-info/SOURCES.txt'
running build
running build_py
copying my_map/my_map.py -> /home/robert_kaiyuan/week2practice/build/my_map/build/lib/my_map
running install
running install_lib
copying /home/robert_kaiyuan/week2practice/build/my_map/build/lib/my_map/my_map.py -> /home/robert_kaiyuan/week2practice/install/my_map/lib/python3.10/site-packages/my_map
byte-compiling /home/robert_kaiyuan/week2practice/install/my_map/lib/python3.10/site-packages/my_map/my_map.py to my_map.cpython-310.pyc
running install_data
running install_egg_info
removing '/home/robert_kaiyuan/week2practice/install/my_map/lib/python3.10/site-packages/my_map-0.0.0-py3.10.egg-info' (and everything under it)
Copying ../../build/my_map/my_map.egg-info to /home/robert_kaiyuan/week2practice/install/my_map/lib/python3.10/site-packages/my_map-0.0.0-py3.10.egg-info
running install_scripts
Installing my_map script to /home/robert_kaiyuan/week2practice/install/my_map/lib/my_map
writing list of installed files to '/home/robert_kaiyuan/week2practice/build/my_map/install.log'
