[0.024s] Invoking command in '/home/robert_kaiyuan/week2practice/build/subtf_print': CMAKE_PREFIX_PATH=${CMAKE_PREFIX_PATH}:/opt/ros/humble /usr/bin/cmake --build /home/robert_kaiyuan/week2practice/build/subtf_print -- -j16 -l16
[0.061s] [100%] Built target subtf_print
[0.077s] Invoked command in '/home/robert_kaiyuan/week2practice/build/subtf_print' returned '0': CMAKE_PREFIX_PATH=${CMAKE_PREFIX_PATH}:/opt/ros/humble /usr/bin/cmake --build /home/robert_kaiyuan/week2practice/build/subtf_print -- -j16 -l16
[0.079s] Invoking command in '/home/robert_kaiyuan/week2practice/build/subtf_print': CMAKE_PREFIX_PATH=${CMAKE_PREFIX_PATH}:/opt/ros/humble /usr/bin/cmake --install /home/robert_kaiyuan/week2practice/build/subtf_print
[0.084s] -- Install configuration: ""
[0.084s] -- Up-to-date: /home/robert_kaiyuan/week2practice/install/subtf_print/lib/subtf_print/subtf_print
[0.085s] -- Up-to-date: /home/robert_kaiyuan/week2practice/install/subtf_print/share/ament_index/resource_index/package_run_dependencies/subtf_print
[0.086s] -- Up-to-date: /home/robert_kaiyuan/week2practice/install/subtf_print/share/ament_index/resource_index/parent_prefix_path/subtf_print
[0.087s] -- Up-to-date: /home/robert_kaiyuan/week2practice/install/subtf_print/share/subtf_print/environment/ament_prefix_path.sh
[0.088s] -- Up-to-date: /home/robert_kaiyuan/week2practice/install/subtf_print/share/subtf_print/environment/ament_prefix_path.dsv
[0.088s] -- Up-to-date: /home/robert_kaiyuan/week2practice/install/subtf_print/share/subtf_print/environment/path.sh
[0.088s] -- Up-to-date: /home/robert_kaiyuan/week2practice/install/subtf_print/share/subtf_print/environment/path.dsv
[0.088s] -- Up-to-date: /home/robert_kaiyuan/week2practice/install/subtf_print/share/subtf_print/local_setup.bash
[0.088s] -- Up-to-date: /home/robert_kaiyuan/week2practice/install/subtf_print/share/subtf_print/local_setup.sh
[0.088s] -- Up-to-date: /home/robert_kaiyuan/week2practice/install/subtf_print/share/subtf_print/local_setup.zsh
[0.089s] -- Up-to-date: /home/robert_kaiyuan/week2practice/install/subtf_print/share/subtf_print/local_setup.dsv
[0.089s] -- Installing: /home/robert_kaiyuan/week2practice/install/subtf_print/share/subtf_print/package.dsv
[0.089s] -- Up-to-date: /home/robert_kaiyuan/week2practice/install/subtf_print/share/ament_index/resource_index/packages/subtf_print
[0.089s] -- Up-to-date: /home/robert_kaiyuan/week2practice/install/subtf_print/share/subtf_print/cmake/subtf_printConfig.cmake
[0.090s] -- Up-to-date: /home/robert_kaiyuan/week2practice/install/subtf_print/share/subtf_print/cmake/subtf_printConfig-version.cmake
[0.090s] -- Up-to-date: /home/robert_kaiyuan/week2practice/install/subtf_print/share/subtf_print/package.xml
[0.105s] Invoked command in '/home/robert_kaiyuan/week2practice/build/subtf_print' returned '0': CMAKE_PREFIX_PATH=${CMAKE_PREFIX_PATH}:/opt/ros/humble /usr/bin/cmake --install /home/robert_kaiyuan/week2practice/build/subtf_print
