[0.194s] DEBUG:colcon:Command line arguments: ['/usr/bin/colcon', 'build']
[0.194s] DEBUG:colcon:Parsed command line arguments: Namespace(log_base=None, log_level=None, verb_name='build', build_base='build', install_base='install', merge_install=False, symlink_install=False, test_result_base=None, continue_on_error=False, executor='parallel', parallel_workers=16, event_handlers=None, ignore_user_meta=False, metas=['./colcon.meta'], base_paths=['.'], packages_ignore=None, packages_ignore_regex=None, paths=None, packages_up_to=None, packages_up_to_regex=None, packages_above=None, packages_above_and_dependencies=None, packages_above_depth=None, packages_select_by_dep=None, packages_skip_by_dep=None, packages_skip_up_to=None, packages_select_build_failed=False, packages_skip_build_finished=False, packages_select_test_failures=False, packages_skip_test_passed=False, packages_select=None, packages_skip=None, packages_select_regex=None, packages_skip_regex=None, packages_start=None, packages_end=None, allow_overriding=[], cmake_args=None, cmake_target=None, cmake_target_skip_unavailable=False, cmake_clean_cache=False, cmake_clean_first=False, cmake_force_configure=False, ament_cmake_args=None, catkin_cmake_args=None, catkin_skip_building_tests=False, mixin_files=None, mixin=None, verb_parser=<colcon_mixin.mixin.mixin_argument.MixinArgumentDecorator object at 0x7fcc311dd1e0>, verb_extension=<colcon_core.verb.build.BuildVerb object at 0x7fcc313720e0>, main=<bound method BuildVerb.main of <colcon_core.verb.build.BuildVerb object at 0x7fcc313720e0>>, mixin_verb=('build',))
[0.296s] Level 1:colcon.colcon_core.package_discovery:discover_packages(colcon_meta) check parameters
[0.297s] Level 1:colcon.colcon_core.package_discovery:discover_packages(recursive) check parameters
[0.297s] Level 1:colcon.colcon_core.package_discovery:discover_packages(ignore) check parameters
[0.297s] Level 1:colcon.colcon_core.package_discovery:discover_packages(path) check parameters
[0.297s] Level 1:colcon.colcon_core.package_discovery:discover_packages(colcon_meta) discover
[0.297s] Level 1:colcon.colcon_core.package_discovery:discover_packages(recursive) discover
[0.297s] INFO:colcon.colcon_core.package_discovery:Crawling recursively for packages in '/home/robert_kaiyuan/week2practice'
[0.297s] Level 1:colcon.colcon_core.package_identification:_identify(.) by extensions ['ignore', 'ignore_ament_install']
[0.297s] Level 1:colcon.colcon_core.package_identification:_identify(.) by extension 'ignore'
[0.297s] Level 1:colcon.colcon_core.package_identification:_identify(.) by extension 'ignore_ament_install'
[0.297s] Level 1:colcon.colcon_core.package_identification:_identify(.) by extensions ['colcon_pkg']
[0.297s] Level 1:colcon.colcon_core.package_identification:_identify(.) by extension 'colcon_pkg'
[0.297s] Level 1:colcon.colcon_core.package_identification:_identify(.) by extensions ['colcon_meta']
[0.297s] Level 1:colcon.colcon_core.package_identification:_identify(.) by extension 'colcon_meta'
[0.297s] Level 1:colcon.colcon_core.package_identification:_identify(.) by extensions ['ros']
[0.297s] Level 1:colcon.colcon_core.package_identification:_identify(.) by extension 'ros'
[0.304s] Level 1:colcon.colcon_core.package_identification:_identify(.) by extensions ['cmake', 'python']
[0.304s] Level 1:colcon.colcon_core.package_identification:_identify(.) by extension 'cmake'
[0.304s] Level 1:colcon.colcon_core.package_identification:_identify(.) by extension 'python'
[0.304s] Level 1:colcon.colcon_core.package_identification:_identify(.) by extensions ['python_setup_py']
[0.304s] Level 1:colcon.colcon_core.package_identification:_identify(.) by extension 'python_setup_py'
[0.304s] Level 1:colcon.colcon_core.package_identification:_identify(build) by extensions ['ignore', 'ignore_ament_install']
[0.304s] Level 1:colcon.colcon_core.package_identification:_identify(build) by extension 'ignore'
[0.304s] Level 1:colcon.colcon_core.package_identification:_identify(build) ignored
[0.304s] Level 1:colcon.colcon_core.package_identification:_identify(install) by extensions ['ignore', 'ignore_ament_install']
[0.305s] Level 1:colcon.colcon_core.package_identification:_identify(install) by extension 'ignore'
[0.305s] Level 1:colcon.colcon_core.package_identification:_identify(install) ignored
[0.305s] Level 1:colcon.colcon_core.package_identification:_identify(log) by extensions ['ignore', 'ignore_ament_install']
[0.305s] Level 1:colcon.colcon_core.package_identification:_identify(log) by extension 'ignore'
[0.305s] Level 1:colcon.colcon_core.package_identification:_identify(log) ignored
[0.305s] Level 1:colcon.colcon_core.package_identification:_identify(src) by extensions ['ignore', 'ignore_ament_install']
[0.305s] Level 1:colcon.colcon_core.package_identification:_identify(src) by extension 'ignore'
[0.305s] Level 1:colcon.colcon_core.package_identification:_identify(src) by extension 'ignore_ament_install'
[0.305s] Level 1:colcon.colcon_core.package_identification:_identify(src) by extensions ['colcon_pkg']
[0.305s] Level 1:colcon.colcon_core.package_identification:_identify(src) by extension 'colcon_pkg'
[0.305s] Level 1:colcon.colcon_core.package_identification:_identify(src) by extensions ['colcon_meta']
[0.305s] Level 1:colcon.colcon_core.package_identification:_identify(src) by extension 'colcon_meta'
[0.305s] Level 1:colcon.colcon_core.package_identification:_identify(src) by extensions ['ros']
[0.305s] Level 1:colcon.colcon_core.package_identification:_identify(src) by extension 'ros'
[0.305s] Level 1:colcon.colcon_core.package_identification:_identify(src) by extensions ['cmake', 'python']
[0.305s] Level 1:colcon.colcon_core.package_identification:_identify(src) by extension 'cmake'
[0.305s] Level 1:colcon.colcon_core.package_identification:_identify(src) by extension 'python'
[0.305s] Level 1:colcon.colcon_core.package_identification:_identify(src) by extensions ['python_setup_py']
[0.305s] Level 1:colcon.colcon_core.package_identification:_identify(src) by extension 'python_setup_py'
[0.305s] Level 1:colcon.colcon_core.package_identification:_identify(src/bringup) by extensions ['ignore', 'ignore_ament_install']
[0.306s] Level 1:colcon.colcon_core.package_identification:_identify(src/bringup) by extension 'ignore'
[0.306s] Level 1:colcon.colcon_core.package_identification:_identify(src/bringup) by extension 'ignore_ament_install'
[0.306s] Level 1:colcon.colcon_core.package_identification:_identify(src/bringup) by extensions ['colcon_pkg']
[0.306s] Level 1:colcon.colcon_core.package_identification:_identify(src/bringup) by extension 'colcon_pkg'
[0.306s] Level 1:colcon.colcon_core.package_identification:_identify(src/bringup) by extensions ['colcon_meta']
[0.306s] Level 1:colcon.colcon_core.package_identification:_identify(src/bringup) by extension 'colcon_meta'
[0.306s] Level 1:colcon.colcon_core.package_identification:_identify(src/bringup) by extensions ['ros']
[0.306s] Level 1:colcon.colcon_core.package_identification:_identify(src/bringup) by extension 'ros'
[0.307s] DEBUG:colcon.colcon_core.package_identification:Package 'src/bringup' with type 'ros.ament_cmake' and name 'bringup'
[0.307s] Level 1:colcon.colcon_core.package_identification:_identify(src/subp3d_pubtf) by extensions ['ignore', 'ignore_ament_install']
[0.307s] Level 1:colcon.colcon_core.package_identification:_identify(src/subp3d_pubtf) by extension 'ignore'
[0.307s] Level 1:colcon.colcon_core.package_identification:_identify(src/subp3d_pubtf) by extension 'ignore_ament_install'
[0.307s] Level 1:colcon.colcon_core.package_identification:_identify(src/subp3d_pubtf) by extensions ['colcon_pkg']
[0.307s] Level 1:colcon.colcon_core.package_identification:_identify(src/subp3d_pubtf) by extension 'colcon_pkg'
[0.307s] Level 1:colcon.colcon_core.package_identification:_identify(src/subp3d_pubtf) by extensions ['colcon_meta']
[0.307s] Level 1:colcon.colcon_core.package_identification:_identify(src/subp3d_pubtf) by extension 'colcon_meta'
[0.307s] Level 1:colcon.colcon_core.package_identification:_identify(src/subp3d_pubtf) by extensions ['ros']
[0.307s] Level 1:colcon.colcon_core.package_identification:_identify(src/subp3d_pubtf) by extension 'ros'
[0.308s] DEBUG:colcon.colcon_core.package_identification:Package 'src/subp3d_pubtf' with type 'ros.ament_cmake' and name 'subp3d_pubtf'
[0.308s] Level 1:colcon.colcon_core.package_discovery:discover_packages(recursive) using defaults
[0.308s] Level 1:colcon.colcon_core.package_discovery:discover_packages(ignore) discover
[0.308s] Level 1:colcon.colcon_core.package_discovery:discover_packages(ignore) using defaults
[0.308s] Level 1:colcon.colcon_core.package_discovery:discover_packages(path) discover
[0.308s] Level 1:colcon.colcon_core.package_discovery:discover_packages(path) using defaults
[0.329s] Level 1:colcon.colcon_core.package_discovery:discover_packages(prefix_path) check parameters
[0.329s] Level 1:colcon.colcon_core.package_discovery:discover_packages(prefix_path) discover
[0.332s] DEBUG:colcon.colcon_installed_package_information.package_discovery:Found 2 installed packages in /home/robert_kaiyuan/week2practice/install
[0.333s] DEBUG:colcon.colcon_installed_package_information.package_discovery:Found 387 installed packages in /opt/ros/humble
[0.335s] Level 1:colcon.colcon_core.package_discovery:discover_packages(prefix_path) using defaults
[0.365s] Level 5:colcon.colcon_core.verb:set package 'bringup' build argument 'cmake_args' from command line to 'None'
[0.366s] Level 5:colcon.colcon_core.verb:set package 'bringup' build argument 'cmake_target' from command line to 'None'
[0.366s] Level 5:colcon.colcon_core.verb:set package 'bringup' build argument 'cmake_target_skip_unavailable' from command line to 'False'
[0.366s] Level 5:colcon.colcon_core.verb:set package 'bringup' build argument 'cmake_clean_cache' from command line to 'False'
[0.366s] Level 5:colcon.colcon_core.verb:set package 'bringup' build argument 'cmake_clean_first' from command line to 'False'
[0.366s] Level 5:colcon.colcon_core.verb:set package 'bringup' build argument 'cmake_force_configure' from command line to 'False'
[0.366s] Level 5:colcon.colcon_core.verb:set package 'bringup' build argument 'ament_cmake_args' from command line to 'None'
[0.366s] Level 5:colcon.colcon_core.verb:set package 'bringup' build argument 'catkin_cmake_args' from command line to 'None'
[0.366s] Level 5:colcon.colcon_core.verb:set package 'bringup' build argument 'catkin_skip_building_tests' from command line to 'False'
[0.366s] DEBUG:colcon.colcon_core.verb:Building package 'bringup' with the following arguments: {'ament_cmake_args': None, 'build_base': '/home/robert_kaiyuan/week2practice/build/bringup', 'catkin_cmake_args': None, 'catkin_skip_building_tests': False, 'cmake_args': None, 'cmake_clean_cache': False, 'cmake_clean_first': False, 'cmake_force_configure': False, 'cmake_target': None, 'cmake_target_skip_unavailable': False, 'install_base': '/home/robert_kaiyuan/week2practice/install/bringup', 'merge_install': False, 'path': '/home/robert_kaiyuan/week2practice/src/bringup', 'symlink_install': False, 'test_result_base': None}
[0.366s] Level 5:colcon.colcon_core.verb:set package 'subp3d_pubtf' build argument 'cmake_args' from command line to 'None'
[0.366s] Level 5:colcon.colcon_core.verb:set package 'subp3d_pubtf' build argument 'cmake_target' from command line to 'None'
[0.366s] Level 5:colcon.colcon_core.verb:set package 'subp3d_pubtf' build argument 'cmake_target_skip_unavailable' from command line to 'False'
[0.366s] Level 5:colcon.colcon_core.verb:set package 'subp3d_pubtf' build argument 'cmake_clean_cache' from command line to 'False'
[0.366s] Level 5:colcon.colcon_core.verb:set package 'subp3d_pubtf' build argument 'cmake_clean_first' from command line to 'False'
[0.366s] Level 5:colcon.colcon_core.verb:set package 'subp3d_pubtf' build argument 'cmake_force_configure' from command line to 'False'
[0.366s] Level 5:colcon.colcon_core.verb:set package 'subp3d_pubtf' build argument 'ament_cmake_args' from command line to 'None'
[0.366s] Level 5:colcon.colcon_core.verb:set package 'subp3d_pubtf' build argument 'catkin_cmake_args' from command line to 'None'
[0.366s] Level 5:colcon.colcon_core.verb:set package 'subp3d_pubtf' build argument 'catkin_skip_building_tests' from command line to 'False'
[0.366s] DEBUG:colcon.colcon_core.verb:Building package 'subp3d_pubtf' with the following arguments: {'ament_cmake_args': None, 'build_base': '/home/robert_kaiyuan/week2practice/build/subp3d_pubtf', 'catkin_cmake_args': None, 'catkin_skip_building_tests': False, 'cmake_args': None, 'cmake_clean_cache': False, 'cmake_clean_first': False, 'cmake_force_configure': False, 'cmake_target': None, 'cmake_target_skip_unavailable': False, 'install_base': '/home/robert_kaiyuan/week2practice/install/subp3d_pubtf', 'merge_install': False, 'path': '/home/robert_kaiyuan/week2practice/src/subp3d_pubtf', 'symlink_install': False, 'test_result_base': None}
[0.366s] INFO:colcon.colcon_core.executor:Executing jobs using 'parallel' executor
[0.367s] DEBUG:colcon.colcon_parallel_executor.executor.parallel:run_until_complete
[0.368s] INFO:colcon.colcon_ros.task.ament_cmake.build:Building ROS package in '/home/robert_kaiyuan/week2practice/src/bringup' with build type 'ament_cmake'
[0.368s] INFO:colcon.colcon_cmake.task.cmake.build:Building CMake package in '/home/robert_kaiyuan/week2practice/src/bringup'
[0.369s] INFO:colcon.colcon_core.plugin_system:Skipping extension 'colcon_core.shell.bat': Not used on non-Windows systems
[0.370s] INFO:colcon.colcon_core.shell:Skip shell extension 'powershell' for command environment: Not usable outside of PowerShell
[0.370s] DEBUG:colcon.colcon_core.shell:Skip shell extension 'dsv' for command environment
[0.373s] INFO:colcon.colcon_ros.task.ament_cmake.build:Building ROS package in '/home/robert_kaiyuan/week2practice/src/subp3d_pubtf' with build type 'ament_cmake'
[0.373s] INFO:colcon.colcon_cmake.task.cmake.build:Building CMake package in '/home/robert_kaiyuan/week2practice/src/subp3d_pubtf'
[0.373s] INFO:colcon.colcon_core.shell:Skip shell extension 'powershell' for command environment: Not usable outside of PowerShell
[0.373s] DEBUG:colcon.colcon_core.shell:Skip shell extension 'dsv' for command environment
[0.382s] DEBUG:colcon.colcon_core.event_handler.log_command:Invoking command in '/home/robert_kaiyuan/week2practice/build/bringup': CMAKE_PREFIX_PATH=${CMAKE_PREFIX_PATH}:/opt/ros/humble /usr/bin/cmake --build /home/robert_kaiyuan/week2practice/build/bringup -- -j16 -l16
[0.386s] DEBUG:colcon.colcon_core.event_handler.log_command:Invoking command in '/home/robert_kaiyuan/week2practice/build/subp3d_pubtf': CMAKE_PREFIX_PATH=${CMAKE_PREFIX_PATH}:/opt/ros/humble /usr/bin/cmake --build /home/robert_kaiyuan/week2practice/build/subp3d_pubtf -- -j16 -l16
[0.424s] DEBUG:colcon.colcon_core.event_handler.log_command:Invoked command in '/home/robert_kaiyuan/week2practice/build/bringup' returned '0': CMAKE_PREFIX_PATH=${CMAKE_PREFIX_PATH}:/opt/ros/humble /usr/bin/cmake --build /home/robert_kaiyuan/week2practice/build/bringup -- -j16 -l16
[0.432s] DEBUG:colcon.colcon_core.event_handler.log_command:Invoking command in '/home/robert_kaiyuan/week2practice/build/bringup': CMAKE_PREFIX_PATH=${CMAKE_PREFIX_PATH}:/opt/ros/humble /usr/bin/cmake --install /home/robert_kaiyuan/week2practice/build/bringup
[0.440s] Level 1:colcon.colcon_core.environment:create_environment_scripts_only(bringup)
[0.441s] DEBUG:colcon.colcon_core.event_handler.log_command:Invoked command in '/home/robert_kaiyuan/week2practice/build/bringup' returned '0': CMAKE_PREFIX_PATH=${CMAKE_PREFIX_PATH}:/opt/ros/humble /usr/bin/cmake --install /home/robert_kaiyuan/week2practice/build/bringup
[0.443s] Level 1:colcon.colcon_core.environment:checking '/home/robert_kaiyuan/week2practice/install/bringup' for CMake module files
[0.444s] Level 1:colcon.colcon_core.environment:checking '/home/robert_kaiyuan/week2practice/install/bringup' for CMake config files
[0.444s] Level 1:colcon.colcon_core.shell:create_environment_hook('bringup', 'cmake_prefix_path')
[0.444s] INFO:colcon.colcon_core.shell:Creating environment hook '/home/robert_kaiyuan/week2practice/install/bringup/share/bringup/hook/cmake_prefix_path.ps1'
[0.444s] INFO:colcon.colcon_core.shell:Creating environment descriptor '/home/robert_kaiyuan/week2practice/install/bringup/share/bringup/hook/cmake_prefix_path.dsv'
[0.445s] INFO:colcon.colcon_core.shell:Creating environment hook '/home/robert_kaiyuan/week2practice/install/bringup/share/bringup/hook/cmake_prefix_path.sh'
[0.446s] Level 1:colcon.colcon_core.environment:checking '/home/robert_kaiyuan/week2practice/install/bringup/bin'
[0.446s] Level 1:colcon.colcon_core.environment:checking '/home/robert_kaiyuan/week2practice/install/bringup/lib/pkgconfig/bringup.pc'
[0.446s] Level 1:colcon.colcon_core.environment:checking '/home/robert_kaiyuan/week2practice/install/bringup/lib/python3.10/site-packages'
[0.446s] Level 1:colcon.colcon_core.environment:checking '/home/robert_kaiyuan/week2practice/install/bringup/bin'
[0.446s] INFO:colcon.colcon_core.shell:Creating package script '/home/robert_kaiyuan/week2practice/install/bringup/share/bringup/package.ps1'
[0.447s] INFO:colcon.colcon_core.shell:Creating package descriptor '/home/robert_kaiyuan/week2practice/install/bringup/share/bringup/package.dsv'
[0.447s] INFO:colcon.colcon_core.shell:Creating package script '/home/robert_kaiyuan/week2practice/install/bringup/share/bringup/package.sh'
[0.447s] INFO:colcon.colcon_core.shell:Creating package script '/home/robert_kaiyuan/week2practice/install/bringup/share/bringup/package.bash'
[0.448s] INFO:colcon.colcon_core.shell:Creating package script '/home/robert_kaiyuan/week2practice/install/bringup/share/bringup/package.zsh'
[0.448s] Level 1:colcon.colcon_core.environment:create_file_with_runtime_dependencies(/home/robert_kaiyuan/week2practice/install/bringup/share/colcon-core/packages/bringup)
[0.449s] Level 1:colcon.colcon_core.environment:create_environment_scripts_only(bringup)
[0.449s] Level 1:colcon.colcon_core.environment:checking '/home/robert_kaiyuan/week2practice/install/bringup' for CMake module files
[0.449s] Level 1:colcon.colcon_core.environment:checking '/home/robert_kaiyuan/week2practice/install/bringup' for CMake config files
[0.450s] Level 1:colcon.colcon_core.shell:create_environment_hook('bringup', 'cmake_prefix_path')
[0.450s] INFO:colcon.colcon_core.shell:Creating environment hook '/home/robert_kaiyuan/week2practice/install/bringup/share/bringup/hook/cmake_prefix_path.ps1'
[0.450s] INFO:colcon.colcon_core.shell:Creating environment descriptor '/home/robert_kaiyuan/week2practice/install/bringup/share/bringup/hook/cmake_prefix_path.dsv'
[0.450s] INFO:colcon.colcon_core.shell:Creating environment hook '/home/robert_kaiyuan/week2practice/install/bringup/share/bringup/hook/cmake_prefix_path.sh'
[0.451s] Level 1:colcon.colcon_core.environment:checking '/home/robert_kaiyuan/week2practice/install/bringup/bin'
[0.451s] Level 1:colcon.colcon_core.environment:checking '/home/robert_kaiyuan/week2practice/install/bringup/lib/pkgconfig/bringup.pc'
[0.451s] Level 1:colcon.colcon_core.environment:checking '/home/robert_kaiyuan/week2practice/install/bringup/lib/python3.10/site-packages'
[0.451s] Level 1:colcon.colcon_core.environment:checking '/home/robert_kaiyuan/week2practice/install/bringup/bin'
[0.451s] INFO:colcon.colcon_core.shell:Creating package script '/home/robert_kaiyuan/week2practice/install/bringup/share/bringup/package.ps1'
[0.452s] INFO:colcon.colcon_core.shell:Creating package descriptor '/home/robert_kaiyuan/week2practice/install/bringup/share/bringup/package.dsv'
[0.452s] INFO:colcon.colcon_core.shell:Creating package script '/home/robert_kaiyuan/week2practice/install/bringup/share/bringup/package.sh'
[0.452s] INFO:colcon.colcon_core.shell:Creating package script '/home/robert_kaiyuan/week2practice/install/bringup/share/bringup/package.bash'
[0.453s] INFO:colcon.colcon_core.shell:Creating package script '/home/robert_kaiyuan/week2practice/install/bringup/share/bringup/package.zsh'
[0.453s] Level 1:colcon.colcon_core.environment:create_file_with_runtime_dependencies(/home/robert_kaiyuan/week2practice/install/bringup/share/colcon-core/packages/bringup)
[8.288s] DEBUG:colcon.colcon_core.event_handler.log_command:Invoked command in '/home/robert_kaiyuan/week2practice/build/subp3d_pubtf' returned '0': CMAKE_PREFIX_PATH=${CMAKE_PREFIX_PATH}:/opt/ros/humble /usr/bin/cmake --build /home/robert_kaiyuan/week2practice/build/subp3d_pubtf -- -j16 -l16
[8.290s] DEBUG:colcon.colcon_core.event_handler.log_command:Invoking command in '/home/robert_kaiyuan/week2practice/build/subp3d_pubtf': CMAKE_PREFIX_PATH=${CMAKE_PREFIX_PATH}:/opt/ros/humble /usr/bin/cmake --install /home/robert_kaiyuan/week2practice/build/subp3d_pubtf
[8.303s] Level 1:colcon.colcon_core.environment:create_environment_scripts_only(subp3d_pubtf)
[8.303s] Level 1:colcon.colcon_core.environment:checking '/home/robert_kaiyuan/week2practice/install/subp3d_pubtf' for CMake module files
[8.304s] DEBUG:colcon.colcon_core.event_handler.log_command:Invoked command in '/home/robert_kaiyuan/week2practice/build/subp3d_pubtf' returned '0': CMAKE_PREFIX_PATH=${CMAKE_PREFIX_PATH}:/opt/ros/humble /usr/bin/cmake --install /home/robert_kaiyuan/week2practice/build/subp3d_pubtf
[8.304s] Level 1:colcon.colcon_core.environment:checking '/home/robert_kaiyuan/week2practice/install/subp3d_pubtf' for CMake config files
[8.304s] Level 1:colcon.colcon_core.shell:create_environment_hook('subp3d_pubtf', 'cmake_prefix_path')
[8.305s] INFO:colcon.colcon_core.shell:Creating environment hook '/home/robert_kaiyuan/week2practice/install/subp3d_pubtf/share/subp3d_pubtf/hook/cmake_prefix_path.ps1'
[8.305s] INFO:colcon.colcon_core.shell:Creating environment descriptor '/home/robert_kaiyuan/week2practice/install/subp3d_pubtf/share/subp3d_pubtf/hook/cmake_prefix_path.dsv'
[8.306s] INFO:colcon.colcon_core.shell:Creating environment hook '/home/robert_kaiyuan/week2practice/install/subp3d_pubtf/share/subp3d_pubtf/hook/cmake_prefix_path.sh'
[8.306s] Level 1:colcon.colcon_core.environment:checking '/home/robert_kaiyuan/week2practice/install/subp3d_pubtf/lib'
[8.306s] Level 1:colcon.colcon_core.environment:checking '/home/robert_kaiyuan/week2practice/install/subp3d_pubtf/bin'
[8.307s] Level 1:colcon.colcon_core.environment:checking '/home/robert_kaiyuan/week2practice/install/subp3d_pubtf/lib/pkgconfig/subp3d_pubtf.pc'
[8.307s] Level 1:colcon.colcon_core.environment:checking '/home/robert_kaiyuan/week2practice/install/subp3d_pubtf/lib/python3.10/site-packages'
[8.307s] Level 1:colcon.colcon_core.environment:checking '/home/robert_kaiyuan/week2practice/install/subp3d_pubtf/bin'
[8.307s] INFO:colcon.colcon_core.shell:Creating package script '/home/robert_kaiyuan/week2practice/install/subp3d_pubtf/share/subp3d_pubtf/package.ps1'
[8.307s] INFO:colcon.colcon_core.shell:Creating package descriptor '/home/robert_kaiyuan/week2practice/install/subp3d_pubtf/share/subp3d_pubtf/package.dsv'
[8.308s] INFO:colcon.colcon_core.shell:Creating package script '/home/robert_kaiyuan/week2practice/install/subp3d_pubtf/share/subp3d_pubtf/package.sh'
[8.308s] INFO:colcon.colcon_core.shell:Creating package script '/home/robert_kaiyuan/week2practice/install/subp3d_pubtf/share/subp3d_pubtf/package.bash'
[8.309s] INFO:colcon.colcon_core.shell:Creating package script '/home/robert_kaiyuan/week2practice/install/subp3d_pubtf/share/subp3d_pubtf/package.zsh'
[8.309s] Level 1:colcon.colcon_core.environment:create_file_with_runtime_dependencies(/home/robert_kaiyuan/week2practice/install/subp3d_pubtf/share/colcon-core/packages/subp3d_pubtf)
[8.310s] Level 1:colcon.colcon_core.environment:create_environment_scripts_only(subp3d_pubtf)
[8.310s] Level 1:colcon.colcon_core.environment:checking '/home/robert_kaiyuan/week2practice/install/subp3d_pubtf' for CMake module files
[8.310s] Level 1:colcon.colcon_core.environment:checking '/home/robert_kaiyuan/week2practice/install/subp3d_pubtf' for CMake config files
[8.310s] Level 1:colcon.colcon_core.shell:create_environment_hook('subp3d_pubtf', 'cmake_prefix_path')
[8.310s] INFO:colcon.colcon_core.shell:Creating environment hook '/home/robert_kaiyuan/week2practice/install/subp3d_pubtf/share/subp3d_pubtf/hook/cmake_prefix_path.ps1'
[8.311s] INFO:colcon.colcon_core.shell:Creating environment descriptor '/home/robert_kaiyuan/week2practice/install/subp3d_pubtf/share/subp3d_pubtf/hook/cmake_prefix_path.dsv'
[8.311s] INFO:colcon.colcon_core.shell:Creating environment hook '/home/robert_kaiyuan/week2practice/install/subp3d_pubtf/share/subp3d_pubtf/hook/cmake_prefix_path.sh'
[8.312s] Level 1:colcon.colcon_core.environment:checking '/home/robert_kaiyuan/week2practice/install/subp3d_pubtf/lib'
[8.312s] Level 1:colcon.colcon_core.environment:checking '/home/robert_kaiyuan/week2practice/install/subp3d_pubtf/bin'
[8.312s] Level 1:colcon.colcon_core.environment:checking '/home/robert_kaiyuan/week2practice/install/subp3d_pubtf/lib/pkgconfig/subp3d_pubtf.pc'
[8.312s] Level 1:colcon.colcon_core.environment:checking '/home/robert_kaiyuan/week2practice/install/subp3d_pubtf/lib/python3.10/site-packages'
[8.312s] Level 1:colcon.colcon_core.environment:checking '/home/robert_kaiyuan/week2practice/install/subp3d_pubtf/bin'
[8.312s] INFO:colcon.colcon_core.shell:Creating package script '/home/robert_kaiyuan/week2practice/install/subp3d_pubtf/share/subp3d_pubtf/package.ps1'
[8.313s] INFO:colcon.colcon_core.shell:Creating package descriptor '/home/robert_kaiyuan/week2practice/install/subp3d_pubtf/share/subp3d_pubtf/package.dsv'
[8.313s] INFO:colcon.colcon_core.shell:Creating package script '/home/robert_kaiyuan/week2practice/install/subp3d_pubtf/share/subp3d_pubtf/package.sh'
[8.313s] INFO:colcon.colcon_core.shell:Creating package script '/home/robert_kaiyuan/week2practice/install/subp3d_pubtf/share/subp3d_pubtf/package.bash'
[8.314s] INFO:colcon.colcon_core.shell:Creating package script '/home/robert_kaiyuan/week2practice/install/subp3d_pubtf/share/subp3d_pubtf/package.zsh'
[8.314s] Level 1:colcon.colcon_core.environment:create_file_with_runtime_dependencies(/home/robert_kaiyuan/week2practice/install/subp3d_pubtf/share/colcon-core/packages/subp3d_pubtf)
[8.314s] DEBUG:colcon.colcon_parallel_executor.executor.parallel:closing loop
[8.314s] DEBUG:colcon.colcon_parallel_executor.executor.parallel:loop closed
[8.315s] DEBUG:colcon.colcon_parallel_executor.executor.parallel:run_until_complete finished with '0'
[8.316s] DEBUG:colcon.colcon_core.event_reactor:joining thread
[8.398s] INFO:colcon.colcon_core.plugin_system:Skipping extension 'colcon_notification.desktop_notification.notify_send': Could not find 'notify-send'
[8.398s] INFO:colcon.colcon_core.plugin_system:Skipping extension 'colcon_notification.desktop_notification.terminal_notifier': Not used on non-Darwin systems
[8.399s] INFO:colcon.colcon_core.plugin_system:Skipping extension 'colcon_notification.desktop_notification.win32': Not used on non-Windows systems
[8.399s] INFO:colcon.colcon_notification.desktop_notification:Sending desktop notification using 'notify2'
[8.400s] DEBUG:colcon.colcon_notification.desktop_notification.notify2:Failed to initialize notify2: org.freedesktop.DBus.Error.ServiceUnknown: The name org.freedesktop.Notifications was not provided by any .service files
[8.400s] DEBUG:colcon.colcon_core.event_reactor:joined thread
[8.400s] INFO:colcon.colcon_core.shell:Creating prefix script '/home/robert_kaiyuan/week2practice/install/local_setup.ps1'
[8.401s] INFO:colcon.colcon_core.shell:Creating prefix util module '/home/robert_kaiyuan/week2practice/install/_local_setup_util_ps1.py'
[8.402s] INFO:colcon.colcon_core.shell:Creating prefix chain script '/home/robert_kaiyuan/week2practice/install/setup.ps1'
[8.403s] INFO:colcon.colcon_core.shell:Creating prefix script '/home/robert_kaiyuan/week2practice/install/local_setup.sh'
[8.403s] INFO:colcon.colcon_core.shell:Creating prefix util module '/home/robert_kaiyuan/week2practice/install/_local_setup_util_sh.py'
[8.403s] INFO:colcon.colcon_core.shell:Creating prefix chain script '/home/robert_kaiyuan/week2practice/install/setup.sh'
[8.404s] INFO:colcon.colcon_core.shell:Creating prefix script '/home/robert_kaiyuan/week2practice/install/local_setup.bash'
[8.404s] INFO:colcon.colcon_core.shell:Creating prefix chain script '/home/robert_kaiyuan/week2practice/install/setup.bash'
[8.405s] INFO:colcon.colcon_core.shell:Creating prefix script '/home/robert_kaiyuan/week2practice/install/local_setup.zsh'
[8.405s] INFO:colcon.colcon_core.shell:Creating prefix chain script '/home/robert_kaiyuan/week2practice/install/setup.zsh'
