[0.260s] Invoking command in '/home/robert_kaiyuan/week2practice/build/subtf_print': CMAKE_PREFIX_PATH=${CMAKE_PREFIX_PATH}:/home/robert_kaiyuan/week2practice/install/my_map:/opt/ros/humble /usr/bin/cmake --build /home/robert_kaiyuan/week2practice/build/subtf_print -- -j16 -l16
[0.306s] [100%] Built target subtf_print
[0.320s] Invoked command in '/home/robert_kaiyuan/week2practice/build/subtf_print' returned '0': CMAKE_PREFIX_PATH=${CMAKE_PREFIX_PATH}:/home/robert_kaiyuan/week2practice/install/my_map:/opt/ros/humble /usr/bin/cmake --build /home/robert_kaiyuan/week2practice/build/subtf_print -- -j16 -l16
[0.322s] Invoking command in '/home/robert_kaiyuan/week2practice/build/subtf_print': CMAKE_PREFIX_PATH=${CMAKE_PREFIX_PATH}:/home/robert_kaiyuan/week2practice/install/my_map:/opt/ros/humble /usr/bin/cmake --install /home/robert_kaiyuan/week2practice/build/subtf_print
[0.328s] -- Install configuration: ""
[0.328s] -- Up-to-date: /home/robert_kaiyuan/week2practice/install/subtf_print/lib/subtf_print/subtf_print
[0.329s] -- Up-to-date: /home/robert_kaiyuan/week2practice/install/subtf_print/share/ament_index/resource_index/package_run_dependencies/subtf_print
[0.329s] -- Up-to-date: /home/robert_kaiyuan/week2practice/install/subtf_print/share/ament_index/resource_index/parent_prefix_path/subtf_print
[0.331s] -- Up-to-date: /home/robert_kaiyuan/week2practice/install/subtf_print/share/subtf_print/environment/ament_prefix_path.sh
[0.332s] -- Up-to-date: /home/robert_kaiyuan/week2practice/install/subtf_print/share/subtf_print/environment/ament_prefix_path.dsv
[0.333s] -- Up-to-date: /home/robert_kaiyuan/week2practice/install/subtf_print/share/subtf_print/environment/path.sh
[0.333s] -- Up-to-date: /home/robert_kaiyuan/week2practice/install/subtf_print/share/subtf_print/environment/path.dsv
[0.333s] -- Up-to-date: /home/robert_kaiyuan/week2practice/install/subtf_print/share/subtf_print/local_setup.bash
[0.333s] -- Up-to-date: /home/robert_kaiyuan/week2practice/install/subtf_print/share/subtf_print/local_setup.sh
[0.333s] -- Up-to-date: /home/robert_kaiyuan/week2practice/install/subtf_print/share/subtf_print/local_setup.zsh
[0.334s] -- Up-to-date: /home/robert_kaiyuan/week2practice/install/subtf_print/share/subtf_print/local_setup.dsv
[0.334s] -- Installing: /home/robert_kaiyuan/week2practice/install/subtf_print/share/subtf_print/package.dsv
[0.334s] -- Up-to-date: /home/robert_kaiyuan/week2practice/install/subtf_print/share/ament_index/resource_index/packages/subtf_print
[0.334s] -- Up-to-date: /home/robert_kaiyuan/week2practice/install/subtf_print/share/subtf_print/cmake/subtf_printConfig.cmake
[0.334s] -- Up-to-date: /home/robert_kaiyuan/week2practice/install/subtf_print/share/subtf_print/cmake/subtf_printConfig-version.cmake
[0.334s] -- Up-to-date: /home/robert_kaiyuan/week2practice/install/subtf_print/share/subtf_print/package.xml
[0.348s] Invoked command in '/home/robert_kaiyuan/week2practice/build/subtf_print' returned '0': CMAKE_PREFIX_PATH=${CMAKE_PREFIX_PATH}:/home/robert_kaiyuan/week2practice/install/my_map:/opt/ros/humble /usr/bin/cmake --install /home/robert_kaiyuan/week2practice/build/subtf_print
