[0.186s] Invoking command in '/home/robert_kaiyuan/week2practice/build/subtf_print': CMAKE_PREFIX_PATH=${CMAKE_PREFIX_PATH}:/home/robert_kaiyuan/week2practice/install/my_map:/opt/ros/humble /usr/bin/cmake --build /home/robert_kaiyuan/week2practice/build/subtf_print -- -j16 -l16
[0.231s] [100%] Built target subtf_print
[0.240s] Invoked command in '/home/robert_kaiyuan/week2practice/build/subtf_print' returned '0': CMAKE_PREFIX_PATH=${CMAKE_PREFIX_PATH}:/home/robert_kaiyuan/week2practice/install/my_map:/opt/ros/humble /usr/bin/cmake --build /home/robert_kaiyuan/week2practice/build/subtf_print -- -j16 -l16
[0.243s] Invoking command in '/home/robert_kaiyuan/week2practice/build/subtf_print': CMAKE_PREFIX_PATH=${CMAKE_PREFIX_PATH}:/home/robert_kaiyuan/week2practice/install/my_map:/opt/ros/humble /usr/bin/cmake --install /home/robert_kaiyuan/week2practice/build/subtf_print
[0.248s] -- Install configuration: ""
[0.248s] -- Up-to-date: /home/robert_kaiyuan/week2practice/install/subtf_print/lib/subtf_print/subtf_print
[0.249s] -- Up-to-date: /home/robert_kaiyuan/week2practice/install/subtf_print/share/ament_index/resource_index/package_run_dependencies/subtf_print
[0.249s] -- Up-to-date: /home/robert_kaiyuan/week2practice/install/subtf_print/share/ament_index/resource_index/parent_prefix_path/subtf_print
[0.250s] -- Up-to-date: /home/robert_kaiyuan/week2practice/install/subtf_print/share/subtf_print/environment/ament_prefix_path.sh
[0.250s] -- Up-to-date: /home/robert_kaiyuan/week2practice/install/subtf_print/share/subtf_print/environment/ament_prefix_path.dsv
[0.250s] -- Up-to-date: /home/robert_kaiyuan/week2practice/install/subtf_print/share/subtf_print/environment/path.sh
[0.250s] -- Up-to-date: /home/robert_kaiyuan/week2practice/install/subtf_print/share/subtf_print/environment/path.dsv
[0.250s] -- Up-to-date: /home/robert_kaiyuan/week2practice/install/subtf_print/share/subtf_print/local_setup.bash
[0.251s] -- Up-to-date: /home/robert_kaiyuan/week2practice/install/subtf_print/share/subtf_print/local_setup.sh
[0.251s] -- Up-to-date: /home/robert_kaiyuan/week2practice/install/subtf_print/share/subtf_print/local_setup.zsh
[0.252s] -- Up-to-date: /home/robert_kaiyuan/week2practice/install/subtf_print/share/subtf_print/local_setup.dsv
[0.252s] -- Installing: /home/robert_kaiyuan/week2practice/install/subtf_print/share/subtf_print/package.dsv
[0.252s] -- Up-to-date: /home/robert_kaiyuan/week2practice/install/subtf_print/share/ament_index/resource_index/packages/subtf_print
[0.253s] -- Up-to-date: /home/robert_kaiyuan/week2practice/install/subtf_print/share/subtf_print/cmake/subtf_printConfig.cmake
[0.253s] -- Up-to-date: /home/robert_kaiyuan/week2practice/install/subtf_print/share/subtf_print/cmake/subtf_printConfig-version.cmake
[0.256s] -- Up-to-date: /home/robert_kaiyuan/week2practice/install/subtf_print/share/subtf_print/package.xml
[0.266s] Invoked command in '/home/robert_kaiyuan/week2practice/build/subtf_print' returned '0': CMAKE_PREFIX_PATH=${CMAKE_PREFIX_PATH}:/home/robert_kaiyuan/week2practice/install/my_map:/opt/ros/humble /usr/bin/cmake --install /home/robert_kaiyuan/week2practice/build/subtf_print
