[0.500s] Invoking command in '/home/robert_kaiyuan/week2practice/src/my_map': PYTHONPATH=/home/robert_kaiyuan/week2practice/build/my_map/prefix_override:/usr/lib/python3/dist-packages/colcon_core/task/python/colcon_distutils_commands:/home/robert_kaiyuan/week2practice/install/my_map/lib/python3.10/site-packages:${PYTHONPATH} /usr/bin/python3 -W ignore:setup.py install is deprecated -W ignore:easy_install command is deprecated setup.py egg_info --egg-base ../../build/my_map build --build-base /home/robert_kaiyuan/week2practice/build/my_map/build install --record /home/robert_kaiyuan/week2practice/build/my_map/install.log --single-version-externally-managed install_data
[0.653s] running egg_info
[0.654s] writing ../../build/my_map/my_map.egg-info/PKG-INFO
[0.654s] writing dependency_links to ../../build/my_map/my_map.egg-info/dependency_links.txt
[0.654s] writing entry points to ../../build/my_map/my_map.egg-info/entry_points.txt
[0.655s] writing requirements to ../../build/my_map/my_map.egg-info/requires.txt
[0.655s] writing top-level names to ../../build/my_map/my_map.egg-info/top_level.txt
[0.656s] reading manifest file '../../build/my_map/my_map.egg-info/SOURCES.txt'
[0.656s] writing manifest file '../../build/my_map/my_map.egg-info/SOURCES.txt'
[0.657s] running build
[0.657s] running build_py
[0.657s] copying my_map/my_map.py -> /home/robert_kaiyuan/week2practice/build/my_map/build/lib/my_map
[0.657s] running install
[0.657s] running install_lib
[0.659s] copying /home/robert_kaiyuan/week2practice/build/my_map/build/lib/my_map/my_map.py -> /home/robert_kaiyuan/week2practice/install/my_map/lib/python3.10/site-packages/my_map
[0.659s] byte-compiling /home/robert_kaiyuan/week2practice/install/my_map/lib/python3.10/site-packages/my_map/my_map.py to my_map.cpython-310.pyc
[0.660s] running install_data
[0.660s] running install_egg_info
[0.661s] removing '/home/robert_kaiyuan/week2practice/install/my_map/lib/python3.10/site-packages/my_map-0.0.0-py3.10.egg-info' (and everything under it)
[0.661s] Copying ../../build/my_map/my_map.egg-info to /home/robert_kaiyuan/week2practice/install/my_map/lib/python3.10/site-packages/my_map-0.0.0-py3.10.egg-info
[0.662s] running install_scripts
[0.675s] Installing my_map script to /home/robert_kaiyuan/week2practice/install/my_map/lib/my_map
[0.675s] writing list of installed files to '/home/robert_kaiyuan/week2practice/build/my_map/install.log'
[0.695s] Invoked command in '/home/robert_kaiyuan/week2practice/src/my_map' returned '0': PYTHONPATH=/home/robert_kaiyuan/week2practice/build/my_map/prefix_override:/usr/lib/python3/dist-packages/colcon_core/task/python/colcon_distutils_commands:/home/robert_kaiyuan/week2practice/install/my_map/lib/python3.10/site-packages:${PYTHONPATH} /usr/bin/python3 -W ignore:setup.py install is deprecated -W ignore:easy_install command is deprecated setup.py egg_info --egg-base ../../build/my_map build --build-base /home/robert_kaiyuan/week2practice/build/my_map/build install --record /home/robert_kaiyuan/week2practice/build/my_map/install.log --single-version-externally-managed install_data
