[0.019s] Invoking command in '/home/robert_kaiyuan/week2practice/build/bringup': CMAKE_PREFIX_PATH=${CMAKE_PREFIX_PATH}:/opt/ros/humble /usr/bin/cmake /home/robert_kaiyuan/week2practice/src/bringup -DCMAKE_INSTALL_PREFIX=/home/robert_kaiyuan/week2practice/install/bringup
[0.362s] -- The C compiler identification is GNU 11.4.0
[1.153s] -- The CXX compiler identification is GNU 11.4.0
[1.669s] -- Detecting C compiler ABI info
[1.929s] -- Detecting C compiler ABI info - done
[1.933s] -- Check for working C compiler: /usr/bin/cc - skipped
[1.942s] -- Detecting C compile features
[1.943s] -- Detecting C compile features - done
[1.947s] -- Detecting CXX compiler ABI info
[2.211s] -- Detecting CXX compiler ABI info - done
[2.217s] -- Check for working CXX compiler: /usr/bin/c++ - skipped
[2.217s] -- Detecting CXX compile features
[2.217s] -- Detecting CXX compile features - done
[2.245s] -- Found ament_cmake: 1.3.11 (/opt/ros/humble/share/ament_cmake/cmake)
[2.368s] -- Found Python3: /usr/bin/python3 (found version "3.10.12") found components: Interpreter 
[2.461s] -- Found ament_lint_auto: 0.12.11 (/opt/ros/humble/share/ament_lint_auto/cmake)
[2.537s] -- Added test 'flake8' to check Python code syntax and style conventions
[2.539s] -- Added test 'lint_cmake' to check CMake code style
[2.539s] -- Added test 'pep257' to check Python code against some of the docstring style conventions in PEP 257
[2.542s] -- Added test 'xmllint' to check XML markup files
[2.543s] -- Configuring done
[2.547s] -- Generating done
[2.549s] -- Build files have been written to: /home/robert_kaiyuan/week2practice/build/bringup
[2.556s] Invoked command in '/home/robert_kaiyuan/week2practice/build/bringup' returned '0': CMAKE_PREFIX_PATH=${CMAKE_PREFIX_PATH}:/opt/ros/humble /usr/bin/cmake /home/robert_kaiyuan/week2practice/src/bringup -DCMAKE_INSTALL_PREFIX=/home/robert_kaiyuan/week2practice/install/bringup
[2.559s] Invoking command in '/home/robert_kaiyuan/week2practice/build/bringup': CMAKE_PREFIX_PATH=${CMAKE_PREFIX_PATH}:/opt/ros/humble /usr/bin/cmake --build /home/robert_kaiyuan/week2practice/build/bringup -- -j16 -l16
[2.597s] Invoked command in '/home/robert_kaiyuan/week2practice/build/bringup' returned '0': CMAKE_PREFIX_PATH=${CMAKE_PREFIX_PATH}:/opt/ros/humble /usr/bin/cmake --build /home/robert_kaiyuan/week2practice/build/bringup -- -j16 -l16
[2.608s] Invoking command in '/home/robert_kaiyuan/week2practice/build/bringup': CMAKE_PREFIX_PATH=${CMAKE_PREFIX_PATH}:/opt/ros/humble /usr/bin/cmake --install /home/robert_kaiyuan/week2practice/build/bringup
[2.615s] -- Install configuration: ""
[2.615s] -- Installing: /home/robert_kaiyuan/week2practice/install/bringup/share/bringup/src
[2.615s] -- Installing: /home/robert_kaiyuan/week2practice/install/bringup/share/bringup/src/description
[2.615s] -- Installing: /home/robert_kaiyuan/week2practice/install/bringup/share/bringup/src/description/mecanum_bot_description.urdf
[2.637s] -- Installing: /home/robert_kaiyuan/week2practice/install/bringup/share/bringup/src/description/diff_bot_description.urdf
[2.638s] -- Installing: /home/robert_kaiyuan/week2practice/install/bringup/share/bringup/launch
[2.638s] -- Installing: /home/robert_kaiyuan/week2practice/install/bringup/share/bringup/launch/mecanum_bot.launch.py
[2.638s] -- Installing: /home/robert_kaiyuan/week2practice/install/bringup/share/bringup/launch/diff_bot.launch.py
[2.639s] -- Installing: /home/robert_kaiyuan/week2practice/install/bringup/share/bringup/rviz
[2.639s] -- Installing: /home/robert_kaiyuan/week2practice/install/bringup/share/bringup/rviz/urdf_config.rviz
[2.640s] -- Installing: /home/robert_kaiyuan/week2practice/install/bringup/share/bringup/config
[2.640s] -- Installing: /home/robert_kaiyuan/week2practice/install/bringup/share/bringup/config/ekf.yaml
[2.640s] -- Installing: /home/robert_kaiyuan/week2practice/install/bringup/share/bringup/world
[2.641s] -- Installing: /home/robert_kaiyuan/week2practice/install/bringup/share/bringup/world/my_world.sdf
[2.642s] -- Installing: /home/robert_kaiyuan/week2practice/install/bringup/share/ament_index/resource_index/package_run_dependencies/bringup
[2.642s] -- Installing: /home/robert_kaiyuan/week2practice/install/bringup/share/ament_index/resource_index/parent_prefix_path/bringup
[2.642s] -- Installing: /home/robert_kaiyuan/week2practice/install/bringup/share/bringup/environment/ament_prefix_path.sh
[2.643s] -- Installing: /home/robert_kaiyuan/week2practice/install/bringup/share/bringup/environment/ament_prefix_path.dsv
[2.643s] -- Installing: /home/robert_kaiyuan/week2practice/install/bringup/share/bringup/environment/path.sh
[2.643s] -- Installing: /home/robert_kaiyuan/week2practice/install/bringup/share/bringup/environment/path.dsv
[2.643s] -- Installing: /home/robert_kaiyuan/week2practice/install/bringup/share/bringup/local_setup.bash
[2.643s] -- Installing: /home/robert_kaiyuan/week2practice/install/bringup/share/bringup/local_setup.sh
[2.644s] -- Installing: /home/robert_kaiyuan/week2practice/install/bringup/share/bringup/local_setup.zsh
[2.644s] -- Installing: /home/robert_kaiyuan/week2practice/install/bringup/share/bringup/local_setup.dsv
[2.644s] -- Installing: /home/robert_kaiyuan/week2practice/install/bringup/share/bringup/package.dsv
[2.644s] -- Installing: /home/robert_kaiyuan/week2practice/install/bringup/share/ament_index/resource_index/packages/bringup
[2.644s] -- Installing: /home/robert_kaiyuan/week2practice/install/bringup/share/bringup/cmake/bringupConfig.cmake
[2.644s] -- Installing: /home/robert_kaiyuan/week2practice/install/bringup/share/bringup/cmake/bringupConfig-version.cmake
[2.644s] -- Installing: /home/robert_kaiyuan/week2practice/install/bringup/share/bringup/package.xml
[2.646s] Invoked command in '/home/robert_kaiyuan/week2practice/build/bringup' returned '0': CMAKE_PREFIX_PATH=${CMAKE_PREFIX_PATH}:/opt/ros/humble /usr/bin/cmake --install /home/robert_kaiyuan/week2practice/build/bringup
