[0.871s] Invoking command in '/home/robert_kaiyuan/week2practice/src/my_map': PYTHONPATH=/home/robert_kaiyuan/week2practice/build/my_map/prefix_override:/usr/lib/python3/dist-packages/colcon_core/task/python/colcon_distutils_commands:/home/robert_kaiyuan/week2practice/install/my_map/lib/python3.10/site-packages:${PYTHONPATH} /usr/bin/python3 -W ignore:setup.py install is deprecated -W ignore:easy_install command is deprecated setup.py egg_info --egg-base ../../build/my_map build --build-base /home/robert_kaiyuan/week2practice/build/my_map/build install --record /home/robert_kaiyuan/week2practice/build/my_map/install.log --single-version-externally-managed install_data
[1.039s] running egg_info
[1.048s] writing ../../build/my_map/my_map.egg-info/PKG-INFO
[1.052s] writing dependency_links to ../../build/my_map/my_map.egg-info/dependency_links.txt
[1.052s] writing entry points to ../../build/my_map/my_map.egg-info/entry_points.txt
[1.052s] writing requirements to ../../build/my_map/my_map.egg-info/requires.txt
[1.053s] writing top-level names to ../../build/my_map/my_map.egg-info/top_level.txt
[1.055s] reading manifest file '../../build/my_map/my_map.egg-info/SOURCES.txt'
[1.056s] writing manifest file '../../build/my_map/my_map.egg-info/SOURCES.txt'
[1.056s] running build
[1.056s] running build_py
[1.057s] running install
[1.057s] running install_lib
[1.063s] running install_data
[1.063s] running install_egg_info
[1.064s] removing '/home/robert_kaiyuan/week2practice/install/my_map/lib/python3.10/site-packages/my_map-0.0.0-py3.10.egg-info' (and everything under it)
[1.064s] Copying ../../build/my_map/my_map.egg-info to /home/robert_kaiyuan/week2practice/install/my_map/lib/python3.10/site-packages/my_map-0.0.0-py3.10.egg-info
[1.066s] running install_scripts
[1.085s] Installing my_map script to /home/robert_kaiyuan/week2practice/install/my_map/lib/my_map
[1.085s] writing list of installed files to '/home/robert_kaiyuan/week2practice/build/my_map/install.log'
[1.116s] Invoked command in '/home/robert_kaiyuan/week2practice/src/my_map' returned '0': PYTHONPATH=/home/robert_kaiyuan/week2practice/build/my_map/prefix_override:/usr/lib/python3/dist-packages/colcon_core/task/python/colcon_distutils_commands:/home/robert_kaiyuan/week2practice/install/my_map/lib/python3.10/site-packages:${PYTHONPATH} /usr/bin/python3 -W ignore:setup.py install is deprecated -W ignore:easy_install command is deprecated setup.py egg_info --egg-base ../../build/my_map build --build-base /home/robert_kaiyuan/week2practice/build/my_map/build install --record /home/robert_kaiyuan/week2practice/build/my_map/install.log --single-version-externally-managed install_data
