-- Install configuration: ""
-- Up-to-date: /home/robert_kaiyuan/week2practice/install/bringup/share/bringup/src
-- Up-to-date: /home/robert_kaiyuan/week2practice/install/bringup/share/bringup/src/description
-- Up-to-date: /home/robert_kaiyuan/week2practice/install/bringup/share/bringup/src/description/mecanum_bot_description.urdf
-- Up-to-date: /home/robert_kaiyuan/week2practice/install/bringup/share/bringup/src/description/diff_bot_description.urdf
-- Up-to-date: /home/robert_kaiyuan/week2practice/install/bringup/share/bringup/launch
-- Up-to-date: /home/robert_kaiyuan/week2practice/install/bringup/share/bringup/launch/mecanum_bot.launch.py
-- Up-to-date: /home/robert_kaiyuan/week2practice/install/bringup/share/bringup/launch/diff_bot.launch.py
-- Up-to-date: /home/robert_kaiyuan/week2practice/install/bringup/share/bringup/rviz
-- Up-to-date: /home/robert_kaiyuan/week2practice/install/bringup/share/bringup/rviz/urdf_config.rviz
-- Up-to-date: /home/robert_kaiyuan/week2practice/install/bringup/share/bringup/config
-- Up-to-date: /home/robert_kaiyuan/week2practice/install/bringup/share/bringup/config/ekf.yaml
-- Up-to-date: /home/robert_kaiyuan/week2practice/install/bringup/share/bringup/world
-- Up-to-date: /home/robert_kaiyuan/week2practice/install/bringup/share/bringup/world/my_world.sdf
-- Up-to-date: /home/robert_kaiyuan/week2practice/install/bringup/share/ament_index/resource_index/package_run_dependencies/bringup
-- Up-to-date: /home/robert_kaiyuan/week2practice/install/bringup/share/ament_index/resource_index/parent_prefix_path/bringup
-- Up-to-date: /home/robert_kaiyuan/week2practice/install/bringup/share/bringup/environment/ament_prefix_path.sh
-- Up-to-date: /home/robert_kaiyuan/week2practice/install/bringup/share/bringup/environment/ament_prefix_path.dsv
-- Up-to-date: /home/robert_kaiyuan/week2practice/install/bringup/share/bringup/environment/path.sh
-- Up-to-date: /home/robert_kaiyuan/week2practice/install/bringup/share/bringup/environment/path.dsv
-- Up-to-date: /home/robert_kaiyuan/week2practice/install/bringup/share/bringup/local_setup.bash
-- Up-to-date: /home/robert_kaiyuan/week2practice/install/bringup/share/bringup/local_setup.sh
-- Up-to-date: /home/robert_kaiyuan/week2practice/install/bringup/share/bringup/local_setup.zsh
-- Up-to-date: /home/robert_kaiyuan/week2practice/install/bringup/share/bringup/local_setup.dsv
-- Installing: /home/robert_kaiyuan/week2practice/install/bringup/share/bringup/package.dsv
-- Up-to-date: /home/robert_kaiyuan/week2practice/install/bringup/share/ament_index/resource_index/packages/bringup
-- Up-to-date: /home/robert_kaiyuan/week2practice/install/bringup/share/bringup/cmake/bringupConfig.cmake
-- Up-to-date: /home/robert_kaiyuan/week2practice/install/bringup/share/bringup/cmake/bringupConfig-version.cmake
-- Up-to-date: /home/robert_kaiyuan/week2practice/install/bringup/share/bringup/package.xml
