[0.624s] Invoking command in '/home/robert_kaiyuan/week2practice/src/my_map': PYTHONPATH=/home/robert_kaiyuan/week2practice/build/my_map/prefix_override:/usr/lib/python3/dist-packages/colcon_core/task/python/colcon_distutils_commands:/home/robert_kaiyuan/week2practice/install/my_map/lib/python3.10/site-packages:${PYTHONPATH} /usr/bin/python3 -W ignore:setup.py install is deprecated -W ignore:easy_install command is deprecated setup.py egg_info --egg-base ../../build/my_map build --build-base /home/robert_kaiyuan/week2practice/build/my_map/build install --record /home/robert_kaiyuan/week2practice/build/my_map/install.log --single-version-externally-managed install_data
[0.792s] running egg_info
[0.793s] writing ../../build/my_map/my_map.egg-info/PKG-INFO
[0.793s] writing dependency_links to ../../build/my_map/my_map.egg-info/dependency_links.txt
[0.793s] writing entry points to ../../build/my_map/my_map.egg-info/entry_points.txt
[0.794s] writing requirements to ../../build/my_map/my_map.egg-info/requires.txt
[0.794s] writing top-level names to ../../build/my_map/my_map.egg-info/top_level.txt
[0.795s] reading manifest file '../../build/my_map/my_map.egg-info/SOURCES.txt'
[0.796s] writing manifest file '../../build/my_map/my_map.egg-info/SOURCES.txt'
[0.796s] running build
[0.796s] running build_py
[0.796s] running install
[0.797s] running install_lib
[0.799s] running install_data
[0.799s] running install_egg_info
[0.801s] removing '/home/robert_kaiyuan/week2practice/install/my_map/lib/python3.10/site-packages/my_map-0.0.0-py3.10.egg-info' (and everything under it)
[0.801s] Copying ../../build/my_map/my_map.egg-info to /home/robert_kaiyuan/week2practice/install/my_map/lib/python3.10/site-packages/my_map-0.0.0-py3.10.egg-info
[0.803s] running install_scripts
[0.822s] Installing my_map script to /home/robert_kaiyuan/week2practice/install/my_map/lib/my_map
[0.823s] writing list of installed files to '/home/robert_kaiyuan/week2practice/build/my_map/install.log'
[0.846s] Invoked command in '/home/robert_kaiyuan/week2practice/src/my_map' returned '0': PYTHONPATH=/home/robert_kaiyuan/week2practice/build/my_map/prefix_override:/usr/lib/python3/dist-packages/colcon_core/task/python/colcon_distutils_commands:/home/robert_kaiyuan/week2practice/install/my_map/lib/python3.10/site-packages:${PYTHONPATH} /usr/bin/python3 -W ignore:setup.py install is deprecated -W ignore:easy_install command is deprecated setup.py egg_info --egg-base ../../build/my_map build --build-base /home/robert_kaiyuan/week2practice/build/my_map/build install --record /home/robert_kaiyuan/week2practice/build/my_map/install.log --single-version-externally-managed install_data
