[0.021s] Invoking command in '/home/robert_kaiyuan/week2practice/build/bringup': CMAKE_PREFIX_PATH=${CMAKE_PREFIX_PATH}:/opt/ros/humble /usr/bin/cmake --build /home/robert_kaiyuan/week2practice/build/bringup -- -j16 -l16
[0.052s] Invoked command in '/home/robert_kaiyuan/week2practice/build/bringup' returned '0': CMAKE_PREFIX_PATH=${CMAKE_PREFIX_PATH}:/opt/ros/humble /usr/bin/cmake --build /home/robert_kaiyuan/week2practice/build/bringup -- -j16 -l16
[0.060s] Invoking command in '/home/robert_kaiyuan/week2practice/build/bringup': CMAKE_PREFIX_PATH=${CMAKE_PREFIX_PATH}:/opt/ros/humble /usr/bin/cmake --install /home/robert_kaiyuan/week2practice/build/bringup
[0.065s] -- Install configuration: ""
[0.065s] -- Up-to-date: /home/robert_kaiyuan/week2practice/install/bringup/share/bringup/src
[0.065s] -- Up-to-date: /home/robert_kaiyuan/week2practice/install/bringup/share/bringup/src/description
[0.066s] -- Up-to-date: /home/robert_kaiyuan/week2practice/install/bringup/share/bringup/src/description/mecanum_bot_description.urdf
[0.066s] -- Installing: /home/robert_kaiyuan/week2practice/install/bringup/share/bringup/src/description/diff_bot_description.urdf
[0.066s] -- Up-to-date: /home/robert_kaiyuan/week2practice/install/bringup/share/bringup/launch
[0.066s] -- Up-to-date: /home/robert_kaiyuan/week2practice/install/bringup/share/bringup/launch/mecanum_bot.launch.py
[0.066s] -- Up-to-date: /home/robert_kaiyuan/week2practice/install/bringup/share/bringup/launch/diff_bot.launch.py
[0.066s] -- Up-to-date: /home/robert_kaiyuan/week2practice/install/bringup/share/bringup/rviz
[0.066s] -- Up-to-date: /home/robert_kaiyuan/week2practice/install/bringup/share/bringup/rviz/urdf_config.rviz
[0.067s] -- Up-to-date: /home/robert_kaiyuan/week2practice/install/bringup/share/bringup/config
[0.067s] -- Up-to-date: /home/robert_kaiyuan/week2practice/install/bringup/share/bringup/config/ekf.yaml
[0.067s] -- Up-to-date: /home/robert_kaiyuan/week2practice/install/bringup/share/bringup/world
[0.067s] -- Up-to-date: /home/robert_kaiyuan/week2practice/install/bringup/share/bringup/world/my_world.sdf
[0.067s] -- Up-to-date: /home/robert_kaiyuan/week2practice/install/bringup/share/ament_index/resource_index/package_run_dependencies/bringup
[0.068s] -- Up-to-date: /home/robert_kaiyuan/week2practice/install/bringup/share/ament_index/resource_index/parent_prefix_path/bringup
[0.068s] -- Up-to-date: /home/robert_kaiyuan/week2practice/install/bringup/share/bringup/environment/ament_prefix_path.sh
[0.069s] -- Up-to-date: /home/robert_kaiyuan/week2practice/install/bringup/share/bringup/environment/ament_prefix_path.dsv
[0.069s] -- Up-to-date: /home/robert_kaiyuan/week2practice/install/bringup/share/bringup/environment/path.sh
[0.069s] -- Up-to-date: /home/robert_kaiyuan/week2practice/install/bringup/share/bringup/environment/path.dsv
[0.070s] -- Up-to-date: /home/robert_kaiyuan/week2practice/install/bringup/share/bringup/local_setup.bash
[0.070s] -- Up-to-date: /home/robert_kaiyuan/week2practice/install/bringup/share/bringup/local_setup.sh
[0.070s] -- Up-to-date: /home/robert_kaiyuan/week2practice/install/bringup/share/bringup/local_setup.zsh
[0.071s] -- Up-to-date: /home/robert_kaiyuan/week2practice/install/bringup/share/bringup/local_setup.dsv
[0.071s] -- Installing: /home/robert_kaiyuan/week2practice/install/bringup/share/bringup/package.dsv
[0.071s] -- Up-to-date: /home/robert_kaiyuan/week2practice/install/bringup/share/ament_index/resource_index/packages/bringup
[0.071s] -- Up-to-date: /home/robert_kaiyuan/week2practice/install/bringup/share/bringup/cmake/bringupConfig.cmake
[0.071s] -- Up-to-date: /home/robert_kaiyuan/week2practice/install/bringup/share/bringup/cmake/bringupConfig-version.cmake
[0.072s] -- Up-to-date: /home/robert_kaiyuan/week2practice/install/bringup/share/bringup/package.xml
[0.072s] Invoked command in '/home/robert_kaiyuan/week2practice/build/bringup' returned '0': CMAKE_PREFIX_PATH=${CMAKE_PREFIX_PATH}:/opt/ros/humble /usr/bin/cmake --install /home/robert_kaiyuan/week2practice/build/bringup
