[0.752s] Invoking command in '/home/robert_kaiyuan/week2practice/src/my_map': PYTHONPATH=/home/robert_kaiyuan/week2practice/build/my_map/prefix_override:/usr/lib/python3/dist-packages/colcon_core/task/python/colcon_distutils_commands:/home/robert_kaiyuan/week2practice/install/my_map/lib/python3.10/site-packages:${PYTHONPATH} /usr/bin/python3 -W ignore:setup.py install is deprecated -W ignore:easy_install command is deprecated setup.py egg_info --egg-base ../../build/my_map build --build-base /home/robert_kaiyuan/week2practice/build/my_map/build install --record /home/robert_kaiyuan/week2practice/build/my_map/install.log --single-version-externally-managed install_data
[0.931s] running egg_info
[0.931s] creating ../../build/my_map/my_map.egg-info
[0.934s] writing ../../build/my_map/my_map.egg-info/PKG-INFO
[0.934s] writing dependency_links to ../../build/my_map/my_map.egg-info/dependency_links.txt
[0.934s] writing entry points to ../../build/my_map/my_map.egg-info/entry_points.txt
[0.935s] writing requirements to ../../build/my_map/my_map.egg-info/requires.txt
[0.935s] writing top-level names to ../../build/my_map/my_map.egg-info/top_level.txt
[0.935s] writing manifest file '../../build/my_map/my_map.egg-info/SOURCES.txt'
[0.937s] reading manifest file '../../build/my_map/my_map.egg-info/SOURCES.txt'
[0.938s] writing manifest file '../../build/my_map/my_map.egg-info/SOURCES.txt'
[0.938s] running build
[0.938s] running build_py
[0.938s] creating /home/robert_kaiyuan/week2practice/build/my_map/build
[0.939s] creating /home/robert_kaiyuan/week2practice/build/my_map/build/lib
[0.939s] creating /home/robert_kaiyuan/week2practice/build/my_map/build/lib/my_map
[0.939s] copying my_map/my_map.py -> /home/robert_kaiyuan/week2practice/build/my_map/build/lib/my_map
[0.939s] copying my_map/__init__.py -> /home/robert_kaiyuan/week2practice/build/my_map/build/lib/my_map
[0.939s] running install
[0.939s] running install_lib
[0.941s] creating /home/robert_kaiyuan/week2practice/install/my_map/lib/python3.10/site-packages/my_map
[0.942s] copying /home/robert_kaiyuan/week2practice/build/my_map/build/lib/my_map/my_map.py -> /home/robert_kaiyuan/week2practice/install/my_map/lib/python3.10/site-packages/my_map
[0.942s] copying /home/robert_kaiyuan/week2practice/build/my_map/build/lib/my_map/__init__.py -> /home/robert_kaiyuan/week2practice/install/my_map/lib/python3.10/site-packages/my_map
[0.943s] byte-compiling /home/robert_kaiyuan/week2practice/install/my_map/lib/python3.10/site-packages/my_map/my_map.py to my_map.cpython-310.pyc
[0.944s] byte-compiling /home/robert_kaiyuan/week2practice/install/my_map/lib/python3.10/site-packages/my_map/__init__.py to __init__.cpython-310.pyc
[0.944s] running install_data
[0.944s] creating /home/robert_kaiyuan/week2practice/install/my_map/share/ament_index
[0.944s] creating /home/robert_kaiyuan/week2practice/install/my_map/share/ament_index/resource_index
[0.944s] creating /home/robert_kaiyuan/week2practice/install/my_map/share/ament_index/resource_index/packages
[0.944s] copying resource/my_map -> /home/robert_kaiyuan/week2practice/install/my_map/share/ament_index/resource_index/packages
[0.945s] copying package.xml -> /home/robert_kaiyuan/week2practice/install/my_map/share/my_map
[0.945s] running install_egg_info
[0.947s] Copying ../../build/my_map/my_map.egg-info to /home/robert_kaiyuan/week2practice/install/my_map/lib/python3.10/site-packages/my_map-0.0.0-py3.10.egg-info
[0.948s] running install_scripts
[0.965s] writing list of installed files to '/home/robert_kaiyuan/week2practice/build/my_map/install.log'
[0.987s] Invoked command in '/home/robert_kaiyuan/week2practice/src/my_map' returned '0': PYTHONPATH=/home/robert_kaiyuan/week2practice/build/my_map/prefix_override:/usr/lib/python3/dist-packages/colcon_core/task/python/colcon_distutils_commands:/home/robert_kaiyuan/week2practice/install/my_map/lib/python3.10/site-packages:${PYTHONPATH} /usr/bin/python3 -W ignore:setup.py install is deprecated -W ignore:easy_install command is deprecated setup.py egg_info --egg-base ../../build/my_map build --build-base /home/robert_kaiyuan/week2practice/build/my_map/build install --record /home/robert_kaiyuan/week2practice/build/my_map/install.log --single-version-externally-managed install_data
