[0.238s] DEBUG:colcon:Command line arguments: ['/usr/bin/colcon', 'build']
[0.238s] DEBUG:colcon:Parsed command line arguments: Namespace(log_base=None, log_level=None, verb_name='build', build_base='build', install_base='install', merge_install=False, symlink_install=False, test_result_base=None, continue_on_error=False, executor='parallel', parallel_workers=16, event_handlers=None, ignore_user_meta=False, metas=['./colcon.meta'], base_paths=['.'], packages_ignore=None, packages_ignore_regex=None, paths=None, packages_up_to=None, packages_up_to_regex=None, packages_above=None, packages_above_and_dependencies=None, packages_above_depth=None, packages_select_by_dep=None, packages_skip_by_dep=None, packages_skip_up_to=None, packages_select_build_failed=False, packages_skip_build_finished=False, packages_select_test_failures=False, packages_skip_test_passed=False, packages_select=None, packages_skip=None, packages_select_regex=None, packages_skip_regex=None, packages_start=None, packages_end=None, allow_overriding=[], cmake_args=None, cmake_target=None, cmake_target_skip_unavailable=False, cmake_clean_cache=False, cmake_clean_first=False, cmake_force_configure=False, ament_cmake_args=None, catkin_cmake_args=None, catkin_skip_building_tests=False, mixin_files=None, mixin=None, verb_parser=<colcon_mixin.mixin.mixin_argument.MixinArgumentDecorator object at 0x7f8bc9d794b0>, verb_extension=<colcon_core.verb.build.BuildVerb object at 0x7f8bc9f0e440>, main=<bound method BuildVerb.main of <colcon_core.verb.build.BuildVerb object at 0x7f8bc9f0e440>>, mixin_verb=('build',))
[0.365s] Level 1:colcon.colcon_core.package_discovery:discover_packages(colcon_meta) check parameters
[0.366s] Level 1:colcon.colcon_core.package_discovery:discover_packages(recursive) check parameters
[0.366s] Level 1:colcon.colcon_core.package_discovery:discover_packages(ignore) check parameters
[0.366s] Level 1:colcon.colcon_core.package_discovery:discover_packages(path) check parameters
[0.366s] Level 1:colcon.colcon_core.package_discovery:discover_packages(colcon_meta) discover
[0.366s] Level 1:colcon.colcon_core.package_discovery:discover_packages(recursive) discover
[0.366s] INFO:colcon.colcon_core.package_discovery:Crawling recursively for packages in '/home/robert_kaiyuan/week2practice'
[0.366s] Level 1:colcon.colcon_core.package_identification:_identify(.) by extensions ['ignore', 'ignore_ament_install']
[0.366s] Level 1:colcon.colcon_core.package_identification:_identify(.) by extension 'ignore'
[0.366s] Level 1:colcon.colcon_core.package_identification:_identify(.) by extension 'ignore_ament_install'
[0.366s] Level 1:colcon.colcon_core.package_identification:_identify(.) by extensions ['colcon_pkg']
[0.366s] Level 1:colcon.colcon_core.package_identification:_identify(.) by extension 'colcon_pkg'
[0.366s] Level 1:colcon.colcon_core.package_identification:_identify(.) by extensions ['colcon_meta']
[0.366s] Level 1:colcon.colcon_core.package_identification:_identify(.) by extension 'colcon_meta'
[0.366s] Level 1:colcon.colcon_core.package_identification:_identify(.) by extensions ['ros']
[0.366s] Level 1:colcon.colcon_core.package_identification:_identify(.) by extension 'ros'
[0.380s] Level 1:colcon.colcon_core.package_identification:_identify(.) by extensions ['cmake', 'python']
[0.380s] Level 1:colcon.colcon_core.package_identification:_identify(.) by extension 'cmake'
[0.380s] Level 1:colcon.colcon_core.package_identification:_identify(.) by extension 'python'
[0.380s] Level 1:colcon.colcon_core.package_identification:_identify(.) by extensions ['python_setup_py']
[0.380s] Level 1:colcon.colcon_core.package_identification:_identify(.) by extension 'python_setup_py'
[0.380s] Level 1:colcon.colcon_core.package_identification:_identify(build) by extensions ['ignore', 'ignore_ament_install']
[0.380s] Level 1:colcon.colcon_core.package_identification:_identify(build) by extension 'ignore'
[0.380s] Level 1:colcon.colcon_core.package_identification:_identify(build) ignored
[0.380s] Level 1:colcon.colcon_core.package_identification:_identify(install) by extensions ['ignore', 'ignore_ament_install']
[0.380s] Level 1:colcon.colcon_core.package_identification:_identify(install) by extension 'ignore'
[0.380s] Level 1:colcon.colcon_core.package_identification:_identify(install) ignored
[0.380s] Level 1:colcon.colcon_core.package_identification:_identify(log) by extensions ['ignore', 'ignore_ament_install']
[0.380s] Level 1:colcon.colcon_core.package_identification:_identify(log) by extension 'ignore'
[0.380s] Level 1:colcon.colcon_core.package_identification:_identify(log) ignored
[0.381s] Level 1:colcon.colcon_core.package_identification:_identify(src) by extensions ['ignore', 'ignore_ament_install']
[0.381s] Level 1:colcon.colcon_core.package_identification:_identify(src) by extension 'ignore'
[0.381s] Level 1:colcon.colcon_core.package_identification:_identify(src) by extension 'ignore_ament_install'
[0.381s] Level 1:colcon.colcon_core.package_identification:_identify(src) by extensions ['colcon_pkg']
[0.381s] Level 1:colcon.colcon_core.package_identification:_identify(src) by extension 'colcon_pkg'
[0.381s] Level 1:colcon.colcon_core.package_identification:_identify(src) by extensions ['colcon_meta']
[0.381s] Level 1:colcon.colcon_core.package_identification:_identify(src) by extension 'colcon_meta'
[0.381s] Level 1:colcon.colcon_core.package_identification:_identify(src) by extensions ['ros']
[0.381s] Level 1:colcon.colcon_core.package_identification:_identify(src) by extension 'ros'
[0.381s] Level 1:colcon.colcon_core.package_identification:_identify(src) by extensions ['cmake', 'python']
[0.381s] Level 1:colcon.colcon_core.package_identification:_identify(src) by extension 'cmake'
[0.381s] Level 1:colcon.colcon_core.package_identification:_identify(src) by extension 'python'
[0.381s] Level 1:colcon.colcon_core.package_identification:_identify(src) by extensions ['python_setup_py']
[0.381s] Level 1:colcon.colcon_core.package_identification:_identify(src) by extension 'python_setup_py'
[0.381s] Level 1:colcon.colcon_core.package_identification:_identify(src/bringup) by extensions ['ignore', 'ignore_ament_install']
[0.381s] Level 1:colcon.colcon_core.package_identification:_identify(src/bringup) by extension 'ignore'
[0.381s] Level 1:colcon.colcon_core.package_identification:_identify(src/bringup) by extension 'ignore_ament_install'
[0.381s] Level 1:colcon.colcon_core.package_identification:_identify(src/bringup) by extensions ['colcon_pkg']
[0.381s] Level 1:colcon.colcon_core.package_identification:_identify(src/bringup) by extension 'colcon_pkg'
[0.381s] Level 1:colcon.colcon_core.package_identification:_identify(src/bringup) by extensions ['colcon_meta']
[0.381s] Level 1:colcon.colcon_core.package_identification:_identify(src/bringup) by extension 'colcon_meta'
[0.381s] Level 1:colcon.colcon_core.package_identification:_identify(src/bringup) by extensions ['ros']
[0.381s] Level 1:colcon.colcon_core.package_identification:_identify(src/bringup) by extension 'ros'
[0.383s] DEBUG:colcon.colcon_core.package_identification:Package 'src/bringup' with type 'ros.ament_cmake' and name 'bringup'
[0.383s] Level 1:colcon.colcon_core.package_identification:_identify(src/my_map) by extensions ['ignore', 'ignore_ament_install']
[0.384s] Level 1:colcon.colcon_core.package_identification:_identify(src/my_map) by extension 'ignore'
[0.384s] Level 1:colcon.colcon_core.package_identification:_identify(src/my_map) by extension 'ignore_ament_install'
[0.384s] Level 1:colcon.colcon_core.package_identification:_identify(src/my_map) by extensions ['colcon_pkg']
[0.384s] Level 1:colcon.colcon_core.package_identification:_identify(src/my_map) by extension 'colcon_pkg'
[0.384s] Level 1:colcon.colcon_core.package_identification:_identify(src/my_map) by extensions ['colcon_meta']
[0.384s] Level 1:colcon.colcon_core.package_identification:_identify(src/my_map) by extension 'colcon_meta'
[0.384s] Level 1:colcon.colcon_core.package_identification:_identify(src/my_map) by extensions ['ros']
[0.384s] Level 1:colcon.colcon_core.package_identification:_identify(src/my_map) by extension 'ros'
[0.385s] DEBUG:colcon.colcon_core.package_identification:Package 'src/my_map' with type 'ros.ament_python' and name 'my_map'
[0.385s] Level 1:colcon.colcon_core.package_identification:_identify(src/subp3d_pubtf) by extensions ['ignore', 'ignore_ament_install']
[0.385s] Level 1:colcon.colcon_core.package_identification:_identify(src/subp3d_pubtf) by extension 'ignore'
[0.385s] Level 1:colcon.colcon_core.package_identification:_identify(src/subp3d_pubtf) by extension 'ignore_ament_install'
[0.385s] Level 1:colcon.colcon_core.package_identification:_identify(src/subp3d_pubtf) by extensions ['colcon_pkg']
[0.385s] Level 1:colcon.colcon_core.package_identification:_identify(src/subp3d_pubtf) by extension 'colcon_pkg'
[0.385s] Level 1:colcon.colcon_core.package_identification:_identify(src/subp3d_pubtf) by extensions ['colcon_meta']
[0.385s] Level 1:colcon.colcon_core.package_identification:_identify(src/subp3d_pubtf) by extension 'colcon_meta'
[0.385s] Level 1:colcon.colcon_core.package_identification:_identify(src/subp3d_pubtf) by extensions ['ros']
[0.385s] Level 1:colcon.colcon_core.package_identification:_identify(src/subp3d_pubtf) by extension 'ros'
[0.386s] DEBUG:colcon.colcon_core.package_identification:Package 'src/subp3d_pubtf' with type 'ros.ament_cmake' and name 'subp3d_pubtf'
[0.386s] Level 1:colcon.colcon_core.package_identification:_identify(src/subtf_print) by extensions ['ignore', 'ignore_ament_install']
[0.386s] Level 1:colcon.colcon_core.package_identification:_identify(src/subtf_print) by extension 'ignore'
[0.386s] Level 1:colcon.colcon_core.package_identification:_identify(src/subtf_print) by extension 'ignore_ament_install'
[0.386s] Level 1:colcon.colcon_core.package_identification:_identify(src/subtf_print) by extensions ['colcon_pkg']
[0.386s] Level 1:colcon.colcon_core.package_identification:_identify(src/subtf_print) by extension 'colcon_pkg'
[0.386s] Level 1:colcon.colcon_core.package_identification:_identify(src/subtf_print) by extensions ['colcon_meta']
[0.386s] Level 1:colcon.colcon_core.package_identification:_identify(src/subtf_print) by extension 'colcon_meta'
[0.386s] Level 1:colcon.colcon_core.package_identification:_identify(src/subtf_print) by extensions ['ros']
[0.386s] Level 1:colcon.colcon_core.package_identification:_identify(src/subtf_print) by extension 'ros'
[0.387s] DEBUG:colcon.colcon_core.package_identification:Package 'src/subtf_print' with type 'ros.ament_cmake' and name 'subtf_print'
[0.387s] Level 1:colcon.colcon_core.package_discovery:discover_packages(recursive) using defaults
[0.387s] Level 1:colcon.colcon_core.package_discovery:discover_packages(ignore) discover
[0.387s] Level 1:colcon.colcon_core.package_discovery:discover_packages(ignore) using defaults
[0.387s] Level 1:colcon.colcon_core.package_discovery:discover_packages(path) discover
[0.387s] Level 1:colcon.colcon_core.package_discovery:discover_packages(path) using defaults
[0.412s] Level 1:colcon.colcon_core.package_discovery:discover_packages(prefix_path) check parameters
[0.413s] Level 1:colcon.colcon_core.package_discovery:discover_packages(prefix_path) discover
[0.415s] DEBUG:colcon.colcon_installed_package_information.package_discovery:Found 4 installed packages in /home/robert_kaiyuan/week2practice/install
[0.416s] DEBUG:colcon.colcon_installed_package_information.package_discovery:Found 387 installed packages in /opt/ros/humble
[0.417s] Level 1:colcon.colcon_core.package_discovery:discover_packages(prefix_path) using defaults
[0.446s] Level 5:colcon.colcon_core.verb:set package 'bringup' build argument 'cmake_args' from command line to 'None'
[0.447s] Level 5:colcon.colcon_core.verb:set package 'bringup' build argument 'cmake_target' from command line to 'None'
[0.447s] Level 5:colcon.colcon_core.verb:set package 'bringup' build argument 'cmake_target_skip_unavailable' from command line to 'False'
[0.447s] Level 5:colcon.colcon_core.verb:set package 'bringup' build argument 'cmake_clean_cache' from command line to 'False'
[0.447s] Level 5:colcon.colcon_core.verb:set package 'bringup' build argument 'cmake_clean_first' from command line to 'False'
[0.447s] Level 5:colcon.colcon_core.verb:set package 'bringup' build argument 'cmake_force_configure' from command line to 'False'
[0.447s] Level 5:colcon.colcon_core.verb:set package 'bringup' build argument 'ament_cmake_args' from command line to 'None'
[0.447s] Level 5:colcon.colcon_core.verb:set package 'bringup' build argument 'catkin_cmake_args' from command line to 'None'
[0.447s] Level 5:colcon.colcon_core.verb:set package 'bringup' build argument 'catkin_skip_building_tests' from command line to 'False'
[0.447s] DEBUG:colcon.colcon_core.verb:Building package 'bringup' with the following arguments: {'ament_cmake_args': None, 'build_base': '/home/robert_kaiyuan/week2practice/build/bringup', 'catkin_cmake_args': None, 'catkin_skip_building_tests': False, 'cmake_args': None, 'cmake_clean_cache': False, 'cmake_clean_first': False, 'cmake_force_configure': False, 'cmake_target': None, 'cmake_target_skip_unavailable': False, 'install_base': '/home/robert_kaiyuan/week2practice/install/bringup', 'merge_install': False, 'path': '/home/robert_kaiyuan/week2practice/src/bringup', 'symlink_install': False, 'test_result_base': None}
[0.447s] Level 5:colcon.colcon_core.verb:set package 'my_map' build argument 'cmake_args' from command line to 'None'
[0.447s] Level 5:colcon.colcon_core.verb:set package 'my_map' build argument 'cmake_target' from command line to 'None'
[0.447s] Level 5:colcon.colcon_core.verb:set package 'my_map' build argument 'cmake_target_skip_unavailable' from command line to 'False'
[0.447s] Level 5:colcon.colcon_core.verb:set package 'my_map' build argument 'cmake_clean_cache' from command line to 'False'
[0.447s] Level 5:colcon.colcon_core.verb:set package 'my_map' build argument 'cmake_clean_first' from command line to 'False'
[0.447s] Level 5:colcon.colcon_core.verb:set package 'my_map' build argument 'cmake_force_configure' from command line to 'False'
[0.447s] Level 5:colcon.colcon_core.verb:set package 'my_map' build argument 'ament_cmake_args' from command line to 'None'
[0.447s] Level 5:colcon.colcon_core.verb:set package 'my_map' build argument 'catkin_cmake_args' from command line to 'None'
[0.447s] Level 5:colcon.colcon_core.verb:set package 'my_map' build argument 'catkin_skip_building_tests' from command line to 'False'
[0.447s] DEBUG:colcon.colcon_core.verb:Building package 'my_map' with the following arguments: {'ament_cmake_args': None, 'build_base': '/home/robert_kaiyuan/week2practice/build/my_map', 'catkin_cmake_args': None, 'catkin_skip_building_tests': False, 'cmake_args': None, 'cmake_clean_cache': False, 'cmake_clean_first': False, 'cmake_force_configure': False, 'cmake_target': None, 'cmake_target_skip_unavailable': False, 'install_base': '/home/robert_kaiyuan/week2practice/install/my_map', 'merge_install': False, 'path': '/home/robert_kaiyuan/week2practice/src/my_map', 'symlink_install': False, 'test_result_base': None}
[0.447s] Level 5:colcon.colcon_core.verb:set package 'subp3d_pubtf' build argument 'cmake_args' from command line to 'None'
[0.447s] Level 5:colcon.colcon_core.verb:set package 'subp3d_pubtf' build argument 'cmake_target' from command line to 'None'
[0.447s] Level 5:colcon.colcon_core.verb:set package 'subp3d_pubtf' build argument 'cmake_target_skip_unavailable' from command line to 'False'
[0.447s] Level 5:colcon.colcon_core.verb:set package 'subp3d_pubtf' build argument 'cmake_clean_cache' from command line to 'False'
[0.447s] Level 5:colcon.colcon_core.verb:set package 'subp3d_pubtf' build argument 'cmake_clean_first' from command line to 'False'
[0.447s] Level 5:colcon.colcon_core.verb:set package 'subp3d_pubtf' build argument 'cmake_force_configure' from command line to 'False'
[0.447s] Level 5:colcon.colcon_core.verb:set package 'subp3d_pubtf' build argument 'ament_cmake_args' from command line to 'None'
[0.447s] Level 5:colcon.colcon_core.verb:set package 'subp3d_pubtf' build argument 'catkin_cmake_args' from command line to 'None'
[0.447s] Level 5:colcon.colcon_core.verb:set package 'subp3d_pubtf' build argument 'catkin_skip_building_tests' from command line to 'False'
[0.447s] DEBUG:colcon.colcon_core.verb:Building package 'subp3d_pubtf' with the following arguments: {'ament_cmake_args': None, 'build_base': '/home/robert_kaiyuan/week2practice/build/subp3d_pubtf', 'catkin_cmake_args': None, 'catkin_skip_building_tests': False, 'cmake_args': None, 'cmake_clean_cache': False, 'cmake_clean_first': False, 'cmake_force_configure': False, 'cmake_target': None, 'cmake_target_skip_unavailable': False, 'install_base': '/home/robert_kaiyuan/week2practice/install/subp3d_pubtf', 'merge_install': False, 'path': '/home/robert_kaiyuan/week2practice/src/subp3d_pubtf', 'symlink_install': False, 'test_result_base': None}
[0.448s] Level 5:colcon.colcon_core.verb:set package 'subtf_print' build argument 'cmake_args' from command line to 'None'
[0.448s] Level 5:colcon.colcon_core.verb:set package 'subtf_print' build argument 'cmake_target' from command line to 'None'
[0.448s] Level 5:colcon.colcon_core.verb:set package 'subtf_print' build argument 'cmake_target_skip_unavailable' from command line to 'False'
[0.448s] Level 5:colcon.colcon_core.verb:set package 'subtf_print' build argument 'cmake_clean_cache' from command line to 'False'
[0.448s] Level 5:colcon.colcon_core.verb:set package 'subtf_print' build argument 'cmake_clean_first' from command line to 'False'
[0.448s] Level 5:colcon.colcon_core.verb:set package 'subtf_print' build argument 'cmake_force_configure' from command line to 'False'
[0.448s] Level 5:colcon.colcon_core.verb:set package 'subtf_print' build argument 'ament_cmake_args' from command line to 'None'
[0.448s] Level 5:colcon.colcon_core.verb:set package 'subtf_print' build argument 'catkin_cmake_args' from command line to 'None'
[0.448s] Level 5:colcon.colcon_core.verb:set package 'subtf_print' build argument 'catkin_skip_building_tests' from command line to 'False'
[0.448s] DEBUG:colcon.colcon_core.verb:Building package 'subtf_print' with the following arguments: {'ament_cmake_args': None, 'build_base': '/home/robert_kaiyuan/week2practice/build/subtf_print', 'catkin_cmake_args': None, 'catkin_skip_building_tests': False, 'cmake_args': None, 'cmake_clean_cache': False, 'cmake_clean_first': False, 'cmake_force_configure': False, 'cmake_target': None, 'cmake_target_skip_unavailable': False, 'install_base': '/home/robert_kaiyuan/week2practice/install/subtf_print', 'merge_install': False, 'path': '/home/robert_kaiyuan/week2practice/src/subtf_print', 'symlink_install': False, 'test_result_base': None}
[0.448s] INFO:colcon.colcon_core.executor:Executing jobs using 'parallel' executor
[0.449s] DEBUG:colcon.colcon_parallel_executor.executor.parallel:run_until_complete
[0.450s] INFO:colcon.colcon_ros.task.ament_cmake.build:Building ROS package in '/home/robert_kaiyuan/week2practice/src/bringup' with build type 'ament_cmake'
[0.450s] INFO:colcon.colcon_cmake.task.cmake.build:Building CMake package in '/home/robert_kaiyuan/week2practice/src/bringup'
[0.452s] INFO:colcon.colcon_core.plugin_system:Skipping extension 'colcon_core.shell.bat': Not used on non-Windows systems
[0.452s] INFO:colcon.colcon_core.shell:Skip shell extension 'powershell' for command environment: Not usable outside of PowerShell
[0.452s] DEBUG:colcon.colcon_core.shell:Skip shell extension 'dsv' for command environment
[0.455s] INFO:colcon.colcon_ros.task.ament_python.build:Building ROS package in '/home/robert_kaiyuan/week2practice/src/my_map' with build type 'ament_python'
[0.455s] Level 1:colcon.colcon_core.shell:create_environment_hook('my_map', 'ament_prefix_path')
[0.455s] INFO:colcon.colcon_core.shell:Creating environment hook '/home/robert_kaiyuan/week2practice/install/my_map/share/my_map/hook/ament_prefix_path.ps1'
[0.456s] INFO:colcon.colcon_core.shell:Creating environment descriptor '/home/robert_kaiyuan/week2practice/install/my_map/share/my_map/hook/ament_prefix_path.dsv'
[0.456s] INFO:colcon.colcon_core.shell:Creating environment hook '/home/robert_kaiyuan/week2practice/install/my_map/share/my_map/hook/ament_prefix_path.sh'
[0.457s] INFO:colcon.colcon_core.shell:Skip shell extension 'powershell' for command environment: Not usable outside of PowerShell
[0.457s] DEBUG:colcon.colcon_core.shell:Skip shell extension 'dsv' for command environment
[0.461s] INFO:colcon.colcon_ros.task.ament_cmake.build:Building ROS package in '/home/robert_kaiyuan/week2practice/src/subp3d_pubtf' with build type 'ament_cmake'
[0.462s] INFO:colcon.colcon_cmake.task.cmake.build:Building CMake package in '/home/robert_kaiyuan/week2practice/src/subp3d_pubtf'
[0.462s] INFO:colcon.colcon_core.shell:Skip shell extension 'powershell' for command environment: Not usable outside of PowerShell
[0.462s] DEBUG:colcon.colcon_core.shell:Skip shell extension 'dsv' for command environment
[0.467s] INFO:colcon.colcon_ros.task.ament_cmake.build:Building ROS package in '/home/robert_kaiyuan/week2practice/src/subtf_print' with build type 'ament_cmake'
[0.467s] INFO:colcon.colcon_cmake.task.cmake.build:Building CMake package in '/home/robert_kaiyuan/week2practice/src/subtf_print'
[0.468s] INFO:colcon.colcon_core.shell:Skip shell extension 'powershell' for command environment: Not usable outside of PowerShell
[0.468s] DEBUG:colcon.colcon_core.shell:Skip shell extension 'dsv' for command environment
[0.479s] DEBUG:colcon.colcon_core.event_handler.log_command:Invoking command in '/home/robert_kaiyuan/week2practice/build/bringup': CMAKE_PREFIX_PATH=${CMAKE_PREFIX_PATH}:/home/robert_kaiyuan/week2practice/install/my_map:/opt/ros/humble /usr/bin/cmake --build /home/robert_kaiyuan/week2practice/build/bringup -- -j16 -l16
[0.690s] INFO:colcon.colcon_core.task.python.build:Building Python package in '/home/robert_kaiyuan/week2practice/src/my_map'
[0.690s] INFO:colcon.colcon_core.shell:Skip shell extension 'powershell' for command environment: Not usable outside of PowerShell
[0.690s] DEBUG:colcon.colcon_core.shell:Skip shell extension 'dsv' for command environment
[0.701s] DEBUG:colcon.colcon_core.event_handler.log_command:Invoking command in '/home/robert_kaiyuan/week2practice/build/subp3d_pubtf': CMAKE_PREFIX_PATH=${CMAKE_PREFIX_PATH}:/home/robert_kaiyuan/week2practice/install/my_map:/opt/ros/humble /usr/bin/cmake --build /home/robert_kaiyuan/week2practice/build/subp3d_pubtf -- -j16 -l16
[0.701s] DEBUG:colcon.colcon_core.event_handler.log_command:Invoked command in '/home/robert_kaiyuan/week2practice/build/bringup' returned '0': CMAKE_PREFIX_PATH=${CMAKE_PREFIX_PATH}:/home/robert_kaiyuan/week2practice/install/my_map:/opt/ros/humble /usr/bin/cmake --build /home/robert_kaiyuan/week2practice/build/bringup -- -j16 -l16
[0.708s] DEBUG:colcon.colcon_core.event_handler.log_command:Invoking command in '/home/robert_kaiyuan/week2practice/build/bringup': CMAKE_PREFIX_PATH=${CMAKE_PREFIX_PATH}:/home/robert_kaiyuan/week2practice/install/my_map:/opt/ros/humble /usr/bin/cmake --install /home/robert_kaiyuan/week2practice/build/bringup
[0.716s] DEBUG:colcon.colcon_core.event_handler.log_command:Invoking command in '/home/robert_kaiyuan/week2practice/build/subtf_print': CMAKE_PREFIX_PATH=${CMAKE_PREFIX_PATH}:/home/robert_kaiyuan/week2practice/install/my_map:/opt/ros/humble /usr/bin/cmake --build /home/robert_kaiyuan/week2practice/build/subtf_print -- -j16 -l16
[0.720s] Level 1:colcon.colcon_core.environment:create_environment_scripts_only(bringup)
[0.727s] DEBUG:colcon.colcon_core.event_handler.log_command:Invoked command in '/home/robert_kaiyuan/week2practice/build/bringup' returned '0': CMAKE_PREFIX_PATH=${CMAKE_PREFIX_PATH}:/home/robert_kaiyuan/week2practice/install/my_map:/opt/ros/humble /usr/bin/cmake --install /home/robert_kaiyuan/week2practice/build/bringup
[0.728s] Level 1:colcon.colcon_core.environment:checking '/home/robert_kaiyuan/week2practice/install/bringup' for CMake module files
[0.728s] Level 1:colcon.colcon_core.environment:checking '/home/robert_kaiyuan/week2practice/install/bringup' for CMake config files
[0.729s] Level 1:colcon.colcon_core.shell:create_environment_hook('bringup', 'cmake_prefix_path')
[0.729s] INFO:colcon.colcon_core.shell:Creating environment hook '/home/robert_kaiyuan/week2practice/install/bringup/share/bringup/hook/cmake_prefix_path.ps1'
[0.730s] INFO:colcon.colcon_core.shell:Creating environment descriptor '/home/robert_kaiyuan/week2practice/install/bringup/share/bringup/hook/cmake_prefix_path.dsv'
[0.730s] INFO:colcon.colcon_core.shell:Creating environment hook '/home/robert_kaiyuan/week2practice/install/bringup/share/bringup/hook/cmake_prefix_path.sh'
[0.731s] Level 1:colcon.colcon_core.environment:checking '/home/robert_kaiyuan/week2practice/install/bringup/bin'
[0.731s] Level 1:colcon.colcon_core.environment:checking '/home/robert_kaiyuan/week2practice/install/bringup/lib/pkgconfig/bringup.pc'
[0.731s] Level 1:colcon.colcon_core.environment:checking '/home/robert_kaiyuan/week2practice/install/bringup/lib/python3.10/site-packages'
[0.731s] Level 1:colcon.colcon_core.environment:checking '/home/robert_kaiyuan/week2practice/install/bringup/bin'
[0.732s] INFO:colcon.colcon_core.shell:Creating package script '/home/robert_kaiyuan/week2practice/install/bringup/share/bringup/package.ps1'
[0.732s] INFO:colcon.colcon_core.shell:Creating package descriptor '/home/robert_kaiyuan/week2practice/install/bringup/share/bringup/package.dsv'
[0.733s] INFO:colcon.colcon_core.shell:Creating package script '/home/robert_kaiyuan/week2practice/install/bringup/share/bringup/package.sh'
[0.734s] INFO:colcon.colcon_core.shell:Creating package script '/home/robert_kaiyuan/week2practice/install/bringup/share/bringup/package.bash'
[0.734s] INFO:colcon.colcon_core.shell:Creating package script '/home/robert_kaiyuan/week2practice/install/bringup/share/bringup/package.zsh'
[0.735s] Level 1:colcon.colcon_core.environment:create_file_with_runtime_dependencies(/home/robert_kaiyuan/week2practice/install/bringup/share/colcon-core/packages/bringup)
[0.735s] Level 1:colcon.colcon_core.environment:create_environment_scripts_only(bringup)
[0.736s] Level 1:colcon.colcon_core.environment:checking '/home/robert_kaiyuan/week2practice/install/bringup' for CMake module files
[0.736s] Level 1:colcon.colcon_core.environment:checking '/home/robert_kaiyuan/week2practice/install/bringup' for CMake config files
[0.736s] Level 1:colcon.colcon_core.shell:create_environment_hook('bringup', 'cmake_prefix_path')
[0.736s] INFO:colcon.colcon_core.shell:Creating environment hook '/home/robert_kaiyuan/week2practice/install/bringup/share/bringup/hook/cmake_prefix_path.ps1'
[0.737s] INFO:colcon.colcon_core.shell:Creating environment descriptor '/home/robert_kaiyuan/week2practice/install/bringup/share/bringup/hook/cmake_prefix_path.dsv'
[0.737s] INFO:colcon.colcon_core.shell:Creating environment hook '/home/robert_kaiyuan/week2practice/install/bringup/share/bringup/hook/cmake_prefix_path.sh'
[0.737s] Level 1:colcon.colcon_core.environment:checking '/home/robert_kaiyuan/week2practice/install/bringup/bin'
[0.738s] Level 1:colcon.colcon_core.environment:checking '/home/robert_kaiyuan/week2practice/install/bringup/lib/pkgconfig/bringup.pc'
[0.738s] Level 1:colcon.colcon_core.environment:checking '/home/robert_kaiyuan/week2practice/install/bringup/lib/python3.10/site-packages'
[0.738s] Level 1:colcon.colcon_core.environment:checking '/home/robert_kaiyuan/week2practice/install/bringup/bin'
[0.738s] INFO:colcon.colcon_core.shell:Creating package script '/home/robert_kaiyuan/week2practice/install/bringup/share/bringup/package.ps1'
[0.738s] INFO:colcon.colcon_core.shell:Creating package descriptor '/home/robert_kaiyuan/week2practice/install/bringup/share/bringup/package.dsv'
[0.739s] INFO:colcon.colcon_core.shell:Creating package script '/home/robert_kaiyuan/week2practice/install/bringup/share/bringup/package.sh'
[0.739s] INFO:colcon.colcon_core.shell:Creating package script '/home/robert_kaiyuan/week2practice/install/bringup/share/bringup/package.bash'
[0.739s] INFO:colcon.colcon_core.shell:Creating package script '/home/robert_kaiyuan/week2practice/install/bringup/share/bringup/package.zsh'
[0.740s] Level 1:colcon.colcon_core.environment:create_file_with_runtime_dependencies(/home/robert_kaiyuan/week2practice/install/bringup/share/colcon-core/packages/bringup)
[0.752s] DEBUG:colcon.colcon_core.event_handler.log_command:Invoked command in '/home/robert_kaiyuan/week2practice/build/subp3d_pubtf' returned '0': CMAKE_PREFIX_PATH=${CMAKE_PREFIX_PATH}:/home/robert_kaiyuan/week2practice/install/my_map:/opt/ros/humble /usr/bin/cmake --build /home/robert_kaiyuan/week2practice/build/subp3d_pubtf -- -j16 -l16
[0.755s] DEBUG:colcon.colcon_core.event_handler.log_command:Invoking command in '/home/robert_kaiyuan/week2practice/build/subp3d_pubtf': CMAKE_PREFIX_PATH=${CMAKE_PREFIX_PATH}:/home/robert_kaiyuan/week2practice/install/my_map:/opt/ros/humble /usr/bin/cmake --install /home/robert_kaiyuan/week2practice/build/subp3d_pubtf
[0.765s] Level 1:colcon.colcon_core.environment:create_environment_scripts_only(subp3d_pubtf)
[0.765s] Level 1:colcon.colcon_core.environment:checking '/home/robert_kaiyuan/week2practice/install/subp3d_pubtf' for CMake module files
[0.765s] DEBUG:colcon.colcon_core.event_handler.log_command:Invoked command in '/home/robert_kaiyuan/week2practice/build/subp3d_pubtf' returned '0': CMAKE_PREFIX_PATH=${CMAKE_PREFIX_PATH}:/home/robert_kaiyuan/week2practice/install/my_map:/opt/ros/humble /usr/bin/cmake --install /home/robert_kaiyuan/week2practice/build/subp3d_pubtf
[0.766s] Level 1:colcon.colcon_core.environment:checking '/home/robert_kaiyuan/week2practice/install/subp3d_pubtf' for CMake config files
[0.766s] Level 1:colcon.colcon_core.shell:create_environment_hook('subp3d_pubtf', 'cmake_prefix_path')
[0.767s] INFO:colcon.colcon_core.shell:Creating environment hook '/home/robert_kaiyuan/week2practice/install/subp3d_pubtf/share/subp3d_pubtf/hook/cmake_prefix_path.ps1'
[0.767s] INFO:colcon.colcon_core.shell:Creating environment descriptor '/home/robert_kaiyuan/week2practice/install/subp3d_pubtf/share/subp3d_pubtf/hook/cmake_prefix_path.dsv'
[0.767s] INFO:colcon.colcon_core.shell:Creating environment hook '/home/robert_kaiyuan/week2practice/install/subp3d_pubtf/share/subp3d_pubtf/hook/cmake_prefix_path.sh'
[0.768s] Level 1:colcon.colcon_core.environment:checking '/home/robert_kaiyuan/week2practice/install/subp3d_pubtf/lib'
[0.768s] Level 1:colcon.colcon_core.environment:checking '/home/robert_kaiyuan/week2practice/install/subp3d_pubtf/bin'
[0.768s] Level 1:colcon.colcon_core.environment:checking '/home/robert_kaiyuan/week2practice/install/subp3d_pubtf/lib/pkgconfig/subp3d_pubtf.pc'
[0.768s] Level 1:colcon.colcon_core.environment:checking '/home/robert_kaiyuan/week2practice/install/subp3d_pubtf/lib/python3.10/site-packages'
[0.768s] Level 1:colcon.colcon_core.environment:checking '/home/robert_kaiyuan/week2practice/install/subp3d_pubtf/bin'
[0.769s] INFO:colcon.colcon_core.shell:Creating package script '/home/robert_kaiyuan/week2practice/install/subp3d_pubtf/share/subp3d_pubtf/package.ps1'
[0.769s] INFO:colcon.colcon_core.shell:Creating package descriptor '/home/robert_kaiyuan/week2practice/install/subp3d_pubtf/share/subp3d_pubtf/package.dsv'
[0.770s] INFO:colcon.colcon_core.shell:Creating package script '/home/robert_kaiyuan/week2practice/install/subp3d_pubtf/share/subp3d_pubtf/package.sh'
[0.770s] INFO:colcon.colcon_core.shell:Creating package script '/home/robert_kaiyuan/week2practice/install/subp3d_pubtf/share/subp3d_pubtf/package.bash'
[0.770s] INFO:colcon.colcon_core.shell:Creating package script '/home/robert_kaiyuan/week2practice/install/subp3d_pubtf/share/subp3d_pubtf/package.zsh'
[0.771s] Level 1:colcon.colcon_core.environment:create_file_with_runtime_dependencies(/home/robert_kaiyuan/week2practice/install/subp3d_pubtf/share/colcon-core/packages/subp3d_pubtf)
[0.771s] Level 1:colcon.colcon_core.environment:create_environment_scripts_only(subp3d_pubtf)
[0.771s] Level 1:colcon.colcon_core.environment:checking '/home/robert_kaiyuan/week2practice/install/subp3d_pubtf' for CMake module files
[0.772s] Level 1:colcon.colcon_core.environment:checking '/home/robert_kaiyuan/week2practice/install/subp3d_pubtf' for CMake config files
[0.772s] Level 1:colcon.colcon_core.shell:create_environment_hook('subp3d_pubtf', 'cmake_prefix_path')
[0.772s] INFO:colcon.colcon_core.shell:Creating environment hook '/home/robert_kaiyuan/week2practice/install/subp3d_pubtf/share/subp3d_pubtf/hook/cmake_prefix_path.ps1'
[0.773s] INFO:colcon.colcon_core.shell:Creating environment descriptor '/home/robert_kaiyuan/week2practice/install/subp3d_pubtf/share/subp3d_pubtf/hook/cmake_prefix_path.dsv'
[0.773s] INFO:colcon.colcon_core.shell:Creating environment hook '/home/robert_kaiyuan/week2practice/install/subp3d_pubtf/share/subp3d_pubtf/hook/cmake_prefix_path.sh'
[0.774s] Level 1:colcon.colcon_core.environment:checking '/home/robert_kaiyuan/week2practice/install/subp3d_pubtf/lib'
[0.774s] Level 1:colcon.colcon_core.environment:checking '/home/robert_kaiyuan/week2practice/install/subp3d_pubtf/bin'
[0.774s] Level 1:colcon.colcon_core.environment:checking '/home/robert_kaiyuan/week2practice/install/subp3d_pubtf/lib/pkgconfig/subp3d_pubtf.pc'
[0.774s] Level 1:colcon.colcon_core.environment:checking '/home/robert_kaiyuan/week2practice/install/subp3d_pubtf/lib/python3.10/site-packages'
[0.774s] Level 1:colcon.colcon_core.environment:checking '/home/robert_kaiyuan/week2practice/install/subp3d_pubtf/bin'
[0.774s] INFO:colcon.colcon_core.shell:Creating package script '/home/robert_kaiyuan/week2practice/install/subp3d_pubtf/share/subp3d_pubtf/package.ps1'
[0.775s] INFO:colcon.colcon_core.shell:Creating package descriptor '/home/robert_kaiyuan/week2practice/install/subp3d_pubtf/share/subp3d_pubtf/package.dsv'
[0.775s] INFO:colcon.colcon_core.shell:Creating package script '/home/robert_kaiyuan/week2practice/install/subp3d_pubtf/share/subp3d_pubtf/package.sh'
[0.775s] INFO:colcon.colcon_core.shell:Creating package script '/home/robert_kaiyuan/week2practice/install/subp3d_pubtf/share/subp3d_pubtf/package.bash'
[0.776s] INFO:colcon.colcon_core.shell:Creating package script '/home/robert_kaiyuan/week2practice/install/subp3d_pubtf/share/subp3d_pubtf/package.zsh'
[0.776s] Level 1:colcon.colcon_core.environment:create_file_with_runtime_dependencies(/home/robert_kaiyuan/week2practice/install/subp3d_pubtf/share/colcon-core/packages/subp3d_pubtf)
[0.778s] DEBUG:colcon.colcon_core.event_handler.log_command:Invoked command in '/home/robert_kaiyuan/week2practice/build/subtf_print' returned '0': CMAKE_PREFIX_PATH=${CMAKE_PREFIX_PATH}:/home/robert_kaiyuan/week2practice/install/my_map:/opt/ros/humble /usr/bin/cmake --build /home/robert_kaiyuan/week2practice/build/subtf_print -- -j16 -l16
[0.780s] DEBUG:colcon.colcon_core.event_handler.log_command:Invoking command in '/home/robert_kaiyuan/week2practice/build/subtf_print': CMAKE_PREFIX_PATH=${CMAKE_PREFIX_PATH}:/home/robert_kaiyuan/week2practice/install/my_map:/opt/ros/humble /usr/bin/cmake --install /home/robert_kaiyuan/week2practice/build/subtf_print
[0.789s] Level 1:colcon.colcon_core.environment:create_environment_scripts_only(subtf_print)
[0.789s] Level 1:colcon.colcon_core.environment:checking '/home/robert_kaiyuan/week2practice/install/subtf_print' for CMake module files
[0.790s] DEBUG:colcon.colcon_core.event_handler.log_command:Invoked command in '/home/robert_kaiyuan/week2practice/build/subtf_print' returned '0': CMAKE_PREFIX_PATH=${CMAKE_PREFIX_PATH}:/home/robert_kaiyuan/week2practice/install/my_map:/opt/ros/humble /usr/bin/cmake --install /home/robert_kaiyuan/week2practice/build/subtf_print
[0.790s] Level 1:colcon.colcon_core.environment:checking '/home/robert_kaiyuan/week2practice/install/subtf_print' for CMake config files
[0.791s] Level 1:colcon.colcon_core.shell:create_environment_hook('subtf_print', 'cmake_prefix_path')
[0.791s] INFO:colcon.colcon_core.shell:Creating environment hook '/home/robert_kaiyuan/week2practice/install/subtf_print/share/subtf_print/hook/cmake_prefix_path.ps1'
[0.791s] INFO:colcon.colcon_core.shell:Creating environment descriptor '/home/robert_kaiyuan/week2practice/install/subtf_print/share/subtf_print/hook/cmake_prefix_path.dsv'
[0.792s] INFO:colcon.colcon_core.shell:Creating environment hook '/home/robert_kaiyuan/week2practice/install/subtf_print/share/subtf_print/hook/cmake_prefix_path.sh'
[0.792s] Level 1:colcon.colcon_core.environment:checking '/home/robert_kaiyuan/week2practice/install/subtf_print/lib'
[0.792s] Level 1:colcon.colcon_core.environment:checking '/home/robert_kaiyuan/week2practice/install/subtf_print/bin'
[0.792s] Level 1:colcon.colcon_core.environment:checking '/home/robert_kaiyuan/week2practice/install/subtf_print/lib/pkgconfig/subtf_print.pc'
[0.792s] Level 1:colcon.colcon_core.environment:checking '/home/robert_kaiyuan/week2practice/install/subtf_print/lib/python3.10/site-packages'
[0.793s] Level 1:colcon.colcon_core.environment:checking '/home/robert_kaiyuan/week2practice/install/subtf_print/bin'
[0.793s] INFO:colcon.colcon_core.shell:Creating package script '/home/robert_kaiyuan/week2practice/install/subtf_print/share/subtf_print/package.ps1'
[0.793s] INFO:colcon.colcon_core.shell:Creating package descriptor '/home/robert_kaiyuan/week2practice/install/subtf_print/share/subtf_print/package.dsv'
[0.794s] INFO:colcon.colcon_core.shell:Creating package script '/home/robert_kaiyuan/week2practice/install/subtf_print/share/subtf_print/package.sh'
[0.794s] INFO:colcon.colcon_core.shell:Creating package script '/home/robert_kaiyuan/week2practice/install/subtf_print/share/subtf_print/package.bash'
[0.795s] INFO:colcon.colcon_core.shell:Creating package script '/home/robert_kaiyuan/week2practice/install/subtf_print/share/subtf_print/package.zsh'
[0.795s] Level 1:colcon.colcon_core.environment:create_file_with_runtime_dependencies(/home/robert_kaiyuan/week2practice/install/subtf_print/share/colcon-core/packages/subtf_print)
[0.795s] Level 1:colcon.colcon_core.environment:create_environment_scripts_only(subtf_print)
[0.796s] Level 1:colcon.colcon_core.environment:checking '/home/robert_kaiyuan/week2practice/install/subtf_print' for CMake module files
[0.796s] Level 1:colcon.colcon_core.environment:checking '/home/robert_kaiyuan/week2practice/install/subtf_print' for CMake config files
[0.796s] Level 1:colcon.colcon_core.shell:create_environment_hook('subtf_print', 'cmake_prefix_path')
[0.796s] INFO:colcon.colcon_core.shell:Creating environment hook '/home/robert_kaiyuan/week2practice/install/subtf_print/share/subtf_print/hook/cmake_prefix_path.ps1'
[0.797s] INFO:colcon.colcon_core.shell:Creating environment descriptor '/home/robert_kaiyuan/week2practice/install/subtf_print/share/subtf_print/hook/cmake_prefix_path.dsv'
[0.797s] INFO:colcon.colcon_core.shell:Creating environment hook '/home/robert_kaiyuan/week2practice/install/subtf_print/share/subtf_print/hook/cmake_prefix_path.sh'
[0.798s] Level 1:colcon.colcon_core.environment:checking '/home/robert_kaiyuan/week2practice/install/subtf_print/lib'
[0.798s] Level 1:colcon.colcon_core.environment:checking '/home/robert_kaiyuan/week2practice/install/subtf_print/bin'
[0.798s] Level 1:colcon.colcon_core.environment:checking '/home/robert_kaiyuan/week2practice/install/subtf_print/lib/pkgconfig/subtf_print.pc'
[0.798s] Level 1:colcon.colcon_core.environment:checking '/home/robert_kaiyuan/week2practice/install/subtf_print/lib/python3.10/site-packages'
[0.798s] Level 1:colcon.colcon_core.environment:checking '/home/robert_kaiyuan/week2practice/install/subtf_print/bin'
[0.799s] INFO:colcon.colcon_core.shell:Creating package script '/home/robert_kaiyuan/week2practice/install/subtf_print/share/subtf_print/package.ps1'
[0.799s] INFO:colcon.colcon_core.shell:Creating package descriptor '/home/robert_kaiyuan/week2practice/install/subtf_print/share/subtf_print/package.dsv'
[0.800s] INFO:colcon.colcon_core.shell:Creating package script '/home/robert_kaiyuan/week2practice/install/subtf_print/share/subtf_print/package.sh'
[0.800s] INFO:colcon.colcon_core.shell:Creating package script '/home/robert_kaiyuan/week2practice/install/subtf_print/share/subtf_print/package.bash'
[0.800s] INFO:colcon.colcon_core.shell:Creating package script '/home/robert_kaiyuan/week2practice/install/subtf_print/share/subtf_print/package.zsh'
[0.801s] Level 1:colcon.colcon_core.environment:create_file_with_runtime_dependencies(/home/robert_kaiyuan/week2practice/install/subtf_print/share/colcon-core/packages/subtf_print)
[0.988s] DEBUG:colcon.colcon_core.event_handler.log_command:Invoking command in '/home/robert_kaiyuan/week2practice/src/my_map': PYTHONPATH=/home/robert_kaiyuan/week2practice/build/my_map/prefix_override:/usr/lib/python3/dist-packages/colcon_core/task/python/colcon_distutils_commands:/home/robert_kaiyuan/week2practice/install/my_map/lib/python3.10/site-packages:${PYTHONPATH} /usr/bin/python3 -W ignore:setup.py install is deprecated -W ignore:easy_install command is deprecated setup.py egg_info --egg-base ../../build/my_map build --build-base /home/robert_kaiyuan/week2practice/build/my_map/build install --record /home/robert_kaiyuan/week2practice/build/my_map/install.log --single-version-externally-managed install_data
[1.172s] Level 1:colcon.colcon_core.environment:checking '/home/robert_kaiyuan/week2practice/install/my_map' for CMake module files
[1.173s] DEBUG:colcon.colcon_core.event_handler.log_command:Invoked command in '/home/robert_kaiyuan/week2practice/src/my_map' returned '0': PYTHONPATH=/home/robert_kaiyuan/week2practice/build/my_map/prefix_override:/usr/lib/python3/dist-packages/colcon_core/task/python/colcon_distutils_commands:/home/robert_kaiyuan/week2practice/install/my_map/lib/python3.10/site-packages:${PYTHONPATH} /usr/bin/python3 -W ignore:setup.py install is deprecated -W ignore:easy_install command is deprecated setup.py egg_info --egg-base ../../build/my_map build --build-base /home/robert_kaiyuan/week2practice/build/my_map/build install --record /home/robert_kaiyuan/week2practice/build/my_map/install.log --single-version-externally-managed install_data
[1.174s] Level 1:colcon.colcon_core.environment:checking '/home/robert_kaiyuan/week2practice/install/my_map' for CMake config files
[1.174s] Level 1:colcon.colcon_core.environment:checking '/home/robert_kaiyuan/week2practice/install/my_map/lib'
[1.174s] Level 1:colcon.colcon_core.environment:checking '/home/robert_kaiyuan/week2practice/install/my_map/bin'
[1.175s] Level 1:colcon.colcon_core.environment:checking '/home/robert_kaiyuan/week2practice/install/my_map/lib/pkgconfig/my_map.pc'
[1.175s] Level 1:colcon.colcon_core.environment:checking '/home/robert_kaiyuan/week2practice/install/my_map/lib/python3.10/site-packages'
[1.175s] Level 1:colcon.colcon_core.shell:create_environment_hook('my_map', 'pythonpath')
[1.175s] INFO:colcon.colcon_core.shell:Creating environment hook '/home/robert_kaiyuan/week2practice/install/my_map/share/my_map/hook/pythonpath.ps1'
[1.176s] INFO:colcon.colcon_core.shell:Creating environment descriptor '/home/robert_kaiyuan/week2practice/install/my_map/share/my_map/hook/pythonpath.dsv'
[1.176s] INFO:colcon.colcon_core.shell:Creating environment hook '/home/robert_kaiyuan/week2practice/install/my_map/share/my_map/hook/pythonpath.sh'
[1.176s] Level 1:colcon.colcon_core.environment:checking '/home/robert_kaiyuan/week2practice/install/my_map/bin'
[1.177s] Level 1:colcon.colcon_core.environment:create_environment_scripts_only(my_map)
[1.177s] INFO:colcon.colcon_core.shell:Creating package script '/home/robert_kaiyuan/week2practice/install/my_map/share/my_map/package.ps1'
[1.177s] INFO:colcon.colcon_core.shell:Creating package descriptor '/home/robert_kaiyuan/week2practice/install/my_map/share/my_map/package.dsv'
[1.178s] INFO:colcon.colcon_core.shell:Creating package script '/home/robert_kaiyuan/week2practice/install/my_map/share/my_map/package.sh'
[1.178s] INFO:colcon.colcon_core.shell:Creating package script '/home/robert_kaiyuan/week2practice/install/my_map/share/my_map/package.bash'
[1.178s] INFO:colcon.colcon_core.shell:Creating package script '/home/robert_kaiyuan/week2practice/install/my_map/share/my_map/package.zsh'
[1.179s] Level 1:colcon.colcon_core.environment:create_file_with_runtime_dependencies(/home/robert_kaiyuan/week2practice/install/my_map/share/colcon-core/packages/my_map)
[1.179s] DEBUG:colcon.colcon_parallel_executor.executor.parallel:closing loop
[1.180s] DEBUG:colcon.colcon_parallel_executor.executor.parallel:loop closed
[1.180s] DEBUG:colcon.colcon_parallel_executor.executor.parallel:run_until_complete finished with '0'
[1.181s] DEBUG:colcon.colcon_core.event_reactor:joining thread
[1.267s] INFO:colcon.colcon_core.plugin_system:Skipping extension 'colcon_notification.desktop_notification.notify_send': Could not find 'notify-send'
[1.267s] INFO:colcon.colcon_core.plugin_system:Skipping extension 'colcon_notification.desktop_notification.terminal_notifier': Not used on non-Darwin systems
[1.267s] INFO:colcon.colcon_core.plugin_system:Skipping extension 'colcon_notification.desktop_notification.win32': Not used on non-Windows systems
[1.267s] INFO:colcon.colcon_notification.desktop_notification:Sending desktop notification using 'notify2'
[1.268s] DEBUG:colcon.colcon_notification.desktop_notification.notify2:Failed to initialize notify2: org.freedesktop.DBus.Error.ServiceUnknown: The name org.freedesktop.Notifications was not provided by any .service files
[1.269s] DEBUG:colcon.colcon_core.event_reactor:joined thread
[1.269s] INFO:colcon.colcon_core.shell:Creating prefix script '/home/robert_kaiyuan/week2practice/install/local_setup.ps1'
[1.269s] INFO:colcon.colcon_core.shell:Creating prefix util module '/home/robert_kaiyuan/week2practice/install/_local_setup_util_ps1.py'
[1.270s] INFO:colcon.colcon_core.shell:Creating prefix chain script '/home/robert_kaiyuan/week2practice/install/setup.ps1'
[1.271s] INFO:colcon.colcon_core.shell:Creating prefix script '/home/robert_kaiyuan/week2practice/install/local_setup.sh'
[1.271s] INFO:colcon.colcon_core.shell:Creating prefix util module '/home/robert_kaiyuan/week2practice/install/_local_setup_util_sh.py'
[1.271s] INFO:colcon.colcon_core.shell:Creating prefix chain script '/home/robert_kaiyuan/week2practice/install/setup.sh'
[1.272s] INFO:colcon.colcon_core.shell:Creating prefix script '/home/robert_kaiyuan/week2practice/install/local_setup.bash'
[1.272s] INFO:colcon.colcon_core.shell:Creating prefix chain script '/home/robert_kaiyuan/week2practice/install/setup.bash'
[1.273s] INFO:colcon.colcon_core.shell:Creating prefix script '/home/robert_kaiyuan/week2practice/install/local_setup.zsh'
[1.273s] INFO:colcon.colcon_core.shell:Creating prefix chain script '/home/robert_kaiyuan/week2practice/install/setup.zsh'
