[0.042s] Invoking command in '/home/robert_kaiyuan/week2practice/build/local_costmap': CMAKE_PREFIX_PATH=/opt/ros/humble /usr/bin/cmake --build /home/robert_kaiyuan/week2practice/build/local_costmap -- -j16 -l16
[0.263s] [35m[1mConsolidate compiler generated dependencies of target local_costmap[0m
[0.264s] [ 50%] [32mBuilding CXX object CMakeFiles/local_costmap.dir/src/local_costmap.cpp.o[0m
[15.776s] [100%] [32m[1mLinking CXX executable local_costmap[0m
[17.509s] [100%] Built target local_costmap
[17.568s] Invoked command in '/home/robert_kaiyuan/week2practice/build/local_costmap' returned '0': CMAKE_PREFIX_PATH=/opt/ros/humble /usr/bin/cmake --build /home/robert_kaiyuan/week2practice/build/local_costmap -- -j16 -l16
[17.572s] Invoking command in '/home/robert_kaiyuan/week2practice/build/local_costmap': CMAKE_PREFIX_PATH=/opt/ros/humble /usr/bin/cmake --install /home/robert_kaiyuan/week2practice/build/local_costmap
[17.580s] -- Install configuration: ""
[17.580s] -- Up-to-date: /home/robert_kaiyuan/week2practice/install/local_costmap/share/ament_index/resource_index/package_run_dependencies/local_costmap
[17.580s] -- Up-to-date: /home/robert_kaiyuan/week2practice/install/local_costmap/share/ament_index/resource_index/parent_prefix_path/local_costmap
[17.580s] -- Up-to-date: /home/robert_kaiyuan/week2practice/install/local_costmap/share/local_costmap/environment/ament_prefix_path.sh
[17.580s] -- Up-to-date: /home/robert_kaiyuan/week2practice/install/local_costmap/share/local_costmap/environment/ament_prefix_path.dsv
[17.580s] -- Up-to-date: /home/robert_kaiyuan/week2practice/install/local_costmap/share/local_costmap/environment/path.sh
[17.580s] -- Up-to-date: /home/robert_kaiyuan/week2practice/install/local_costmap/share/local_costmap/environment/path.dsv
[17.580s] -- Up-to-date: /home/robert_kaiyuan/week2practice/install/local_costmap/share/local_costmap/local_setup.bash
[17.580s] -- Up-to-date: /home/robert_kaiyuan/week2practice/install/local_costmap/share/local_costmap/local_setup.sh
[17.580s] -- Up-to-date: /home/robert_kaiyuan/week2practice/install/local_costmap/share/local_costmap/local_setup.zsh
[17.580s] -- Up-to-date: /home/robert_kaiyuan/week2practice/install/local_costmap/share/local_costmap/local_setup.dsv
[17.580s] -- Installing: /home/robert_kaiyuan/week2practice/install/local_costmap/share/local_costmap/package.dsv
[17.581s] -- Up-to-date: /home/robert_kaiyuan/week2practice/install/local_costmap/share/ament_index/resource_index/packages/local_costmap
[17.581s] -- Up-to-date: /home/robert_kaiyuan/week2practice/install/local_costmap/share/local_costmap/cmake/local_costmapConfig.cmake
[17.581s] -- Up-to-date: /home/robert_kaiyuan/week2practice/install/local_costmap/share/local_costmap/cmake/local_costmapConfig-version.cmake
[17.581s] -- Up-to-date: /home/robert_kaiyuan/week2practice/install/local_costmap/share/local_costmap/package.xml
[17.584s] Invoked command in '/home/robert_kaiyuan/week2practice/build/local_costmap' returned '0': CMAKE_PREFIX_PATH=/opt/ros/humble /usr/bin/cmake --install /home/robert_kaiyuan/week2practice/build/local_costmap
