[0.569s] DEBUG:colcon:Command line arguments: ['/usr/bin/colcon', 'build']
[0.569s] DEBUG:colcon:Parsed command line arguments: Namespace(log_base=None, log_level=None, verb_name='build', build_base='build', install_base='install', merge_install=False, symlink_install=False, test_result_base=None, continue_on_error=False, executor='parallel', parallel_workers=16, event_handlers=None, ignore_user_meta=False, metas=['./colcon.meta'], base_paths=['.'], packages_ignore=None, packages_ignore_regex=None, paths=None, packages_up_to=None, packages_up_to_regex=None, packages_above=None, packages_above_and_dependencies=None, packages_above_depth=None, packages_select_by_dep=None, packages_skip_by_dep=None, packages_skip_up_to=None, packages_select_build_failed=False, packages_skip_build_finished=False, packages_select_test_failures=False, packages_skip_test_passed=False, packages_select=None, packages_skip=None, packages_select_regex=None, packages_skip_regex=None, packages_start=None, packages_end=None, allow_overriding=[], cmake_args=None, cmake_target=None, cmake_target_skip_unavailable=False, cmake_clean_cache=False, cmake_clean_first=False, cmake_force_configure=False, ament_cmake_args=None, catkin_cmake_args=None, catkin_skip_building_tests=False, mixin_files=None, mixin=None, verb_parser=<colcon_mixin.mixin.mixin_argument.MixinArgumentDecorator object at 0x7f1cd3701210>, verb_extension=<colcon_core.verb.build.BuildVerb object at 0x7f1cd389e110>, main=<bound method BuildVerb.main of <colcon_core.verb.build.BuildVerb object at 0x7f1cd389e110>>, mixin_verb=('build',))
[1.100s] Level 1:colcon.colcon_core.package_discovery:discover_packages(colcon_meta) check parameters
[1.100s] Level 1:colcon.colcon_core.package_discovery:discover_packages(recursive) check parameters
[1.100s] Level 1:colcon.colcon_core.package_discovery:discover_packages(ignore) check parameters
[1.100s] Level 1:colcon.colcon_core.package_discovery:discover_packages(path) check parameters
[1.100s] Level 1:colcon.colcon_core.package_discovery:discover_packages(colcon_meta) discover
[1.100s] Level 1:colcon.colcon_core.package_discovery:discover_packages(recursive) discover
[1.100s] INFO:colcon.colcon_core.package_discovery:Crawling recursively for packages in '/home/robert_kaiyuan/week2practice'
[1.100s] Level 1:colcon.colcon_core.package_identification:_identify(.) by extensions ['ignore', 'ignore_ament_install']
[1.101s] Level 1:colcon.colcon_core.package_identification:_identify(.) by extension 'ignore'
[1.101s] Level 1:colcon.colcon_core.package_identification:_identify(.) by extension 'ignore_ament_install'
[1.101s] Level 1:colcon.colcon_core.package_identification:_identify(.) by extensions ['colcon_pkg']
[1.101s] Level 1:colcon.colcon_core.package_identification:_identify(.) by extension 'colcon_pkg'
[1.101s] Level 1:colcon.colcon_core.package_identification:_identify(.) by extensions ['colcon_meta']
[1.101s] Level 1:colcon.colcon_core.package_identification:_identify(.) by extension 'colcon_meta'
[1.101s] Level 1:colcon.colcon_core.package_identification:_identify(.) by extensions ['ros']
[1.101s] Level 1:colcon.colcon_core.package_identification:_identify(.) by extension 'ros'
[1.117s] Level 1:colcon.colcon_core.package_identification:_identify(.) by extensions ['cmake', 'python']
[1.117s] Level 1:colcon.colcon_core.package_identification:_identify(.) by extension 'cmake'
[1.117s] Level 1:colcon.colcon_core.package_identification:_identify(.) by extension 'python'
[1.117s] Level 1:colcon.colcon_core.package_identification:_identify(.) by extensions ['python_setup_py']
[1.117s] Level 1:colcon.colcon_core.package_identification:_identify(.) by extension 'python_setup_py'
[1.118s] Level 1:colcon.colcon_core.package_identification:_identify(build) by extensions ['ignore', 'ignore_ament_install']
[1.118s] Level 1:colcon.colcon_core.package_identification:_identify(build) by extension 'ignore'
[1.118s] Level 1:colcon.colcon_core.package_identification:_identify(build) ignored
[1.119s] Level 1:colcon.colcon_core.package_identification:_identify(install) by extensions ['ignore', 'ignore_ament_install']
[1.119s] Level 1:colcon.colcon_core.package_identification:_identify(install) by extension 'ignore'
[1.119s] Level 1:colcon.colcon_core.package_identification:_identify(install) ignored
[1.119s] Level 1:colcon.colcon_core.package_identification:_identify(log) by extensions ['ignore', 'ignore_ament_install']
[1.119s] Level 1:colcon.colcon_core.package_identification:_identify(log) by extension 'ignore'
[1.119s] Level 1:colcon.colcon_core.package_identification:_identify(log) ignored
[1.119s] Level 1:colcon.colcon_core.package_identification:_identify(src) by extensions ['ignore', 'ignore_ament_install']
[1.119s] Level 1:colcon.colcon_core.package_identification:_identify(src) by extension 'ignore'
[1.119s] Level 1:colcon.colcon_core.package_identification:_identify(src) by extension 'ignore_ament_install'
[1.119s] Level 1:colcon.colcon_core.package_identification:_identify(src) by extensions ['colcon_pkg']
[1.119s] Level 1:colcon.colcon_core.package_identification:_identify(src) by extension 'colcon_pkg'
[1.119s] Level 1:colcon.colcon_core.package_identification:_identify(src) by extensions ['colcon_meta']
[1.119s] Level 1:colcon.colcon_core.package_identification:_identify(src) by extension 'colcon_meta'
[1.119s] Level 1:colcon.colcon_core.package_identification:_identify(src) by extensions ['ros']
[1.119s] Level 1:colcon.colcon_core.package_identification:_identify(src) by extension 'ros'
[1.119s] Level 1:colcon.colcon_core.package_identification:_identify(src) by extensions ['cmake', 'python']
[1.119s] Level 1:colcon.colcon_core.package_identification:_identify(src) by extension 'cmake'
[1.120s] Level 1:colcon.colcon_core.package_identification:_identify(src) by extension 'python'
[1.120s] Level 1:colcon.colcon_core.package_identification:_identify(src) by extensions ['python_setup_py']
[1.120s] Level 1:colcon.colcon_core.package_identification:_identify(src) by extension 'python_setup_py'
[1.120s] Level 1:colcon.colcon_core.package_identification:_identify(src/bringup) by extensions ['ignore', 'ignore_ament_install']
[1.120s] Level 1:colcon.colcon_core.package_identification:_identify(src/bringup) by extension 'ignore'
[1.120s] Level 1:colcon.colcon_core.package_identification:_identify(src/bringup) by extension 'ignore_ament_install'
[1.120s] Level 1:colcon.colcon_core.package_identification:_identify(src/bringup) by extensions ['colcon_pkg']
[1.120s] Level 1:colcon.colcon_core.package_identification:_identify(src/bringup) by extension 'colcon_pkg'
[1.120s] Level 1:colcon.colcon_core.package_identification:_identify(src/bringup) by extensions ['colcon_meta']
[1.120s] Level 1:colcon.colcon_core.package_identification:_identify(src/bringup) by extension 'colcon_meta'
[1.120s] Level 1:colcon.colcon_core.package_identification:_identify(src/bringup) by extensions ['ros']
[1.120s] Level 1:colcon.colcon_core.package_identification:_identify(src/bringup) by extension 'ros'
[1.130s] DEBUG:colcon.colcon_core.package_identification:Package 'src/bringup' with type 'ros.ament_cmake' and name 'bringup'
[1.130s] Level 1:colcon.colcon_core.package_identification:_identify(src/local_costmap) by extensions ['ignore', 'ignore_ament_install']
[1.131s] Level 1:colcon.colcon_core.package_identification:_identify(src/local_costmap) by extension 'ignore'
[1.131s] Level 1:colcon.colcon_core.package_identification:_identify(src/local_costmap) by extension 'ignore_ament_install'
[1.131s] Level 1:colcon.colcon_core.package_identification:_identify(src/local_costmap) by extensions ['colcon_pkg']
[1.131s] Level 1:colcon.colcon_core.package_identification:_identify(src/local_costmap) by extension 'colcon_pkg'
[1.131s] Level 1:colcon.colcon_core.package_identification:_identify(src/local_costmap) by extensions ['colcon_meta']
[1.131s] Level 1:colcon.colcon_core.package_identification:_identify(src/local_costmap) by extension 'colcon_meta'
[1.131s] Level 1:colcon.colcon_core.package_identification:_identify(src/local_costmap) by extensions ['ros']
[1.131s] Level 1:colcon.colcon_core.package_identification:_identify(src/local_costmap) by extension 'ros'
[1.132s] DEBUG:colcon.colcon_core.package_identification:Package 'src/local_costmap' with type 'ros.ament_cmake' and name 'local_costmap'
[1.133s] Level 1:colcon.colcon_core.package_identification:_identify(src/my_map) by extensions ['ignore', 'ignore_ament_install']
[1.133s] Level 1:colcon.colcon_core.package_identification:_identify(src/my_map) by extension 'ignore'
[1.133s] Level 1:colcon.colcon_core.package_identification:_identify(src/my_map) by extension 'ignore_ament_install'
[1.133s] Level 1:colcon.colcon_core.package_identification:_identify(src/my_map) by extensions ['colcon_pkg']
[1.133s] Level 1:colcon.colcon_core.package_identification:_identify(src/my_map) by extension 'colcon_pkg'
[1.133s] Level 1:colcon.colcon_core.package_identification:_identify(src/my_map) by extensions ['colcon_meta']
[1.133s] Level 1:colcon.colcon_core.package_identification:_identify(src/my_map) by extension 'colcon_meta'
[1.133s] Level 1:colcon.colcon_core.package_identification:_identify(src/my_map) by extensions ['ros']
[1.133s] Level 1:colcon.colcon_core.package_identification:_identify(src/my_map) by extension 'ros'
[1.134s] DEBUG:colcon.colcon_core.package_identification:Package 'src/my_map' with type 'ros.ament_python' and name 'my_map'
[1.134s] Level 1:colcon.colcon_core.package_identification:_identify(src/subp3d_pubtf) by extensions ['ignore', 'ignore_ament_install']
[1.134s] Level 1:colcon.colcon_core.package_identification:_identify(src/subp3d_pubtf) by extension 'ignore'
[1.134s] Level 1:colcon.colcon_core.package_identification:_identify(src/subp3d_pubtf) by extension 'ignore_ament_install'
[1.134s] Level 1:colcon.colcon_core.package_identification:_identify(src/subp3d_pubtf) by extensions ['colcon_pkg']
[1.134s] Level 1:colcon.colcon_core.package_identification:_identify(src/subp3d_pubtf) by extension 'colcon_pkg'
[1.134s] Level 1:colcon.colcon_core.package_identification:_identify(src/subp3d_pubtf) by extensions ['colcon_meta']
[1.134s] Level 1:colcon.colcon_core.package_identification:_identify(src/subp3d_pubtf) by extension 'colcon_meta'
[1.134s] Level 1:colcon.colcon_core.package_identification:_identify(src/subp3d_pubtf) by extensions ['ros']
[1.134s] Level 1:colcon.colcon_core.package_identification:_identify(src/subp3d_pubtf) by extension 'ros'
[1.135s] DEBUG:colcon.colcon_core.package_identification:Package 'src/subp3d_pubtf' with type 'ros.ament_cmake' and name 'subp3d_pubtf'
[1.136s] Level 1:colcon.colcon_core.package_identification:_identify(src/subtf_print) by extensions ['ignore', 'ignore_ament_install']
[1.136s] Level 1:colcon.colcon_core.package_identification:_identify(src/subtf_print) by extension 'ignore'
[1.136s] Level 1:colcon.colcon_core.package_identification:_identify(src/subtf_print) by extension 'ignore_ament_install'
[1.136s] Level 1:colcon.colcon_core.package_identification:_identify(src/subtf_print) by extensions ['colcon_pkg']
[1.136s] Level 1:colcon.colcon_core.package_identification:_identify(src/subtf_print) by extension 'colcon_pkg'
[1.136s] Level 1:colcon.colcon_core.package_identification:_identify(src/subtf_print) by extensions ['colcon_meta']
[1.136s] Level 1:colcon.colcon_core.package_identification:_identify(src/subtf_print) by extension 'colcon_meta'
[1.136s] Level 1:colcon.colcon_core.package_identification:_identify(src/subtf_print) by extensions ['ros']
[1.136s] Level 1:colcon.colcon_core.package_identification:_identify(src/subtf_print) by extension 'ros'
[1.138s] DEBUG:colcon.colcon_core.package_identification:Package 'src/subtf_print' with type 'ros.ament_cmake' and name 'subtf_print'
[1.138s] Level 1:colcon.colcon_core.package_discovery:discover_packages(recursive) using defaults
[1.138s] Level 1:colcon.colcon_core.package_discovery:discover_packages(ignore) discover
[1.138s] Level 1:colcon.colcon_core.package_discovery:discover_packages(ignore) using defaults
[1.138s] Level 1:colcon.colcon_core.package_discovery:discover_packages(path) discover
[1.138s] Level 1:colcon.colcon_core.package_discovery:discover_packages(path) using defaults
[1.270s] Level 1:colcon.colcon_core.package_discovery:discover_packages(prefix_path) check parameters
[1.270s] Level 1:colcon.colcon_core.package_discovery:discover_packages(prefix_path) discover
[1.275s] DEBUG:colcon.colcon_installed_package_information.package_discovery:Found 387 installed packages in /opt/ros/humble
[1.277s] Level 1:colcon.colcon_core.package_discovery:discover_packages(prefix_path) using defaults
[1.323s] Level 5:colcon.colcon_core.verb:set package 'bringup' build argument 'cmake_args' from command line to 'None'
[1.323s] Level 5:colcon.colcon_core.verb:set package 'bringup' build argument 'cmake_target' from command line to 'None'
[1.323s] Level 5:colcon.colcon_core.verb:set package 'bringup' build argument 'cmake_target_skip_unavailable' from command line to 'False'
[1.323s] Level 5:colcon.colcon_core.verb:set package 'bringup' build argument 'cmake_clean_cache' from command line to 'False'
[1.323s] Level 5:colcon.colcon_core.verb:set package 'bringup' build argument 'cmake_clean_first' from command line to 'False'
[1.323s] Level 5:colcon.colcon_core.verb:set package 'bringup' build argument 'cmake_force_configure' from command line to 'False'
[1.323s] Level 5:colcon.colcon_core.verb:set package 'bringup' build argument 'ament_cmake_args' from command line to 'None'
[1.324s] Level 5:colcon.colcon_core.verb:set package 'bringup' build argument 'catkin_cmake_args' from command line to 'None'
[1.324s] Level 5:colcon.colcon_core.verb:set package 'bringup' build argument 'catkin_skip_building_tests' from command line to 'False'
[1.324s] DEBUG:colcon.colcon_core.verb:Building package 'bringup' with the following arguments: {'ament_cmake_args': None, 'build_base': '/home/robert_kaiyuan/week2practice/build/bringup', 'catkin_cmake_args': None, 'catkin_skip_building_tests': False, 'cmake_args': None, 'cmake_clean_cache': False, 'cmake_clean_first': False, 'cmake_force_configure': False, 'cmake_target': None, 'cmake_target_skip_unavailable': False, 'install_base': '/home/robert_kaiyuan/week2practice/install/bringup', 'merge_install': False, 'path': '/home/robert_kaiyuan/week2practice/src/bringup', 'symlink_install': False, 'test_result_base': None}
[1.325s] Level 5:colcon.colcon_core.verb:set package 'local_costmap' build argument 'cmake_args' from command line to 'None'
[1.325s] Level 5:colcon.colcon_core.verb:set package 'local_costmap' build argument 'cmake_target' from command line to 'None'
[1.325s] Level 5:colcon.colcon_core.verb:set package 'local_costmap' build argument 'cmake_target_skip_unavailable' from command line to 'False'
[1.325s] Level 5:colcon.colcon_core.verb:set package 'local_costmap' build argument 'cmake_clean_cache' from command line to 'False'
[1.325s] Level 5:colcon.colcon_core.verb:set package 'local_costmap' build argument 'cmake_clean_first' from command line to 'False'
[1.325s] Level 5:colcon.colcon_core.verb:set package 'local_costmap' build argument 'cmake_force_configure' from command line to 'False'
[1.325s] Level 5:colcon.colcon_core.verb:set package 'local_costmap' build argument 'ament_cmake_args' from command line to 'None'
[1.325s] Level 5:colcon.colcon_core.verb:set package 'local_costmap' build argument 'catkin_cmake_args' from command line to 'None'
[1.325s] Level 5:colcon.colcon_core.verb:set package 'local_costmap' build argument 'catkin_skip_building_tests' from command line to 'False'
[1.325s] DEBUG:colcon.colcon_core.verb:Building package 'local_costmap' with the following arguments: {'ament_cmake_args': None, 'build_base': '/home/robert_kaiyuan/week2practice/build/local_costmap', 'catkin_cmake_args': None, 'catkin_skip_building_tests': False, 'cmake_args': None, 'cmake_clean_cache': False, 'cmake_clean_first': False, 'cmake_force_configure': False, 'cmake_target': None, 'cmake_target_skip_unavailable': False, 'install_base': '/home/robert_kaiyuan/week2practice/install/local_costmap', 'merge_install': False, 'path': '/home/robert_kaiyuan/week2practice/src/local_costmap', 'symlink_install': False, 'test_result_base': None}
[1.325s] Level 5:colcon.colcon_core.verb:set package 'my_map' build argument 'cmake_args' from command line to 'None'
[1.325s] Level 5:colcon.colcon_core.verb:set package 'my_map' build argument 'cmake_target' from command line to 'None'
[1.325s] Level 5:colcon.colcon_core.verb:set package 'my_map' build argument 'cmake_target_skip_unavailable' from command line to 'False'
[1.325s] Level 5:colcon.colcon_core.verb:set package 'my_map' build argument 'cmake_clean_cache' from command line to 'False'
[1.326s] Level 5:colcon.colcon_core.verb:set package 'my_map' build argument 'cmake_clean_first' from command line to 'False'
[1.326s] Level 5:colcon.colcon_core.verb:set package 'my_map' build argument 'cmake_force_configure' from command line to 'False'
[1.326s] Level 5:colcon.colcon_core.verb:set package 'my_map' build argument 'ament_cmake_args' from command line to 'None'
[1.326s] Level 5:colcon.colcon_core.verb:set package 'my_map' build argument 'catkin_cmake_args' from command line to 'None'
[1.326s] Level 5:colcon.colcon_core.verb:set package 'my_map' build argument 'catkin_skip_building_tests' from command line to 'False'
[1.326s] DEBUG:colcon.colcon_core.verb:Building package 'my_map' with the following arguments: {'ament_cmake_args': None, 'build_base': '/home/robert_kaiyuan/week2practice/build/my_map', 'catkin_cmake_args': None, 'catkin_skip_building_tests': False, 'cmake_args': None, 'cmake_clean_cache': False, 'cmake_clean_first': False, 'cmake_force_configure': False, 'cmake_target': None, 'cmake_target_skip_unavailable': False, 'install_base': '/home/robert_kaiyuan/week2practice/install/my_map', 'merge_install': False, 'path': '/home/robert_kaiyuan/week2practice/src/my_map', 'symlink_install': False, 'test_result_base': None}
[1.326s] Level 5:colcon.colcon_core.verb:set package 'subp3d_pubtf' build argument 'cmake_args' from command line to 'None'
[1.326s] Level 5:colcon.colcon_core.verb:set package 'subp3d_pubtf' build argument 'cmake_target' from command line to 'None'
[1.326s] Level 5:colcon.colcon_core.verb:set package 'subp3d_pubtf' build argument 'cmake_target_skip_unavailable' from command line to 'False'
[1.326s] Level 5:colcon.colcon_core.verb:set package 'subp3d_pubtf' build argument 'cmake_clean_cache' from command line to 'False'
[1.326s] Level 5:colcon.colcon_core.verb:set package 'subp3d_pubtf' build argument 'cmake_clean_first' from command line to 'False'
[1.326s] Level 5:colcon.colcon_core.verb:set package 'subp3d_pubtf' build argument 'cmake_force_configure' from command line to 'False'
[1.326s] Level 5:colcon.colcon_core.verb:set package 'subp3d_pubtf' build argument 'ament_cmake_args' from command line to 'None'
[1.326s] Level 5:colcon.colcon_core.verb:set package 'subp3d_pubtf' build argument 'catkin_cmake_args' from command line to 'None'
[1.326s] Level 5:colcon.colcon_core.verb:set package 'subp3d_pubtf' build argument 'catkin_skip_building_tests' from command line to 'False'
[1.326s] DEBUG:colcon.colcon_core.verb:Building package 'subp3d_pubtf' with the following arguments: {'ament_cmake_args': None, 'build_base': '/home/robert_kaiyuan/week2practice/build/subp3d_pubtf', 'catkin_cmake_args': None, 'catkin_skip_building_tests': False, 'cmake_args': None, 'cmake_clean_cache': False, 'cmake_clean_first': False, 'cmake_force_configure': False, 'cmake_target': None, 'cmake_target_skip_unavailable': False, 'install_base': '/home/robert_kaiyuan/week2practice/install/subp3d_pubtf', 'merge_install': False, 'path': '/home/robert_kaiyuan/week2practice/src/subp3d_pubtf', 'symlink_install': False, 'test_result_base': None}
[1.326s] Level 5:colcon.colcon_core.verb:set package 'subtf_print' build argument 'cmake_args' from command line to 'None'
[1.327s] Level 5:colcon.colcon_core.verb:set package 'subtf_print' build argument 'cmake_target' from command line to 'None'
[1.327s] Level 5:colcon.colcon_core.verb:set package 'subtf_print' build argument 'cmake_target_skip_unavailable' from command line to 'False'
[1.327s] Level 5:colcon.colcon_core.verb:set package 'subtf_print' build argument 'cmake_clean_cache' from command line to 'False'
[1.327s] Level 5:colcon.colcon_core.verb:set package 'subtf_print' build argument 'cmake_clean_first' from command line to 'False'
[1.327s] Level 5:colcon.colcon_core.verb:set package 'subtf_print' build argument 'cmake_force_configure' from command line to 'False'
[1.327s] Level 5:colcon.colcon_core.verb:set package 'subtf_print' build argument 'ament_cmake_args' from command line to 'None'
[1.327s] Level 5:colcon.colcon_core.verb:set package 'subtf_print' build argument 'catkin_cmake_args' from command line to 'None'
[1.327s] Level 5:colcon.colcon_core.verb:set package 'subtf_print' build argument 'catkin_skip_building_tests' from command line to 'False'
[1.327s] DEBUG:colcon.colcon_core.verb:Building package 'subtf_print' with the following arguments: {'ament_cmake_args': None, 'build_base': '/home/robert_kaiyuan/week2practice/build/subtf_print', 'catkin_cmake_args': None, 'catkin_skip_building_tests': False, 'cmake_args': None, 'cmake_clean_cache': False, 'cmake_clean_first': False, 'cmake_force_configure': False, 'cmake_target': None, 'cmake_target_skip_unavailable': False, 'install_base': '/home/robert_kaiyuan/week2practice/install/subtf_print', 'merge_install': False, 'path': '/home/robert_kaiyuan/week2practice/src/subtf_print', 'symlink_install': False, 'test_result_base': None}
[1.327s] INFO:colcon.colcon_core.executor:Executing jobs using 'parallel' executor
[1.328s] DEBUG:colcon.colcon_parallel_executor.executor.parallel:run_until_complete
[1.328s] INFO:colcon.colcon_ros.task.ament_cmake.build:Building ROS package in '/home/robert_kaiyuan/week2practice/src/bringup' with build type 'ament_cmake'
[1.329s] INFO:colcon.colcon_cmake.task.cmake.build:Building CMake package in '/home/robert_kaiyuan/week2practice/src/bringup'
[1.337s] INFO:colcon.colcon_core.plugin_system:Skipping extension 'colcon_core.shell.bat': Not used on non-Windows systems
[1.337s] INFO:colcon.colcon_core.shell:Skip shell extension 'powershell' for command environment: Not usable outside of PowerShell
[1.337s] DEBUG:colcon.colcon_core.shell:Skip shell extension 'dsv' for command environment
[1.342s] INFO:colcon.colcon_ros.task.ament_cmake.build:Building ROS package in '/home/robert_kaiyuan/week2practice/src/local_costmap' with build type 'ament_cmake'
[1.343s] INFO:colcon.colcon_cmake.task.cmake.build:Building CMake package in '/home/robert_kaiyuan/week2practice/src/local_costmap'
[1.343s] INFO:colcon.colcon_core.shell:Skip shell extension 'powershell' for command environment: Not usable outside of PowerShell
[1.343s] DEBUG:colcon.colcon_core.shell:Skip shell extension 'dsv' for command environment
[1.347s] INFO:colcon.colcon_ros.task.ament_python.build:Building ROS package in '/home/robert_kaiyuan/week2practice/src/my_map' with build type 'ament_python'
[1.347s] Level 1:colcon.colcon_core.shell:create_environment_hook('my_map', 'ament_prefix_path')
[1.348s] INFO:colcon.colcon_core.shell:Creating environment hook '/home/robert_kaiyuan/week2practice/install/my_map/share/my_map/hook/ament_prefix_path.ps1'
[1.349s] INFO:colcon.colcon_core.shell:Creating environment descriptor '/home/robert_kaiyuan/week2practice/install/my_map/share/my_map/hook/ament_prefix_path.dsv'
[1.350s] INFO:colcon.colcon_core.shell:Creating environment hook '/home/robert_kaiyuan/week2practice/install/my_map/share/my_map/hook/ament_prefix_path.sh'
[1.351s] INFO:colcon.colcon_core.shell:Skip shell extension 'powershell' for command environment: Not usable outside of PowerShell
[1.351s] DEBUG:colcon.colcon_core.shell:Skip shell extension 'dsv' for command environment
[1.354s] INFO:colcon.colcon_ros.task.ament_cmake.build:Building ROS package in '/home/robert_kaiyuan/week2practice/src/subp3d_pubtf' with build type 'ament_cmake'
[1.354s] INFO:colcon.colcon_cmake.task.cmake.build:Building CMake package in '/home/robert_kaiyuan/week2practice/src/subp3d_pubtf'
[1.355s] INFO:colcon.colcon_core.shell:Skip shell extension 'powershell' for command environment: Not usable outside of PowerShell
[1.355s] DEBUG:colcon.colcon_core.shell:Skip shell extension 'dsv' for command environment
[1.359s] INFO:colcon.colcon_ros.task.ament_cmake.build:Building ROS package in '/home/robert_kaiyuan/week2practice/src/subtf_print' with build type 'ament_cmake'
[1.359s] INFO:colcon.colcon_cmake.task.cmake.build:Building CMake package in '/home/robert_kaiyuan/week2practice/src/subtf_print'
[1.360s] INFO:colcon.colcon_core.shell:Skip shell extension 'powershell' for command environment: Not usable outside of PowerShell
[1.360s] DEBUG:colcon.colcon_core.shell:Skip shell extension 'dsv' for command environment
[1.370s] DEBUG:colcon.colcon_core.event_handler.log_command:Invoking command in '/home/robert_kaiyuan/week2practice/build/bringup': CMAKE_PREFIX_PATH=/opt/ros/humble /usr/bin/cmake --build /home/robert_kaiyuan/week2practice/build/bringup -- -j16 -l16
[1.379s] DEBUG:colcon.colcon_core.event_handler.log_command:Invoking command in '/home/robert_kaiyuan/week2practice/build/local_costmap': CMAKE_PREFIX_PATH=/opt/ros/humble /usr/bin/cmake --build /home/robert_kaiyuan/week2practice/build/local_costmap -- -j16 -l16
[1.569s] INFO:colcon.colcon_core.task.python.build:Building Python package in '/home/robert_kaiyuan/week2practice/src/my_map'
[1.570s] INFO:colcon.colcon_core.shell:Skip shell extension 'powershell' for command environment: Not usable outside of PowerShell
[1.570s] DEBUG:colcon.colcon_core.shell:Skip shell extension 'dsv' for command environment
[1.582s] DEBUG:colcon.colcon_core.event_handler.log_command:Invoking command in '/home/robert_kaiyuan/week2practice/build/subp3d_pubtf': CMAKE_PREFIX_PATH=/opt/ros/humble /usr/bin/cmake --build /home/robert_kaiyuan/week2practice/build/subp3d_pubtf -- -j16 -l16
[1.589s] DEBUG:colcon.colcon_core.event_handler.log_command:Invoking command in '/home/robert_kaiyuan/week2practice/build/subtf_print': CMAKE_PREFIX_PATH=/opt/ros/humble /usr/bin/cmake --build /home/robert_kaiyuan/week2practice/build/subtf_print -- -j16 -l16
[1.589s] DEBUG:colcon.colcon_core.event_handler.log_command:Invoked command in '/home/robert_kaiyuan/week2practice/build/bringup' returned '0': CMAKE_PREFIX_PATH=/opt/ros/humble /usr/bin/cmake --build /home/robert_kaiyuan/week2practice/build/bringup -- -j16 -l16
[1.600s] DEBUG:colcon.colcon_core.event_handler.log_command:Invoking command in '/home/robert_kaiyuan/week2practice/build/bringup': CMAKE_PREFIX_PATH=/opt/ros/humble /usr/bin/cmake --install /home/robert_kaiyuan/week2practice/build/bringup
[1.610s] Level 1:colcon.colcon_core.environment:create_environment_scripts_only(bringup)
[1.611s] DEBUG:colcon.colcon_core.event_handler.log_command:Invoked command in '/home/robert_kaiyuan/week2practice/build/bringup' returned '0': CMAKE_PREFIX_PATH=/opt/ros/humble /usr/bin/cmake --install /home/robert_kaiyuan/week2practice/build/bringup
[1.618s] Level 1:colcon.colcon_core.environment:checking '/home/robert_kaiyuan/week2practice/install/bringup' for CMake module files
[1.619s] Level 1:colcon.colcon_core.environment:checking '/home/robert_kaiyuan/week2practice/install/bringup' for CMake config files
[1.622s] Level 1:colcon.colcon_core.shell:create_environment_hook('bringup', 'cmake_prefix_path')
[1.623s] INFO:colcon.colcon_core.shell:Creating environment hook '/home/robert_kaiyuan/week2practice/install/bringup/share/bringup/hook/cmake_prefix_path.ps1'
[1.623s] INFO:colcon.colcon_core.shell:Creating environment descriptor '/home/robert_kaiyuan/week2practice/install/bringup/share/bringup/hook/cmake_prefix_path.dsv'
[1.624s] INFO:colcon.colcon_core.shell:Creating environment hook '/home/robert_kaiyuan/week2practice/install/bringup/share/bringup/hook/cmake_prefix_path.sh'
[1.624s] Level 1:colcon.colcon_core.environment:checking '/home/robert_kaiyuan/week2practice/install/bringup/bin'
[1.624s] Level 1:colcon.colcon_core.environment:checking '/home/robert_kaiyuan/week2practice/install/bringup/lib/pkgconfig/bringup.pc'
[1.624s] Level 1:colcon.colcon_core.environment:checking '/home/robert_kaiyuan/week2practice/install/bringup/lib/python3.10/site-packages'
[1.625s] Level 1:colcon.colcon_core.environment:checking '/home/robert_kaiyuan/week2practice/install/bringup/bin'
[1.625s] INFO:colcon.colcon_core.shell:Creating package script '/home/robert_kaiyuan/week2practice/install/bringup/share/bringup/package.ps1'
[1.626s] INFO:colcon.colcon_core.shell:Creating package descriptor '/home/robert_kaiyuan/week2practice/install/bringup/share/bringup/package.dsv'
[1.627s] INFO:colcon.colcon_core.shell:Creating package script '/home/robert_kaiyuan/week2practice/install/bringup/share/bringup/package.sh'
[1.628s] INFO:colcon.colcon_core.shell:Creating package script '/home/robert_kaiyuan/week2practice/install/bringup/share/bringup/package.bash'
[1.629s] INFO:colcon.colcon_core.shell:Creating package script '/home/robert_kaiyuan/week2practice/install/bringup/share/bringup/package.zsh'
[1.630s] Level 1:colcon.colcon_core.environment:create_file_with_runtime_dependencies(/home/robert_kaiyuan/week2practice/install/bringup/share/colcon-core/packages/bringup)
[1.630s] Level 1:colcon.colcon_core.environment:create_environment_scripts_only(bringup)
[1.631s] Level 1:colcon.colcon_core.environment:checking '/home/robert_kaiyuan/week2practice/install/bringup' for CMake module files
[1.631s] Level 1:colcon.colcon_core.environment:checking '/home/robert_kaiyuan/week2practice/install/bringup' for CMake config files
[1.631s] Level 1:colcon.colcon_core.shell:create_environment_hook('bringup', 'cmake_prefix_path')
[1.631s] INFO:colcon.colcon_core.shell:Creating environment hook '/home/robert_kaiyuan/week2practice/install/bringup/share/bringup/hook/cmake_prefix_path.ps1'
[1.632s] INFO:colcon.colcon_core.shell:Creating environment descriptor '/home/robert_kaiyuan/week2practice/install/bringup/share/bringup/hook/cmake_prefix_path.dsv'
[1.632s] INFO:colcon.colcon_core.shell:Creating environment hook '/home/robert_kaiyuan/week2practice/install/bringup/share/bringup/hook/cmake_prefix_path.sh'
[1.633s] Level 1:colcon.colcon_core.environment:checking '/home/robert_kaiyuan/week2practice/install/bringup/bin'
[1.633s] Level 1:colcon.colcon_core.environment:checking '/home/robert_kaiyuan/week2practice/install/bringup/lib/pkgconfig/bringup.pc'
[1.633s] Level 1:colcon.colcon_core.environment:checking '/home/robert_kaiyuan/week2practice/install/bringup/lib/python3.10/site-packages'
[1.633s] Level 1:colcon.colcon_core.environment:checking '/home/robert_kaiyuan/week2practice/install/bringup/bin'
[1.633s] INFO:colcon.colcon_core.shell:Creating package script '/home/robert_kaiyuan/week2practice/install/bringup/share/bringup/package.ps1'
[1.634s] INFO:colcon.colcon_core.shell:Creating package descriptor '/home/robert_kaiyuan/week2practice/install/bringup/share/bringup/package.dsv'
[1.635s] INFO:colcon.colcon_core.shell:Creating package script '/home/robert_kaiyuan/week2practice/install/bringup/share/bringup/package.sh'
[1.635s] INFO:colcon.colcon_core.shell:Creating package script '/home/robert_kaiyuan/week2practice/install/bringup/share/bringup/package.bash'
[1.635s] INFO:colcon.colcon_core.shell:Creating package script '/home/robert_kaiyuan/week2practice/install/bringup/share/bringup/package.zsh'
[1.636s] Level 1:colcon.colcon_core.environment:create_file_with_runtime_dependencies(/home/robert_kaiyuan/week2practice/install/bringup/share/colcon-core/packages/bringup)
[1.638s] DEBUG:colcon.colcon_core.event_handler.log_command:Invoked command in '/home/robert_kaiyuan/week2practice/build/subp3d_pubtf' returned '0': CMAKE_PREFIX_PATH=/opt/ros/humble /usr/bin/cmake --build /home/robert_kaiyuan/week2practice/build/subp3d_pubtf -- -j16 -l16
[1.642s] DEBUG:colcon.colcon_core.event_handler.log_command:Invoking command in '/home/robert_kaiyuan/week2practice/build/subp3d_pubtf': CMAKE_PREFIX_PATH=/opt/ros/humble /usr/bin/cmake --install /home/robert_kaiyuan/week2practice/build/subp3d_pubtf
[1.649s] DEBUG:colcon.colcon_core.event_handler.log_command:Invoked command in '/home/robert_kaiyuan/week2practice/build/subtf_print' returned '0': CMAKE_PREFIX_PATH=/opt/ros/humble /usr/bin/cmake --build /home/robert_kaiyuan/week2practice/build/subtf_print -- -j16 -l16
[1.654s] DEBUG:colcon.colcon_core.event_handler.log_command:Invoking command in '/home/robert_kaiyuan/week2practice/build/subtf_print': CMAKE_PREFIX_PATH=/opt/ros/humble /usr/bin/cmake --install /home/robert_kaiyuan/week2practice/build/subtf_print
[1.656s] Level 1:colcon.colcon_core.environment:create_environment_scripts_only(subp3d_pubtf)
[1.657s] Level 1:colcon.colcon_core.environment:checking '/home/robert_kaiyuan/week2practice/install/subp3d_pubtf' for CMake module files
[1.657s] DEBUG:colcon.colcon_core.event_handler.log_command:Invoked command in '/home/robert_kaiyuan/week2practice/build/subp3d_pubtf' returned '0': CMAKE_PREFIX_PATH=/opt/ros/humble /usr/bin/cmake --install /home/robert_kaiyuan/week2practice/build/subp3d_pubtf
[1.659s] Level 1:colcon.colcon_core.environment:checking '/home/robert_kaiyuan/week2practice/install/subp3d_pubtf' for CMake config files
[1.661s] Level 1:colcon.colcon_core.shell:create_environment_hook('subp3d_pubtf', 'cmake_prefix_path')
[1.662s] INFO:colcon.colcon_core.shell:Creating environment hook '/home/robert_kaiyuan/week2practice/install/subp3d_pubtf/share/subp3d_pubtf/hook/cmake_prefix_path.ps1'
[1.664s] INFO:colcon.colcon_core.shell:Creating environment descriptor '/home/robert_kaiyuan/week2practice/install/subp3d_pubtf/share/subp3d_pubtf/hook/cmake_prefix_path.dsv'
[1.666s] INFO:colcon.colcon_core.shell:Creating environment hook '/home/robert_kaiyuan/week2practice/install/subp3d_pubtf/share/subp3d_pubtf/hook/cmake_prefix_path.sh'
[1.668s] Level 1:colcon.colcon_core.environment:checking '/home/robert_kaiyuan/week2practice/install/subp3d_pubtf/lib'
[1.669s] Level 1:colcon.colcon_core.environment:checking '/home/robert_kaiyuan/week2practice/install/subp3d_pubtf/bin'
[1.669s] Level 1:colcon.colcon_core.environment:checking '/home/robert_kaiyuan/week2practice/install/subp3d_pubtf/lib/pkgconfig/subp3d_pubtf.pc'
[1.669s] Level 1:colcon.colcon_core.environment:checking '/home/robert_kaiyuan/week2practice/install/subp3d_pubtf/lib/python3.10/site-packages'
[1.669s] Level 1:colcon.colcon_core.environment:checking '/home/robert_kaiyuan/week2practice/install/subp3d_pubtf/bin'
[1.669s] INFO:colcon.colcon_core.shell:Creating package script '/home/robert_kaiyuan/week2practice/install/subp3d_pubtf/share/subp3d_pubtf/package.ps1'
[1.670s] INFO:colcon.colcon_core.shell:Creating package descriptor '/home/robert_kaiyuan/week2practice/install/subp3d_pubtf/share/subp3d_pubtf/package.dsv'
[1.670s] INFO:colcon.colcon_core.shell:Creating package script '/home/robert_kaiyuan/week2practice/install/subp3d_pubtf/share/subp3d_pubtf/package.sh'
[1.670s] INFO:colcon.colcon_core.shell:Creating package script '/home/robert_kaiyuan/week2practice/install/subp3d_pubtf/share/subp3d_pubtf/package.bash'
[1.671s] INFO:colcon.colcon_core.shell:Creating package script '/home/robert_kaiyuan/week2practice/install/subp3d_pubtf/share/subp3d_pubtf/package.zsh'
[1.671s] Level 1:colcon.colcon_core.environment:create_file_with_runtime_dependencies(/home/robert_kaiyuan/week2practice/install/subp3d_pubtf/share/colcon-core/packages/subp3d_pubtf)
[1.672s] Level 1:colcon.colcon_core.environment:create_environment_scripts_only(subp3d_pubtf)
[1.672s] Level 1:colcon.colcon_core.environment:checking '/home/robert_kaiyuan/week2practice/install/subp3d_pubtf' for CMake module files
[1.672s] Level 1:colcon.colcon_core.environment:checking '/home/robert_kaiyuan/week2practice/install/subp3d_pubtf' for CMake config files
[1.672s] Level 1:colcon.colcon_core.shell:create_environment_hook('subp3d_pubtf', 'cmake_prefix_path')
[1.672s] INFO:colcon.colcon_core.shell:Creating environment hook '/home/robert_kaiyuan/week2practice/install/subp3d_pubtf/share/subp3d_pubtf/hook/cmake_prefix_path.ps1'
[1.673s] INFO:colcon.colcon_core.shell:Creating environment descriptor '/home/robert_kaiyuan/week2practice/install/subp3d_pubtf/share/subp3d_pubtf/hook/cmake_prefix_path.dsv'
[1.673s] INFO:colcon.colcon_core.shell:Creating environment hook '/home/robert_kaiyuan/week2practice/install/subp3d_pubtf/share/subp3d_pubtf/hook/cmake_prefix_path.sh'
[1.674s] Level 1:colcon.colcon_core.environment:checking '/home/robert_kaiyuan/week2practice/install/subp3d_pubtf/lib'
[1.674s] Level 1:colcon.colcon_core.environment:checking '/home/robert_kaiyuan/week2practice/install/subp3d_pubtf/bin'
[1.674s] Level 1:colcon.colcon_core.environment:checking '/home/robert_kaiyuan/week2practice/install/subp3d_pubtf/lib/pkgconfig/subp3d_pubtf.pc'
[1.674s] Level 1:colcon.colcon_core.environment:checking '/home/robert_kaiyuan/week2practice/install/subp3d_pubtf/lib/python3.10/site-packages'
[1.674s] Level 1:colcon.colcon_core.environment:checking '/home/robert_kaiyuan/week2practice/install/subp3d_pubtf/bin'
[1.674s] INFO:colcon.colcon_core.shell:Creating package script '/home/robert_kaiyuan/week2practice/install/subp3d_pubtf/share/subp3d_pubtf/package.ps1'
[1.675s] INFO:colcon.colcon_core.shell:Creating package descriptor '/home/robert_kaiyuan/week2practice/install/subp3d_pubtf/share/subp3d_pubtf/package.dsv'
[1.675s] INFO:colcon.colcon_core.shell:Creating package script '/home/robert_kaiyuan/week2practice/install/subp3d_pubtf/share/subp3d_pubtf/package.sh'
[1.676s] INFO:colcon.colcon_core.shell:Creating package script '/home/robert_kaiyuan/week2practice/install/subp3d_pubtf/share/subp3d_pubtf/package.bash'
[1.676s] INFO:colcon.colcon_core.shell:Creating package script '/home/robert_kaiyuan/week2practice/install/subp3d_pubtf/share/subp3d_pubtf/package.zsh'
[1.676s] Level 1:colcon.colcon_core.environment:create_file_with_runtime_dependencies(/home/robert_kaiyuan/week2practice/install/subp3d_pubtf/share/colcon-core/packages/subp3d_pubtf)
[1.677s] Level 1:colcon.colcon_core.environment:create_environment_scripts_only(subtf_print)
[1.678s] Level 1:colcon.colcon_core.environment:checking '/home/robert_kaiyuan/week2practice/install/subtf_print' for CMake module files
[1.678s] DEBUG:colcon.colcon_core.event_handler.log_command:Invoked command in '/home/robert_kaiyuan/week2practice/build/subtf_print' returned '0': CMAKE_PREFIX_PATH=/opt/ros/humble /usr/bin/cmake --install /home/robert_kaiyuan/week2practice/build/subtf_print
[1.680s] Level 1:colcon.colcon_core.environment:checking '/home/robert_kaiyuan/week2practice/install/subtf_print' for CMake config files
[1.682s] Level 1:colcon.colcon_core.shell:create_environment_hook('subtf_print', 'cmake_prefix_path')
[1.682s] INFO:colcon.colcon_core.shell:Creating environment hook '/home/robert_kaiyuan/week2practice/install/subtf_print/share/subtf_print/hook/cmake_prefix_path.ps1'
[1.682s] INFO:colcon.colcon_core.shell:Creating environment descriptor '/home/robert_kaiyuan/week2practice/install/subtf_print/share/subtf_print/hook/cmake_prefix_path.dsv'
[1.683s] INFO:colcon.colcon_core.shell:Creating environment hook '/home/robert_kaiyuan/week2practice/install/subtf_print/share/subtf_print/hook/cmake_prefix_path.sh'
[1.683s] Level 1:colcon.colcon_core.environment:checking '/home/robert_kaiyuan/week2practice/install/subtf_print/lib'
[1.683s] Level 1:colcon.colcon_core.environment:checking '/home/robert_kaiyuan/week2practice/install/subtf_print/bin'
[1.684s] Level 1:colcon.colcon_core.environment:checking '/home/robert_kaiyuan/week2practice/install/subtf_print/lib/pkgconfig/subtf_print.pc'
[1.684s] Level 1:colcon.colcon_core.environment:checking '/home/robert_kaiyuan/week2practice/install/subtf_print/lib/python3.10/site-packages'
[1.684s] Level 1:colcon.colcon_core.environment:checking '/home/robert_kaiyuan/week2practice/install/subtf_print/bin'
[1.684s] INFO:colcon.colcon_core.shell:Creating package script '/home/robert_kaiyuan/week2practice/install/subtf_print/share/subtf_print/package.ps1'
[1.685s] INFO:colcon.colcon_core.shell:Creating package descriptor '/home/robert_kaiyuan/week2practice/install/subtf_print/share/subtf_print/package.dsv'
[1.685s] INFO:colcon.colcon_core.shell:Creating package script '/home/robert_kaiyuan/week2practice/install/subtf_print/share/subtf_print/package.sh'
[1.686s] INFO:colcon.colcon_core.shell:Creating package script '/home/robert_kaiyuan/week2practice/install/subtf_print/share/subtf_print/package.bash'
[1.686s] INFO:colcon.colcon_core.shell:Creating package script '/home/robert_kaiyuan/week2practice/install/subtf_print/share/subtf_print/package.zsh'
[1.686s] Level 1:colcon.colcon_core.environment:create_file_with_runtime_dependencies(/home/robert_kaiyuan/week2practice/install/subtf_print/share/colcon-core/packages/subtf_print)
[1.687s] Level 1:colcon.colcon_core.environment:create_environment_scripts_only(subtf_print)
[1.687s] Level 1:colcon.colcon_core.environment:checking '/home/robert_kaiyuan/week2practice/install/subtf_print' for CMake module files
[1.688s] Level 1:colcon.colcon_core.environment:checking '/home/robert_kaiyuan/week2practice/install/subtf_print' for CMake config files
[1.688s] Level 1:colcon.colcon_core.shell:create_environment_hook('subtf_print', 'cmake_prefix_path')
[1.688s] INFO:colcon.colcon_core.shell:Creating environment hook '/home/robert_kaiyuan/week2practice/install/subtf_print/share/subtf_print/hook/cmake_prefix_path.ps1'
[1.689s] INFO:colcon.colcon_core.shell:Creating environment descriptor '/home/robert_kaiyuan/week2practice/install/subtf_print/share/subtf_print/hook/cmake_prefix_path.dsv'
[1.689s] INFO:colcon.colcon_core.shell:Creating environment hook '/home/robert_kaiyuan/week2practice/install/subtf_print/share/subtf_print/hook/cmake_prefix_path.sh'
[1.690s] Level 1:colcon.colcon_core.environment:checking '/home/robert_kaiyuan/week2practice/install/subtf_print/lib'
[1.690s] Level 1:colcon.colcon_core.environment:checking '/home/robert_kaiyuan/week2practice/install/subtf_print/bin'
[1.690s] Level 1:colcon.colcon_core.environment:checking '/home/robert_kaiyuan/week2practice/install/subtf_print/lib/pkgconfig/subtf_print.pc'
[1.690s] Level 1:colcon.colcon_core.environment:checking '/home/robert_kaiyuan/week2practice/install/subtf_print/lib/python3.10/site-packages'
[1.690s] Level 1:colcon.colcon_core.environment:checking '/home/robert_kaiyuan/week2practice/install/subtf_print/bin'
[1.691s] INFO:colcon.colcon_core.shell:Creating package script '/home/robert_kaiyuan/week2practice/install/subtf_print/share/subtf_print/package.ps1'
[1.691s] INFO:colcon.colcon_core.shell:Creating package descriptor '/home/robert_kaiyuan/week2practice/install/subtf_print/share/subtf_print/package.dsv'
[1.692s] INFO:colcon.colcon_core.shell:Creating package script '/home/robert_kaiyuan/week2practice/install/subtf_print/share/subtf_print/package.sh'
[1.692s] INFO:colcon.colcon_core.shell:Creating package script '/home/robert_kaiyuan/week2practice/install/subtf_print/share/subtf_print/package.bash'
[1.692s] INFO:colcon.colcon_core.shell:Creating package script '/home/robert_kaiyuan/week2practice/install/subtf_print/share/subtf_print/package.zsh'
[1.693s] Level 1:colcon.colcon_core.environment:create_file_with_runtime_dependencies(/home/robert_kaiyuan/week2practice/install/subtf_print/share/colcon-core/packages/subtf_print)
[1.710s] DEBUG:colcon.colcon_core.event_handler.log_command:Invoked command in '/home/robert_kaiyuan/week2practice/build/local_costmap' returned '0': CMAKE_PREFIX_PATH=/opt/ros/humble /usr/bin/cmake --build /home/robert_kaiyuan/week2practice/build/local_costmap -- -j16 -l16
[1.713s] DEBUG:colcon.colcon_core.event_handler.log_command:Invoking command in '/home/robert_kaiyuan/week2practice/build/local_costmap': CMAKE_PREFIX_PATH=/opt/ros/humble /usr/bin/cmake --install /home/robert_kaiyuan/week2practice/build/local_costmap
[1.725s] Level 1:colcon.colcon_core.environment:create_environment_scripts_only(local_costmap)
[1.725s] Level 1:colcon.colcon_core.environment:checking '/home/robert_kaiyuan/week2practice/install/local_costmap' for CMake module files
[1.726s] DEBUG:colcon.colcon_core.event_handler.log_command:Invoked command in '/home/robert_kaiyuan/week2practice/build/local_costmap' returned '0': CMAKE_PREFIX_PATH=/opt/ros/humble /usr/bin/cmake --install /home/robert_kaiyuan/week2practice/build/local_costmap
[1.728s] Level 1:colcon.colcon_core.environment:checking '/home/robert_kaiyuan/week2practice/install/local_costmap' for CMake config files
[1.730s] Level 1:colcon.colcon_core.shell:create_environment_hook('local_costmap', 'cmake_prefix_path')
[1.731s] INFO:colcon.colcon_core.shell:Creating environment hook '/home/robert_kaiyuan/week2practice/install/local_costmap/share/local_costmap/hook/cmake_prefix_path.ps1'
[1.732s] INFO:colcon.colcon_core.shell:Creating environment descriptor '/home/robert_kaiyuan/week2practice/install/local_costmap/share/local_costmap/hook/cmake_prefix_path.dsv'
[1.732s] INFO:colcon.colcon_core.shell:Creating environment hook '/home/robert_kaiyuan/week2practice/install/local_costmap/share/local_costmap/hook/cmake_prefix_path.sh'
[1.732s] Level 1:colcon.colcon_core.environment:checking '/home/robert_kaiyuan/week2practice/install/local_costmap/lib'
[1.732s] Level 1:colcon.colcon_core.environment:checking '/home/robert_kaiyuan/week2practice/install/local_costmap/bin'
[1.733s] Level 1:colcon.colcon_core.environment:checking '/home/robert_kaiyuan/week2practice/install/local_costmap/lib/pkgconfig/local_costmap.pc'
[1.733s] Level 1:colcon.colcon_core.environment:checking '/home/robert_kaiyuan/week2practice/install/local_costmap/lib/python3.10/site-packages'
[1.733s] Level 1:colcon.colcon_core.environment:checking '/home/robert_kaiyuan/week2practice/install/local_costmap/bin'
[1.733s] INFO:colcon.colcon_core.shell:Creating package script '/home/robert_kaiyuan/week2practice/install/local_costmap/share/local_costmap/package.ps1'
[1.733s] INFO:colcon.colcon_core.shell:Creating package descriptor '/home/robert_kaiyuan/week2practice/install/local_costmap/share/local_costmap/package.dsv'
[1.734s] INFO:colcon.colcon_core.shell:Creating package script '/home/robert_kaiyuan/week2practice/install/local_costmap/share/local_costmap/package.sh'
[1.734s] INFO:colcon.colcon_core.shell:Creating package script '/home/robert_kaiyuan/week2practice/install/local_costmap/share/local_costmap/package.bash'
[1.734s] INFO:colcon.colcon_core.shell:Creating package script '/home/robert_kaiyuan/week2practice/install/local_costmap/share/local_costmap/package.zsh'
[1.735s] Level 1:colcon.colcon_core.environment:create_file_with_runtime_dependencies(/home/robert_kaiyuan/week2practice/install/local_costmap/share/colcon-core/packages/local_costmap)
[1.735s] Level 1:colcon.colcon_core.environment:create_environment_scripts_only(local_costmap)
[1.735s] Level 1:colcon.colcon_core.environment:checking '/home/robert_kaiyuan/week2practice/install/local_costmap' for CMake module files
[1.736s] Level 1:colcon.colcon_core.environment:checking '/home/robert_kaiyuan/week2practice/install/local_costmap' for CMake config files
[1.736s] Level 1:colcon.colcon_core.shell:create_environment_hook('local_costmap', 'cmake_prefix_path')
[1.736s] INFO:colcon.colcon_core.shell:Creating environment hook '/home/robert_kaiyuan/week2practice/install/local_costmap/share/local_costmap/hook/cmake_prefix_path.ps1'
[1.736s] INFO:colcon.colcon_core.shell:Creating environment descriptor '/home/robert_kaiyuan/week2practice/install/local_costmap/share/local_costmap/hook/cmake_prefix_path.dsv'
[1.737s] INFO:colcon.colcon_core.shell:Creating environment hook '/home/robert_kaiyuan/week2practice/install/local_costmap/share/local_costmap/hook/cmake_prefix_path.sh'
[1.737s] Level 1:colcon.colcon_core.environment:checking '/home/robert_kaiyuan/week2practice/install/local_costmap/lib'
[1.737s] Level 1:colcon.colcon_core.environment:checking '/home/robert_kaiyuan/week2practice/install/local_costmap/bin'
[1.738s] Level 1:colcon.colcon_core.environment:checking '/home/robert_kaiyuan/week2practice/install/local_costmap/lib/pkgconfig/local_costmap.pc'
[1.738s] Level 1:colcon.colcon_core.environment:checking '/home/robert_kaiyuan/week2practice/install/local_costmap/lib/python3.10/site-packages'
[1.738s] Level 1:colcon.colcon_core.environment:checking '/home/robert_kaiyuan/week2practice/install/local_costmap/bin'
[1.738s] INFO:colcon.colcon_core.shell:Creating package script '/home/robert_kaiyuan/week2practice/install/local_costmap/share/local_costmap/package.ps1'
[1.739s] INFO:colcon.colcon_core.shell:Creating package descriptor '/home/robert_kaiyuan/week2practice/install/local_costmap/share/local_costmap/package.dsv'
[1.739s] INFO:colcon.colcon_core.shell:Creating package script '/home/robert_kaiyuan/week2practice/install/local_costmap/share/local_costmap/package.sh'
[1.740s] INFO:colcon.colcon_core.shell:Creating package script '/home/robert_kaiyuan/week2practice/install/local_costmap/share/local_costmap/package.bash'
[1.740s] INFO:colcon.colcon_core.shell:Creating package script '/home/robert_kaiyuan/week2practice/install/local_costmap/share/local_costmap/package.zsh'
[1.741s] Level 1:colcon.colcon_core.environment:create_file_with_runtime_dependencies(/home/robert_kaiyuan/week2practice/install/local_costmap/share/colcon-core/packages/local_costmap)
[2.218s] DEBUG:colcon.colcon_core.event_handler.log_command:Invoking command in '/home/robert_kaiyuan/week2practice/src/my_map': PYTHONPATH=/home/robert_kaiyuan/week2practice/build/my_map/prefix_override:/usr/lib/python3/dist-packages/colcon_core/task/python/colcon_distutils_commands:/home/robert_kaiyuan/week2practice/install/my_map/lib/python3.10/site-packages:${PYTHONPATH} /usr/bin/python3 -W ignore:setup.py install is deprecated -W ignore:easy_install command is deprecated setup.py egg_info --egg-base ../../build/my_map build --build-base /home/robert_kaiyuan/week2practice/build/my_map/build install --record /home/robert_kaiyuan/week2practice/build/my_map/install.log --single-version-externally-managed install_data
[2.463s] Level 1:colcon.colcon_core.environment:checking '/home/robert_kaiyuan/week2practice/install/my_map' for CMake module files
[2.463s] DEBUG:colcon.colcon_core.event_handler.log_command:Invoked command in '/home/robert_kaiyuan/week2practice/src/my_map' returned '0': PYTHONPATH=/home/robert_kaiyuan/week2practice/build/my_map/prefix_override:/usr/lib/python3/dist-packages/colcon_core/task/python/colcon_distutils_commands:/home/robert_kaiyuan/week2practice/install/my_map/lib/python3.10/site-packages:${PYTHONPATH} /usr/bin/python3 -W ignore:setup.py install is deprecated -W ignore:easy_install command is deprecated setup.py egg_info --egg-base ../../build/my_map build --build-base /home/robert_kaiyuan/week2practice/build/my_map/build install --record /home/robert_kaiyuan/week2practice/build/my_map/install.log --single-version-externally-managed install_data
[2.465s] Level 1:colcon.colcon_core.environment:checking '/home/robert_kaiyuan/week2practice/install/my_map' for CMake config files
[2.467s] Level 1:colcon.colcon_core.environment:checking '/home/robert_kaiyuan/week2practice/install/my_map/lib'
[2.467s] Level 1:colcon.colcon_core.environment:checking '/home/robert_kaiyuan/week2practice/install/my_map/bin'
[2.467s] Level 1:colcon.colcon_core.environment:checking '/home/robert_kaiyuan/week2practice/install/my_map/lib/pkgconfig/my_map.pc'
[2.468s] Level 1:colcon.colcon_core.environment:checking '/home/robert_kaiyuan/week2practice/install/my_map/lib/python3.10/site-packages'
[2.468s] Level 1:colcon.colcon_core.shell:create_environment_hook('my_map', 'pythonpath')
[2.468s] INFO:colcon.colcon_core.shell:Creating environment hook '/home/robert_kaiyuan/week2practice/install/my_map/share/my_map/hook/pythonpath.ps1'
[2.468s] INFO:colcon.colcon_core.shell:Creating environment descriptor '/home/robert_kaiyuan/week2practice/install/my_map/share/my_map/hook/pythonpath.dsv'
[2.468s] INFO:colcon.colcon_core.shell:Creating environment hook '/home/robert_kaiyuan/week2practice/install/my_map/share/my_map/hook/pythonpath.sh'
[2.469s] Level 1:colcon.colcon_core.environment:checking '/home/robert_kaiyuan/week2practice/install/my_map/bin'
[2.469s] Level 1:colcon.colcon_core.environment:create_environment_scripts_only(my_map)
[2.469s] INFO:colcon.colcon_core.shell:Creating package script '/home/robert_kaiyuan/week2practice/install/my_map/share/my_map/package.ps1'
[2.469s] INFO:colcon.colcon_core.shell:Creating package descriptor '/home/robert_kaiyuan/week2practice/install/my_map/share/my_map/package.dsv'
[2.470s] INFO:colcon.colcon_core.shell:Creating package script '/home/robert_kaiyuan/week2practice/install/my_map/share/my_map/package.sh'
[2.470s] INFO:colcon.colcon_core.shell:Creating package script '/home/robert_kaiyuan/week2practice/install/my_map/share/my_map/package.bash'
[2.470s] INFO:colcon.colcon_core.shell:Creating package script '/home/robert_kaiyuan/week2practice/install/my_map/share/my_map/package.zsh'
[2.471s] Level 1:colcon.colcon_core.environment:create_file_with_runtime_dependencies(/home/robert_kaiyuan/week2practice/install/my_map/share/colcon-core/packages/my_map)
[2.471s] DEBUG:colcon.colcon_parallel_executor.executor.parallel:closing loop
[2.472s] DEBUG:colcon.colcon_parallel_executor.executor.parallel:loop closed
[2.472s] DEBUG:colcon.colcon_parallel_executor.executor.parallel:run_until_complete finished with '0'
[2.472s] DEBUG:colcon.colcon_core.event_reactor:joining thread
[2.623s] INFO:colcon.colcon_core.plugin_system:Skipping extension 'colcon_notification.desktop_notification.notify_send': Could not find 'notify-send'
[2.623s] INFO:colcon.colcon_core.plugin_system:Skipping extension 'colcon_notification.desktop_notification.terminal_notifier': Not used on non-Darwin systems
[2.623s] INFO:colcon.colcon_core.plugin_system:Skipping extension 'colcon_notification.desktop_notification.win32': Not used on non-Windows systems
[2.623s] INFO:colcon.colcon_notification.desktop_notification:Sending desktop notification using 'notify2'
[2.625s] DEBUG:colcon.colcon_notification.desktop_notification.notify2:Failed to initialize notify2: org.freedesktop.DBus.Error.ServiceUnknown: The name org.freedesktop.Notifications was not provided by any .service files
[2.625s] DEBUG:colcon.colcon_core.event_reactor:joined thread
[2.626s] INFO:colcon.colcon_core.shell:Creating prefix script '/home/robert_kaiyuan/week2practice/install/local_setup.ps1'
[2.627s] INFO:colcon.colcon_core.shell:Creating prefix util module '/home/robert_kaiyuan/week2practice/install/_local_setup_util_ps1.py'
[2.629s] INFO:colcon.colcon_core.shell:Creating prefix chain script '/home/robert_kaiyuan/week2practice/install/setup.ps1'
[2.630s] INFO:colcon.colcon_core.shell:Creating prefix script '/home/robert_kaiyuan/week2practice/install/local_setup.sh'
[2.631s] INFO:colcon.colcon_core.shell:Creating prefix util module '/home/robert_kaiyuan/week2practice/install/_local_setup_util_sh.py'
[2.631s] INFO:colcon.colcon_core.shell:Creating prefix chain script '/home/robert_kaiyuan/week2practice/install/setup.sh'
[2.632s] INFO:colcon.colcon_core.shell:Creating prefix script '/home/robert_kaiyuan/week2practice/install/local_setup.bash'
[2.633s] INFO:colcon.colcon_core.shell:Creating prefix chain script '/home/robert_kaiyuan/week2practice/install/setup.bash'
[2.634s] INFO:colcon.colcon_core.shell:Creating prefix script '/home/robert_kaiyuan/week2practice/install/local_setup.zsh'
[2.634s] INFO:colcon.colcon_core.shell:Creating prefix chain script '/home/robert_kaiyuan/week2practice/install/setup.zsh'
